[2014-11-25 11:48:16] Uploading application on server [54.229.13.249]
[2014-11-25 11:48:16] Computing changes...
[2014-11-25 11:48:21] Found 25 file(s) changed
[2014-11-25 11:48:21] --------------------------------------------
[2014-11-25 11:48:21] UPDATE                  /WEB-INF/descr/cru1.descr
[2014-11-25 11:48:21] UPDATE                  /WEB-INF/classes/com/webratio/webapp/Comentario.class
[2014-11-25 11:48:21] UPDATE                  /page1_ajax.jsp
[2014-11-25 11:48:21] REMOTE_UPDATE           /WEB-INF/descr/page1.descr
[2014-11-25 11:48:21] UPDATE                  /WEB-INF/descr/seu5.descr
[2014-11-25 11:48:21] UPDATE                  /WEB-INF/descr/dau1g.descr
[2014-11-25 11:48:21] UPDATE                  /WEB-INF/descr/cru9.descr
[2014-11-25 11:48:21] UPDATE                  /WEB-INF/descr/mdu6.descr
[2014-11-25 11:48:21] UPDATE                  /WEB-INF/classes/com/webratio/webapp/Usuario.class
[2014-11-25 11:48:21] UPDATE                  /WEB-INF/descr/gtu1g.descr
[2014-11-25 11:48:21] UPDATE                  /WEB-INF/descr/pwu4.descr
[2014-11-25 11:48:21] UPDATE                  /WEB-INF/descr/_model.descr
[2014-11-25 11:48:21] UPDATE                  /WEB-INF/descr/seu8.descr
[2014-11-25 11:48:21] UPDATE                  /WEB-INF/descr/enu5.descr
[2014-11-25 11:48:21] UPDATE                  /page1.jsp
[2014-11-25 11:48:21] UPDATE                  /WEB-INF/descr/tmu4.descr
[2014-11-25 11:48:21] UPDATE                  /WEB-INF/descr/pwu1.descr
[2014-11-25 11:48:21] UPDATE                  /page16_miu11.jsp
[2014-11-25 11:48:21] UPDATE                  /WEB-INF/descr/cru10.descr
[2014-11-25 11:48:21] UPDATE                  /WEB-INF/descr/page17.descr
[2014-11-25 11:48:21] UPDATE                  /WEB-INF/classes/com/webratio/webapp/Comentario.java
[2014-11-25 11:48:21] UPDATE                  /WEB-INF/classes/com/webratio/webapp/Usuario.hbm.xml
[2014-11-25 11:48:21] UPDATE                  /page17.jsp
[2014-11-25 11:48:21] UPDATE                  /WEB-INF/classes/com/webratio/webapp/Usuario.java
[2014-11-25 11:48:21] UPDATE          RESTART /WEB-INF/classes/datamodel.xml
[2014-11-25 11:48:21] --------------------------------------------
[2014-11-25 11:48:21] Stopping application server
[2014-11-25 11:48:33] Uploading changes (174.9 KB)
[2014-11-25 11:48:37] Starting application server
