[2014-11-25 11:59:26] Uploading application on server [54.229.13.249]
[2014-11-25 11:59:26] Computing changes...
[2014-11-25 11:59:29] Found 23 file(s) changed
[2014-11-25 11:59:29] --------------------------------------------
[2014-11-25 11:59:29] UPDATE                  /WEB-INF/descr/cru1.descr
[2014-11-25 11:59:29] UPDATE                  /WEB-INF/classes/com/webratio/webapp/Comentario.class
[2014-11-25 11:59:29] UPDATE                  /page1_ajax.jsp
[2014-11-25 11:59:29] REMOTE_UPDATE           /WEB-INF/descr/page1.descr
[2014-11-25 11:59:29] UPDATE                  /page5.jsp
[2014-11-25 11:59:29] UPDATE                  /WEB-INF/descr/seu5.descr
[2014-11-25 11:59:29] UPDATE                  /WEB-INF/descr/dau1g.descr
[2014-11-25 11:59:29] UPDATE                  /WEB-INF/descr/dau2g.descr
[2014-11-25 11:59:29] UPDATE                  /WEB-INF/descr/cru9.descr
[2014-11-25 11:59:29] UPDATE                  /WEB-INF/descr/mdu6.descr
[2014-11-25 11:59:29] UPDATE                  /WEB-INF/classes/com/webratio/webapp/Usuario.class
[2014-11-25 11:59:29] UPDATE                  /page5_ajax.jsp
[2014-11-25 11:59:29] UPDATE                  /WEB-INF/descr/pwu4.descr
[2014-11-25 11:59:29] UPDATE                  /WEB-INF/descr/_model.descr
[2014-11-25 11:59:29] UPDATE                  /WEB-INF/descr/seu8.descr
[2014-11-25 11:59:29] UPDATE                  /WEB-INF/descr/_auth.descr
[2014-11-25 11:59:29] UPDATE                  /page1.jsp
[2014-11-25 11:59:29] UPDATE                  /WEB-INF/descr/pwu1.descr
[2014-11-25 11:59:29] UPDATE                  /page16_miu11.jsp
[2014-11-25 11:59:29] UPDATE                  /WEB-INF/classes/com/webratio/webapp/Comentario.java
[2014-11-25 11:59:29] UPDATE                  /WEB-INF/classes/com/webratio/webapp/Usuario.hbm.xml
[2014-11-25 11:59:29] UPDATE                  /WEB-INF/classes/com/webratio/webapp/Usuario.java
[2014-11-25 11:59:29] UPDATE          RESTART /WEB-INF/classes/datamodel.xml
[2014-11-25 11:59:29] --------------------------------------------
[2014-11-25 11:59:29] Stopping application server
[2014-11-25 11:59:41] Uploading changes (251.8 KB)
[2014-11-25 11:59:43] Starting application server
