[2014-11-25 13:28:28] Uploading application on server [54.229.13.249]
[2014-11-25 13:28:28] Computing changes...
[2014-11-25 13:28:37] Found 790 file(s) changed
[2014-11-25 13:28:37] --------------------------------------------
[2014-11-25 13:28:37] REMOTE_ADD              /WEB-INF/descr/oln86.descr
[2014-11-25 13:28:37] REMOTE_UPDATE           /WEB-INF/descr/ln94.descr
[2014-11-25 13:28:37] REMOTE_ADD              /WEB-INF/descr/ln115.descr
[2014-11-25 13:28:37] REMOTE_UPDATE           /WEB-INF/descr/cru1.descr
[2014-11-25 13:28:37] REMOTE_ADD              /WEB-INF/descr/mssu4.descr
[2014-11-25 13:28:37] REMOTE_UPDATE           /WEB-INF/descr/ln41.descr
[2014-11-25 13:28:37] REMOTE_ADD              /WEB-INF/classes/com/webratio/webapp/Comentario.class
[2014-11-25 13:28:37] REMOTE_ADD              /WEB-INF/descr/ln152.descr
[2014-11-25 13:28:37] REMOTE_ADD              /WEB-INF/descr/oln53.descr
[2014-11-25 13:28:37] REMOTE_ADD              /wr-css/menu.css
[2014-11-25 13:28:37] REMOTE_ADD              /WEB-INF/descr/seu7.descr
[2014-11-25 13:28:37] REMOTE_ADD              /WEB-INF/descr/seu26.descr
[2014-11-25 13:28:37] REMOTE_ADD              /page1_ajax.jsp
[2014-11-25 13:28:37] REMOTE_ADD              /WEB-INF/descr/lgu3.descr
[2014-11-25 13:28:37] REMOTE_ADD              /WEB-INF/descr/ln150.descr
[2014-11-25 13:28:37] REMOTE_ADD              /WEB-INF/descr/pwu1Last.descr
[2014-11-25 13:28:37] REMOTE_ADD              /WEB-INF/descr/inu1.descr
[2014-11-25 13:28:37] REMOTE_UPDATE           /WEB-INF/descr/ln46.descr
[2014-11-25 13:28:37] REMOTE_UPDATE           /WEB-INF/descr/lou2.descr
[2014-11-25 13:28:37] REMOTE_ADD              /WEB-INF/descr/oln68.descr
[2014-11-25 13:28:37] REMOTE_UPDATE           /WEB-INF/descr/page1.descr
[2014-11-25 13:28:37] REMOTE_UPDATE           /WEB-INF/descr/ln16.descr
[2014-11-25 13:28:37] REMOTE_ADD              /WEB-INF/descr/page5.link.descr
[2014-11-25 13:28:37] REMOTE_ADD              /WEB-INF/descr/gtu7.descr
[2014-11-25 13:28:37] REMOTE_ADD              /WEB-INF/classes/com/webratio/webapp/Hora.java
[2014-11-25 13:28:37] REMOTE_ADD              /page11_miu5.jsp
[2014-11-25 13:28:37] REMOTE_ADD              /WEB-INF/classes/com/webratio/webapp/Hora.class
[2014-11-25 13:28:37] REMOTE_ADD              /WEB-INF/descr/ln10.descr
[2014-11-25 13:28:37] REMOTE_ADD              /WEB-INF/classes/com/webratio/webapp/Grupo.java
[2014-11-25 13:28:37] REMOTE_UPDATE           /WEB-INF/descr/ln30.descr
[2014-11-25 13:28:37] REMOTE_ADD              /WEB-INF/descr/mpage2.descr
[2014-11-25 13:28:37] REMOTE_ADD              /WEB-INF/descr/dlu3.descr
[2014-11-25 13:28:37] REMOTE_UPDATE           /WEB-INF/descr/page16.descr
[2014-11-25 13:28:37] REMOTE_ADD              /WEB-INF/descr/okcu4.descr
[2014-11-25 13:28:37] REMOTE_ADD              /WEB-INF/descr/oln35.descr
[2014-11-25 13:28:37] REMOTE_ADD              /WEB-INF/descr/seu9.descr
[2014-11-25 13:28:37] REMOTE_ADD              /WEB-INF/descr/ecu2-month-7.descr
[2014-11-25 13:28:37] REMOTE_ADD              /page7_miu4.jsp
[2014-11-25 13:28:37] REMOTE_ADD              /WEB-INF/descr/ecu2-month-4.descr
[2014-11-25 13:28:37] REMOTE_ADD              /WEB-INF/descr/oln66.descr
[2014-11-25 13:28:37] REMOTE_ADD              /WEB-INF/descr/oln74.descr
[2014-11-25 13:28:37] REMOTE_UPDATE   RESTART /WEB-INF/classes/db1.hibernate.cfg.xml
[2014-11-25 13:28:37] REMOTE_ADD              /WEB-INF/descr/scu6.descr
[2014-11-25 13:28:37] REMOTE_ADD              /WEB-INF/descr/ln161.descr
[2014-11-25 13:28:37] REMOTE_ADD              /WEB-INF/descr/oln38.descr
[2014-11-25 13:28:37] REMOTE_UPDATE           /WEB-INF/descr/ln27.descr
[2014-11-25 13:28:37] REMOTE_ADD              /WEB-INF/descr/seu18.descr
[2014-11-25 13:28:37] REMOTE_UPDATE           /WEB-INF/descr/enu6.descr
[2014-11-25 13:28:37] REMOTE_ADD              /WEB-INF/descr/ecu2-month-0.descr
[2014-11-25 13:28:37] REMOTE_ADD              /WEB-INF/descr/pwu3First.descr
[2014-11-25 13:28:37] REMOTE_ADD              /WEB-INF/descr/mlu2.descr
[2014-11-25 13:28:37] REMOTE_ADD              /WEB-INF/descr/oln52.descr
[2014-11-25 13:28:37] REMOTE_UPDATE           /WEB-INF/descr/kln15.descr
[2014-11-25 13:28:37] REMOTE_ADD              /WEB-INF/descr/tmu8.descr
[2014-11-25 13:28:37] REMOTE_ADD              /wr-images/icons/navigate_right_10.gif
[2014-11-25 13:28:37] REMOTE_UPDATE           /WEB-INF/descr/ln43.descr
[2014-11-25 13:28:37] REMOTE_UPDATE           /WEB-INF/descr/cnu2.descr
[2014-11-25 13:28:37] REMOTE_ADD              /WEB-INF/descr/mfu1.descr
[2014-11-25 13:28:37] REMOTE_UPDATE           /WEB-INF/descr/cnu3.descr
[2014-11-25 13:28:37] REMOTE_ADD              /WEB-INF/descr/page9.descr
[2014-11-25 13:28:37] REMOTE_ADD              /WEB-INF/descr/ln128.descr
[2014-11-25 13:28:37] REMOTE_UPDATE           /WEB-INF/descr/ln25.descr
[2014-11-25 13:28:37] REMOTE_ADD              /WEB-INF/descr/ln1g.descr
[2014-11-25 13:28:37] REMOTE_UPDATE           /WEB-INF/descr/pwu3.descr
[2014-11-25 13:28:37] REMOTE_ADD              /page8_miu4_ajax.jsp
[2014-11-25 13:28:37] REMOTE_ADD              /WEB-INF/descr/pwu4Next.descr
[2014-11-25 13:28:37] REMOTE_ADD              /WEB-INF/descr/oln67.descr
[2014-11-25 13:28:37] REMOTE_ADD              /WEB-INF/descr/oln1g.descr
[2014-11-25 13:28:37] REMOTE_UPDATE           /WEB-INF/descr/kln8.descr
[2014-11-25 13:28:37] REMOTE_ADD              /WebRatio_Default.error.jsp
[2014-11-25 13:28:37] REMOTE_ADD              /WEB-INF/descr/pwu4Last.descr
[2014-11-25 13:28:37] REMOTE_ADD              /WEB-INF/descr/ln155.descr
[2014-11-25 13:28:37] REMOTE_ADD              /WEB-INF/descr/ln130.descr
[2014-11-25 13:28:37] REMOTE_ADD              /WEB-INF/descr/ecu2-month-8.descr
[2014-11-25 13:28:37] REMOTE_UPDATE           /WEB-INF/descr/kln7.descr
[2014-11-25 13:28:37] REMOTE_ADD              /page14_miu5.jsp
[2014-11-25 13:28:37] REMOTE_UPDATE           /WEB-INF/descr/_job.manager.descr
[2014-11-25 13:28:37] REMOTE_ADD              /WEB-INF/descr/ln24.descr
[2014-11-25 13:28:37] REMOTE_ADD              /WEB-INF/descr/iju2.descr
[2014-11-25 13:28:37] REMOTE_ADD              /WEB-INF/descr/kln11.descr
[2014-11-25 13:28:37] REMOTE_ADD              /WEB-INF/descr/ln142.descr
[2014-11-25 13:28:37] REMOTE_ADD              /WEB-INF/descr/ln170.descr
[2014-11-25 13:28:37] REMOTE_ADD              /WEB-INF/descr/ln104.descr
[2014-11-25 13:28:37] REMOTE_UPDATE           /WEB-INF/descr/page12.descr
[2014-11-25 13:28:37] REMOTE_ADD              /WEB-INF/descr/ln117.descr
[2014-11-25 13:28:37] REMOTE_ADD              /WEB-INF/descr/mdu4.descr
[2014-11-25 13:28:37] REMOTE_ADD              /WEB-INF/descr/ln156.descr
[2014-11-25 13:28:37] REMOTE_ADD              /WEB-INF/descr/oln59.descr
[2014-11-25 13:28:37] REMOTE_UPDATE           /WEB-INF/descr/ln58.descr
[2014-11-25 13:28:37] REMOTE_UPDATE           /WEB-INF/descr/ln23.descr
[2014-11-25 13:28:37] REMOTE_UPDATE           /WEB-INF/descr/ln18.descr
[2014-11-25 13:28:37] REMOTE_UPDATE           /page5.jsp
[2014-11-25 13:28:37] REMOTE_ADD              /WEB-INF/descr/ln134.descr
[2014-11-25 13:28:37] REMOTE_UPDATE           /WEB-INF/descr/kln17.descr
[2014-11-25 13:28:37] REMOTE_ADD              /WEB-INF/descr/ln148.descr
[2014-11-25 13:28:37] REMOTE_ADD              /page20_ajax.jsp
[2014-11-25 13:28:37] REMOTE_ADD              /WEB-INF/descr/icu10.descr
[2014-11-25 13:28:38] REMOTE_UPDATE           /WEB-INF/descr/icu1.descr
[2014-11-25 13:28:38] REMOTE_UPDATE           /WEB-INF/descr/ln57.descr
[2014-11-25 13:28:38] REMOTE_ADD              /WEB-INF/descr/oln57.descr
[2014-11-25 13:28:38] REMOTE_ADD              /WEB-INF/descr/ecu4-month-4.descr
[2014-11-25 13:28:38] REMOTE_ADD              /WEB-INF/descr/ecu2-month-11.descr
[2014-11-25 13:28:38] REMOTE_ADD              /WEB-INF/descr/pwu1Previous.descr
[2014-11-25 13:28:38] REMOTE_UPDATE           /WEB-INF/descr/ln15.descr
[2014-11-25 13:28:38] REMOTE_UPDATE           /WEB-INF/descr/ln32.descr
[2014-11-25 13:28:38] REMOTE_ADD              /WEB-INF/descr/enu15.descr
[2014-11-25 13:28:38] REMOTE_ADD              /WEB-INF/descr/ecu4-month-6.descr
[2014-11-25 13:28:38] REMOTE_ADD              /WEB-INF/descr/oln11.descr
[2014-11-25 13:28:38] REMOTE_ADD              /WEB-INF/descr/cnu4.descr
[2014-11-25 13:28:38] REMOTE_ADD              /WEB-INF/descr/opu3.descr
[2014-11-25 13:28:38] REMOTE_UPDATE           /WEB-INF/descr/page2.descr
[2014-11-25 13:28:38] REMOTE_ADD              /wr-images/icons/sort_descending.png
[2014-11-25 13:28:38] REMOTE_ADD              /WEB-INF/descr/seu5.descr
[2014-11-25 13:28:38] REMOTE_UPDATE           /WEB-INF/descr/oln4.descr
[2014-11-25 13:28:38] REMOTE_UPDATE           /WEB-INF/descr/kln6.descr
[2014-11-25 13:28:38] REMOTE_ADD              /WEB-INF/descr/dlu2.descr
[2014-11-25 13:28:38] REMOTE_ADD              /WEB-INF/classes/com/webratio/webapp/Calendario.hbm.xml
[2014-11-25 13:28:38] REMOTE_UPDATE           /WEB-INF/descr/page20.descr
[2014-11-25 13:28:38] REMOTE_ADD              /WEB-INF/descr/page14.descr
[2014-11-25 13:28:38] REMOTE_ADD              /WEB-INF/descr/dau1g.descr
[2014-11-25 13:28:38] REMOTE_ADD              /WEB-INF/descr/ln124.descr
[2014-11-25 13:28:38] REMOTE_UPDATE           /WEB-INF/descr/lgu2.descr
[2014-11-25 13:28:38] REMOTE_UPDATE           /WEB-INF/descr/ln35.descr
[2014-11-25 13:28:38] REMOTE_UPDATE           /WEB-INF/descr/ln1.descr
[2014-11-25 13:28:38] REMOTE_UPDATE           /WEB-INF/descr/oln6.descr
[2014-11-25 13:28:38] REMOTE_ADD              /WEB-INF/descr/ln175.descr
[2014-11-25 13:28:38] REMOTE_ADD              /WEB-INF/descr/ln7.descr
[2014-11-25 13:28:38] REMOTE_ADD              /WEB-INF/descr/groovy/reminderdate.groovy
[2014-11-25 13:28:38] REMOTE_ADD              /WEB-INF/descr/switch3.descr
[2014-11-25 13:28:38] REMOTE_UPDATE           /WEB-INF/descr/cru5.descr
[2014-11-25 13:28:38] REMOTE_ADD              /WEB-INF/classes/com/webratio/webapp/Comentario.hbm.xml
[2014-11-25 13:28:38] REMOTE_ADD              /WEB-INF/descr/dau2g.descr
[2014-11-25 13:28:38] REMOTE_ADD              /WEB-INF/descr/seu11.descr
[2014-11-25 13:28:38] REMOTE_ADD              /WEB-INF/descr/inn2.descr
[2014-11-25 13:28:38] REMOTE_UPDATE           /WEB-INF/descr/oln16.descr
[2014-11-25 13:28:38] REMOTE_ADD              /wr-images/home_bc.png
[2014-11-25 13:28:38] REMOTE_UPDATE           /index.jsp
[2014-11-25 13:28:38] REMOTE_ADD              /WEB-INF/descr/tmu1.descr
[2014-11-25 13:28:38] REMOTE_ADD              /WEB-INF/descr/ln105.descr
[2014-11-25 13:28:38] REMOTE_UPDATE           /WEB-INF/descr/ln88.descr
[2014-11-25 13:28:38] REMOTE_UPDATE           /WEB-INF/descr/ln9.descr
[2014-11-25 13:28:38] REMOTE_ADD              /wr-js/respond.min.js
[2014-11-25 13:28:38] REMOTE_ADD              /WEB-INF/descr/oln39.descr
[2014-11-25 13:28:38] REMOTE_ADD              /WEB-INF/descr/oln58.descr
[2014-11-25 13:28:38] REMOTE_ADD              /wr-images/icons/dialog-max.png
[2014-11-25 13:28:38] REMOTE_ADD              /wr-js/responsive-menu.js
[2014-11-25 13:28:38] REMOTE_ADD              /WEB-INF/descr/enu4.descr
[2014-11-25 13:28:38] REMOTE_UPDATE           /WEB-INF/descr/oln5.descr
[2014-11-25 13:28:38] REMOTE_ADD              /WEB-INF/descr/seu3.descr
[2014-11-25 13:28:38] REMOTE_UPDATE           /WEB-INF/descr/kln14.descr
[2014-11-25 13:28:38] REMOTE_ADD              /WEB-INF/descr/oln55.descr
[2014-11-25 13:28:38] REMOTE_ADD              /WEB-INF/descr/mssu2.descr
[2014-11-25 13:28:38] REMOTE_ADD              /WEB-INF/descr/icu9.descr
[2014-11-25 13:28:38] REMOTE_ADD              /WEB-INF/descr/ecu2-month-6.descr
[2014-11-25 13:28:38] REMOTE_ADD              /WEB-INF/descr/ln166.descr
[2014-11-25 13:28:38] REMOTE_ADD              /WEB-INF/classes/com/webratio/webapp/Cita.java
[2014-11-25 13:28:38] REMOTE_ADD              /WEB-INF/descr/oln54.descr
[2014-11-25 13:28:38] REMOTE_ADD              /WEB-INF/descr/ln171.descr
[2014-11-25 13:28:38] REMOTE_ADD              /WEB-INF/descr/ln132.descr
[2014-11-25 13:28:38] REMOTE_UPDATE           /WEB-INF/descr/cru9.descr
[2014-11-25 13:28:38] REMOTE_ADD              /WEB-INF/descr/icu4.descr
[2014-11-25 13:28:38] REMOTE_UPDATE           /WEB-INF/descr/enu1.descr
[2014-11-25 13:28:38] REMOTE_UPDATE           /WEB-INF/descr/_i18n.descr
[2014-11-25 13:28:38] REMOTE_UPDATE           /WEB-INF/descr/oln17.descr
[2014-11-25 13:28:38] REMOTE_ADD              /WEB-INF/descr/mdu6.descr
[2014-11-25 13:28:38] REMOTE_ADD              /WEB-INF/descr/oln40.descr
[2014-11-25 13:28:38] REMOTE_ADD              /WEB-INF/classes/com/webratio/webapp/Usuario.class
[2014-11-25 13:28:38] REMOTE_ADD              /wr-images/logo_big.png
[2014-11-25 13:28:38] REMOTE_ADD              /WEB-INF/descr/mssu1.descr
[2014-11-25 13:28:38] REMOTE_ADD              /WEB-INF/descr/ecu4-month-0.descr
[2014-11-25 13:28:38] REMOTE_UPDATE           /WEB-INF/descr/oln24.descr
[2014-11-25 13:28:38] REMOTE_ADD              /WEB-INF/descr/gtu2g.descr
[2014-11-25 13:28:38] REMOTE_ADD              /WEB-INF/descr/pwu3Last.descr
[2014-11-25 13:28:38] REMOTE_ADD              /page5_ajax.jsp
[2014-11-25 13:28:38] REMOTE_UPDATE           /WEB-INF/descr/okcu1.descr
[2014-11-25 13:28:38] REMOTE_UPDATE           /WEB-INF/descr/icu2.descr
[2014-11-25 13:28:38] REMOTE_ADD              /WEB-INF/descr/oln64.descr
[2014-11-25 13:28:38] REMOTE_ADD              /WEB-INF/descr/ln140.descr
[2014-11-25 13:28:38] REMOTE_ADD              /WEB-INF/descr/mssu5.descr
[2014-11-25 13:28:38] REMOTE_UPDATE           /WEB-INF/descr/okcu2.descr
[2014-11-25 13:28:38] REMOTE_UPDATE           /WEB-INF/descr/opm2.descr
[2014-11-25 13:28:38] REMOTE_ADD              /WEB-INF/descr/ln131.descr
[2014-11-25 13:28:38] REMOTE_ADD              /WEB-INF/descr/miu9.descr
[2014-11-25 13:28:38] REMOTE_UPDATE           /WEB-INF/descr/dau3.descr
[2014-11-25 13:28:38] REMOTE_ADD              /WEB-INF/descr/seu21.descr
[2014-11-25 13:28:38] REMOTE_ADD              /WEB-INF/descr/seu10.descr
[2014-11-25 13:28:38] REMOTE_ADD              /WEB-INF/descr/ln157.descr
[2014-11-25 13:28:38] REMOTE_ADD              /wr-images/icons/dialog-close.png
[2014-11-25 13:28:38] REMOTE_UPDATE           /page19.jsp
[2014-11-25 13:28:38] REMOTE_ADD              /WEB-INF/descr/ecu2-month-5.descr
[2014-11-25 13:28:38] REMOTE_ADD              /WEB-INF/descr/oln28.descr
[2014-11-25 13:28:38] REMOTE_ADD              /wr-css/units.css
[2014-11-25 13:28:38] REMOTE_ADD              /WEB-INF/descr/miu5.descr
[2014-11-25 13:28:38] REMOTE_UPDATE           /WEB-INF/descr/ln87.descr
[2014-11-25 13:28:38] REMOTE_UPDATE           /WEB-INF/descr/_job.scheduler.xml
[2014-11-25 13:28:38] REMOTE_ADD              /WEB-INF/descr/pwu4att23.descr
[2014-11-25 13:28:38] REMOTE_ADD              /WEB-INF/descr/seu2.descr
[2014-11-25 13:28:38] REMOTE_UPDATE           /WEB-INF/descr/ln8.descr
[2014-11-25 13:28:38] REMOTE_ADD              /WEB-INF/descr/cru2.descr
[2014-11-25 13:28:38] REMOTE_ADD              /WEB-INF/descr/ecu4-month-7.descr
[2014-11-25 13:28:38] REMOTE_ADD              /WEB-INF/descr/oln49.descr
[2014-11-25 13:28:38] REMOTE_ADD              /WEB-INF/descr/scu3.descr
[2014-11-25 13:28:38] REMOTE_ADD              /WEB-INF/descr/icu13.descr
[2014-11-25 13:28:38] REMOTE_UPDATE           /WEB-INF/descr/kln3.descr
[2014-11-25 13:28:38] REMOTE_ADD              /WEB-INF/descr/cnu5.descr
[2014-11-25 13:28:38] REMOTE_UPDATE           /WEB-INF/descr/dau4.descr
[2014-11-25 13:28:38] REMOTE_ADD              /WEB-INF/descr/ecu4-month-11.descr
[2014-11-25 13:28:38] REMOTE_ADD              /WEB-INF/descr/ecu2-month-10.descr
[2014-11-25 13:28:38] REMOTE_ADD              /WEB-INF/descr/icu11.descr
[2014-11-25 13:28:38] REMOTE_ADD              /WEB-INF/descr/gctu1.descr
[2014-11-25 13:28:38] REMOTE_ADD              /WEB-INF/descr/pwu4First.descr
[2014-11-25 13:28:38] REMOTE_ADD              /WEB-INF/descr/miu8.descr
[2014-11-25 13:28:38] REMOTE_ADD              /WEB-INF/descr/pcu2.descr
[2014-11-25 13:28:38] REMOTE_ADD              /WEB-INF/descr/oln10.descr
[2014-11-25 13:28:38] REMOTE_ADD              /WEB-INF/descr/oln76.descr
[2014-11-25 13:28:38] REMOTE_ADD              /WEB-INF/classes/com/webratio/webapp/Calendario.java
[2014-11-25 13:28:38] REMOTE_ADD              /WEB-INF/descr/gtu1g.descr
[2014-11-25 13:28:38] REMOTE_UPDATE           /WEB-INF/descr/kocu1.descr
[2014-11-25 13:28:38] REMOTE_ADD              /WEB-INF/descr/pwu1Block.descr
[2014-11-25 13:28:38] REMOTE_ADD              /WEB-INF/descr/pwu1First.descr
[2014-11-25 13:28:38] REMOTE_UPDATE           /WEB-INF/descr/ln56.descr
[2014-11-25 13:28:38] REMOTE_ADD              /WEB-INF/descr/pwu3Next.descr
[2014-11-25 13:28:38] REMOTE_ADD              /WEB-INF/descr/ln141.descr
[2014-11-25 13:28:38] REMOTE_UPDATE           /WEB-INF/descr/kln4.descr
[2014-11-25 13:28:38] REMOTE_ADD              /WEB-INF/descr/tmu6.descr
[2014-11-25 13:28:38] REMOTE_ADD              /WEB-INF/descr/oln83.descr
[2014-11-25 13:28:38] REMOTE_ADD              /WEB-INF/descr/oln37.descr
[2014-11-25 13:28:38] REMOTE_ADD              /WEB-INF/descr/ecu2-month-1.descr
[2014-11-25 13:28:38] REMOTE_ADD              /WEB-INF/descr/miu12.descr
[2014-11-25 13:28:38] REMOTE_UPDATE           /WEB-INF/classes/com/webratio/webapp/Categoria.java
[2014-11-25 13:28:38] REMOTE_ADD              /WEB-INF/descr/ecu4-month-12.descr
[2014-11-25 13:28:38] REMOTE_ADD              /WEB-INF/descr/ln34.descr
[2014-11-25 13:28:38] REMOTE_UPDATE           /WEB-INF/descr/ln61.descr
[2014-11-25 13:28:38] REMOTE_ADD              /WEB-INF/descr/oln22.descr
[2014-11-25 13:28:38] REMOTE_ADD              /WEB-INF/descr/seu12.descr
[2014-11-25 13:28:38] REMOTE_ADD              /WEB-INF/descr/oln63.descr
[2014-11-25 13:28:38] REMOTE_ADD              /WEB-INF/descr/ln5g.descr
[2014-11-25 13:28:38] REMOTE_ADD              /WEB-INF/descr/okcu6.descr
[2014-11-25 13:28:38] REMOTE_ADD              /WEB-INF/descr/seu14.descr
[2014-11-25 13:28:38] REMOTE_ADD              /WEB-INF/descr/kocu3.descr
[2014-11-25 13:28:38] REMOTE_ADD              /WEB-INF/descr/ecu4-month-8.descr
[2014-11-25 13:28:38] REMOTE_ADD              /WEB-INF/descr/ecu4-month-5.descr
[2014-11-25 13:28:38] REMOTE_ADD              /WEB-INF/descr/ecu4.descr
[2014-11-25 13:28:38] REMOTE_ADD              /page13_miu10.jsp
[2014-11-25 13:28:38] REMOTE_ADD              /WEB-INF/descr/gtu4.descr
[2014-11-25 13:28:38] REMOTE_ADD              /WEB-INF/descr/ln172.descr
[2014-11-25 13:28:38] REMOTE_ADD              /WEB-INF/descr/oln44.descr
[2014-11-25 13:28:38] REMOTE_ADD              /WEB-INF/descr/ln173.descr
[2014-11-25 13:28:38] REMOTE_ADD              /WEB-INF/descr/cru8.descr
[2014-11-25 13:28:38] REMOTE_ADD              /WEB-INF/descr/ln2g.descr
[2014-11-25 13:28:38] REMOTE_UPDATE           /WEB-INF/descr/page8.descr
[2014-11-25 13:28:38] REMOTE_UPDATE           /WEB-INF/descr/ln39.descr
[2014-11-25 13:28:38] REMOTE_ADD              /WEB-INF/descr/oln75.descr
[2014-11-25 13:28:38] REMOTE_ADD              /WEB-INF/descr/ln113.descr
[2014-11-25 13:28:38] REMOTE_UPDATE           /WEB-INF/descr/oln15.descr
[2014-11-25 13:28:38] REMOTE_UPDATE           /WEB-INF/descr/oln2.descr
[2014-11-25 13:28:38] REMOTE_ADD              /WEB-INF/descr/ln138.descr
[2014-11-25 13:28:38] REMOTE_ADD              /WEB-INF/descr/seu16.descr
[2014-11-25 13:28:38] REMOTE_ADD              /WEB-INF/descr/opu2.descr
[2014-11-25 13:28:38] REMOTE_ADD              /WEB-INF/descr/ln125.descr
[2014-11-25 13:28:38] REMOTE_ADD              /WEB-INF/descr/miu11.descr
[2014-11-25 13:28:38] REMOTE_UPDATE           /WEB-INF/descr/oln8.descr
[2014-11-25 13:28:38] REMOTE_UPDATE           /WEB-INF/descr/ln62.descr
[2014-11-25 13:28:38] REMOTE_UPDATE           /WEB-INF/descr/enu3.descr
[2014-11-25 13:28:38] REMOTE_ADD              /WEB-INF/descr/pwu3Block.descr
[2014-11-25 13:28:38] REMOTE_UPDATE           /WEB-INF/descr/pwu4.descr
[2014-11-25 13:28:38] REMOTE_ADD              /WEB-INF/descr/iju1.descr
[2014-11-25 13:28:38] REMOTE_ADD              /WEB-INF/descr/oln51.descr
[2014-11-25 13:28:38] REMOTE_ADD              /WEB-INF/descr/okcu12.descr
[2014-11-25 13:28:38] REMOTE_ADD              /wr-images/icons/selectAll.gif
[2014-11-25 13:28:38] REMOTE_ADD              /WEB-INF/descr/oln26.descr
[2014-11-25 13:28:38] REMOTE_UPDATE           /WEB-INF/descr/ln19.descr
[2014-11-25 13:28:38] REMOTE_UPDATE   RESTART /WEB-INF/conf/struts-config.xml
[2014-11-25 13:28:38] REMOTE_ADD              /WEB-INF/descr/tmu3.descr
[2014-11-25 13:28:38] REMOTE_UPDATE           /WEB-INF/descr/ln66.descr
[2014-11-25 13:28:38] REMOTE_UPDATE           /WEB-INF/descr/_model.descr
[2014-11-25 13:28:38] REMOTE_ADD              /WEB-INF/descr/miu4.descr
[2014-11-25 13:28:38] REMOTE_ADD              /WEB-INF/descr/oln14.descr
[2014-11-25 13:28:38] REMOTE_ADD              /page2_miu3.jsp
[2014-11-25 13:28:38] REMOTE_ADD              /WEB-INF/classes/com/webratio/webapp/Modulo.java
[2014-11-25 13:28:38] REMOTE_ADD              /WEB-INF/descr/ecu4-month-9.descr
[2014-11-25 13:28:38] REMOTE_ADD              /WEB-INF/descr/seu8.descr
[2014-11-25 13:28:38] REMOTE_UPDATE           /WEB-INF/descr/page5.descr
[2014-11-25 13:28:38] REMOTE_ADD              /WEB-INF/descr/seu13.descr
[2014-11-25 13:28:38] REMOTE_ADD              /WEB-INF/descr/oln42.descr
[2014-11-25 13:28:38] REMOTE_UPDATE           /WEB-INF/descr/enu7.descr
[2014-11-25 13:28:38] REMOTE_UPDATE           /WEB-INF/descr/ln5.descr
[2014-11-25 13:28:38] REMOTE_ADD              /WEB-INF/descr/seu1.descr
[2014-11-25 13:28:38] REMOTE_ADD              /page12_miu6.jsp
[2014-11-25 13:28:38] REMOTE_ADD              /WEB-INF/descr/okcu9.descr
[2014-11-25 13:28:38] REMOTE_ADD              /WEB-INF/descr/oln50.descr
[2014-11-25 13:28:38] REMOTE_UPDATE           /WEB-INF/descr/ln21.descr
[2014-11-25 13:28:38] REMOTE_ADD              /WEB-INF/descr/ln31.descr
[2014-11-25 13:28:38] REMOTE_UPDATE           /WEB-INF/descr/ln40.descr
[2014-11-25 13:28:38] REMOTE_ADD              /WEB-INF/classes/com/webratio/webapp/Grupo.class
[2014-11-25 13:28:38] REMOTE_UPDATE           /WEB-INF/descr/mfu4.descr
[2014-11-25 13:28:38] REMOTE_UPDATE           /WEB-INF/descr/ln44.descr
[2014-11-25 13:28:38] REMOTE_UPDATE           /WEB-INF/descr/ln53.descr
[2014-11-25 13:28:38] REMOTE_UPDATE           /WEB-INF/descr/kocu4.descr
[2014-11-25 13:28:38] REMOTE_ADD              /WEB-INF/descr/ecu2-month-3.descr
[2014-11-25 13:28:38] REMOTE_UPDATE           /WEB-INF/descr/ln20.descr
[2014-11-25 13:28:38] REMOTE_ADD              /WEB-INF/descr/sql/data.sql
[2014-11-25 13:28:38] REMOTE_ADD              /WEB-INF/descr/oln7.descr
[2014-11-25 13:28:38] REMOTE_ADD              /WEB-INF/descr/mciu1.descr
[2014-11-25 13:28:38] REMOTE_ADD              /WEB-INF/descr/gtu8.descr
[2014-11-25 13:28:38] REMOTE_UPDATE           /WEB-INF/descr/kln1.descr
[2014-11-25 13:28:38] REMOTE_ADD              /WEB-INF/descr/ln169.descr
[2014-11-25 13:28:38] REMOTE_ADD              /WEB-INF/descr/ecu2-month-2.descr
[2014-11-25 13:28:38] REMOTE_ADD              /WEB-INF/descr/oln101.descr
[2014-11-25 13:28:38] REMOTE_ADD              /WEB-INF/descr/tmu7.descr
[2014-11-25 13:28:38] REMOTE_UPDATE           /WEB-INF/descr/ln4.descr
[2014-11-25 13:28:38] REMOTE_UPDATE           /WEB-INF/descr/cru7.descr
[2014-11-25 13:28:38] REMOTE_ADD              /WEB-INF/descr/oln21.descr
[2014-11-25 13:28:38] REMOTE_ADD              /WEB-INF/descr/pwu3groupName.descr
[2014-11-25 13:28:38] REMOTE_ADD              /wr-images/icons/navigate_down_10.gif
[2014-11-25 13:28:38] REMOTE_ADD              /WEB-INF/descr/oln60.descr
[2014-11-25 13:28:38] REMOTE_ADD              /WEB-INF/descr/ln122.descr
[2014-11-25 13:28:38] REMOTE_UPDATE           /WEB-INF/descr/oln3.descr
[2014-11-25 13:28:38] REMOTE_ADD              /WEB-INF/descr/ecu2-month-12.descr
[2014-11-25 13:28:38] REMOTE_UPDATE           /WEB-INF/descr/ln45.descr
[2014-11-25 13:28:38] REMOTE_ADD              /page8_miu4.jsp
[2014-11-25 13:28:38] REMOTE_ADD              /WEB-INF/descr/ln158.descr
[2014-11-25 13:28:38] REMOTE_ADD              /WEB-INF/descr/oln85.descr
[2014-11-25 13:28:38] REMOTE_ADD              /WEB-INF/descr/mdu7.descr
[2014-11-25 13:28:38] REMOTE_UPDATE           /WEB-INF/descr/kln16.descr
[2014-11-25 13:28:38] REMOTE_UPDATE           /WEB-INF/descr/_auth.descr
[2014-11-25 13:28:38] REMOTE_ADD              /WEB-INF/descr/enu5.descr
[2014-11-25 13:28:38] REMOTE_UPDATE           /WEB-INF/descr/ln52.descr
[2014-11-25 13:28:38] REMOTE_ADD              /WEB-INF/descr/ln144.descr
[2014-11-25 13:28:38] REMOTE_UPDATE           /WEB-INF/descr/ln36.descr
[2014-11-25 13:28:38] REMOTE_ADD              /page10_miu5.jsp
[2014-11-25 13:28:38] REMOTE_ADD              /wr-images/icons/sort_ascending.png
[2014-11-25 13:28:38] REMOTE_ADD              /WEB-INF/descr/inn1.descr
[2014-11-25 13:28:38] REMOTE_ADD              /WEB-INF/descr/ln147.descr
[2014-11-25 13:28:38] REMOTE_ADD              /page11_miu5_ajax.jsp
[2014-11-25 13:28:38] REMOTE_ADD              /WEB-INF/descr/mpage1.descr
[2014-11-25 13:28:38] REMOTE_UPDATE           /WEB-INF/descr/kln10.descr
[2014-11-25 13:28:38] REMOTE_UPDATE           /WEB-INF/descr/page7.descr
[2014-11-25 13:28:38] REMOTE_UPDATE           /WEB-INF/descr/ln37.descr
[2014-11-25 13:28:38] REMOTE_ADD              /WEB-INF/descr/ln160.descr
[2014-11-25 13:28:38] REMOTE_UPDATE           /WEB-INF/descr/page13.descr
[2014-11-25 13:28:38] REMOTE_UPDATE           /page3.jsp
[2014-11-25 13:28:38] REMOTE_UPDATE           /WEB-INF/descr/ln14.descr
[2014-11-25 13:28:38] REMOTE_ADD              /WEB-INF/descr/opm3.descr
[2014-11-25 13:28:38] REMOTE_ADD              /WEB-INF/descr/ecu4-month-10.descr
[2014-11-25 13:28:38] REMOTE_ADD              /WEB-INF/descr/okcu3.descr
[2014-11-25 13:28:38] REMOTE_UPDATE           /WEB-INF/descr/ln59.descr
[2014-11-25 13:28:38] REMOTE_ADD              /WEB-INF/descr/ln174.descr
[2014-11-25 13:28:38] REMOTE_ADD              /WEB-INF/descr/oln46.descr
[2014-11-25 13:28:38] REMOTE_ADD              /WEB-INF/descr/oln56.descr
[2014-11-25 13:28:38] REMOTE_UPDATE           /page20.jsp
[2014-11-25 13:28:38] REMOTE_ADD              /WEB-INF/descr/oln73.descr
[2014-11-25 13:28:38] REMOTE_ADD              /WEB-INF/descr/kln13.descr
[2014-11-25 13:28:38] REMOTE_ADD              /WEB-INF/descr/mciu2.descr
[2014-11-25 13:28:38] REMOTE_ADD              /WebRatio_Default.login.jsp
[2014-11-25 13:28:38] REMOTE_UPDATE           /WEB-INF/descr/ln49.descr
[2014-11-25 13:28:38] REMOTE_ADD              /WEB-INF/descr/gtu10.descr
[2014-11-25 13:28:38] REMOTE_UPDATE           /WEB-INF/descr/cru6.descr
[2014-11-25 13:28:38] REMOTE_ADD              /WEB-INF/descr/okcu10.descr
[2014-11-25 13:28:38] REMOTE_ADD              /page9_miu5_miu12.jsp
[2014-11-25 13:28:38] REMOTE_ADD              /WEB-INF/descr/ln60.descr
[2014-11-25 13:28:38] REMOTE_ADD              /WEB-INF/descr/okcu5.descr
[2014-11-25 13:28:38] REMOTE_ADD              /WEB-INF/descr/scu5.descr
[2014-11-25 13:28:38] REMOTE_ADD              /WEB-INF/descr/oln45.descr
[2014-11-25 13:28:38] REMOTE_UPDATE           /page1.jsp
[2014-11-25 13:28:38] REMOTE_ADD              /WEB-INF/descr/mfu2.descr
[2014-11-25 13:28:38] REMOTE_ADD              /WEB-INF/descr/kocu2.descr
[2014-11-25 13:28:38] REMOTE_UPDATE           /WEB-INF/descr/kln2.descr
[2014-11-25 13:28:38] REMOTE_ADD              /WEB-INF/descr/oln61.descr
[2014-11-25 13:28:38] REMOTE_ADD              /WEB-INF/descr/ln154.descr
[2014-11-25 13:28:38] REMOTE_UPDATE           /WEB-INF/descr/enu14.descr
[2014-11-25 13:28:38] REMOTE_UPDATE           /WEB-INF/descr/oln20.descr
[2014-11-25 13:28:38] REMOTE_ADD              /WEB-INF/descr/oln48.descr
[2014-11-25 13:28:38] REMOTE_ADD              /WEB-INF/descr/seu22.descr
[2014-11-25 13:28:38] REMOTE_ADD              /WEB-INF/descr/tmu4.descr
[2014-11-25 13:28:38] REMOTE_ADD              /WEB-INF/descr/sql/structure.sql
[2014-11-25 13:28:38] REMOTE_ADD              /WEB-INF/descr/seu20.descr
[2014-11-25 13:28:38] REMOTE_UPDATE           /WEB-INF/descr/gtu1.descr
[2014-11-25 13:28:38] REMOTE_ADD              /WEB-INF/descr/ln33.descr
[2014-11-25 13:28:38] REMOTE_ADD              /WEB-INF/descr/groovy/launchSQL.groovy
[2014-11-25 13:28:38] REMOTE_UPDATE           /WEB-INF/descr/ln50.descr
[2014-11-25 13:28:38] REMOTE_ADD              /WEB-INF/descr/ln133.descr
[2014-11-25 13:28:38] REMOTE_ADD              /WEB-INF/descr/oln30.descr
[2014-11-25 13:28:38] REMOTE_ADD              /WEB-INF/descr/oln19.descr
[2014-11-25 13:28:38] REMOTE_UPDATE           /WEB-INF/descr/kln5.descr
[2014-11-25 13:28:38] REMOTE_ADD              /WEB-INF/descr/pwu1Next.descr
[2014-11-25 13:28:38] REMOTE_ADD              /WEB-INF/descr/okcu11.descr
[2014-11-25 13:28:38] REMOTE_UPDATE           /WEB-INF/descr/pwu1.descr
[2014-11-25 13:28:38] REMOTE_ADD              /WEB-INF/descr/ln153.descr
[2014-11-25 13:28:38] REMOTE_ADD              /WEB-INF/descr/gctu4.descr
[2014-11-25 13:28:38] REMOTE_ADD              /WEB-INF/descr/okcu7.descr
[2014-11-25 13:28:38] REMOTE_ADD              /WEB-INF/classes/com/webratio/webapp/Modulo.hbm.xml
[2014-11-25 13:28:38] REMOTE_UPDATE           /WEB-INF/descr/ln6.descr
[2014-11-25 13:28:38] REMOTE_ADD              /WEB-INF/descr/seu4.descr
[2014-11-25 13:28:38] REMOTE_ADD              /WEB-INF/descr/seu6.descr
[2014-11-25 13:28:38] REMOTE_ADD              /WEB-INF/descr/ln139.descr
[2014-11-25 13:28:38] REMOTE_ADD              /WEB-INF/descr/page10.descr
[2014-11-25 13:28:38] REMOTE_UPDATE           /WEB-INF/descr/oln18.descr
[2014-11-25 13:28:38] REMOTE_ADD              /wr-images/spacer.gif
[2014-11-25 13:28:38] REMOTE_UPDATE           /WEB-INF/descr/opm1.descr
[2014-11-25 13:28:38] REMOTE_ADD              /WEB-INF/descr/inu2.descr
[2014-11-25 13:28:38] REMOTE_ADD              /WEB-INF/descr/ln135.descr
[2014-11-25 13:28:38] REMOTE_ADD              /WEB-INF/descr/icu5.descr
[2014-11-25 13:28:38] REMOTE_ADD              /WEB-INF/descr/switch1.descr
[2014-11-25 13:28:38] REMOTE_ADD              /WEB-INF/descr/kln12.descr
[2014-11-25 13:28:38] REMOTE_ADD              /WEB-INF/descr/ln3g.descr
[2014-11-25 13:28:38] REMOTE_ADD              /WEB-INF/descr/ln13.descr
[2014-11-25 13:28:38] REMOTE_ADD              /wr-css/global.css
[2014-11-25 13:28:38] REMOTE_ADD              /WEB-INF/descr/miu6.descr
[2014-11-25 13:28:38] REMOTE_ADD              /WEB-INF/descr/ln26.descr
[2014-11-25 13:28:38] REMOTE_ADD              /page16_miu11.jsp
[2014-11-25 13:28:38] REMOTE_ADD              /WEB-INF/descr/miu3.descr
[2014-11-25 13:28:38] REMOTE_ADD              /WEB-INF/descr/miu13.descr
[2014-11-25 13:28:38] REMOTE_ADD              /WEB-INF/descr/pwu1att23.descr
[2014-11-25 13:28:38] REMOTE_ADD              /WEB-INF/descr/pwu4userName.descr
[2014-11-25 13:28:38] REMOTE_UPDATE           /WEB-INF/descr/mfu3.descr
[2014-11-25 13:28:38] REMOTE_ADD              /WRDefault_Default.error.jsp
[2014-11-25 13:28:38] REMOTE_ADD              /WEB-INF/descr/groovy/message text.groovy
[2014-11-25 13:28:38] REMOTE_ADD              /WEB-INF/descr/ln145.descr
[2014-11-25 13:28:38] REMOTE_ADD              /WEB-INF/descr/oln13.descr
[2014-11-25 13:28:38] REMOTE_ADD              /WEB-INF/descr/ln176.descr
[2014-11-25 13:28:38] REMOTE_ADD              /WEB-INF/descr/rcnu2.descr
[2014-11-25 13:28:38] REMOTE_ADD              /WEB-INF/descr/seu25.descr
[2014-11-25 13:28:38] REMOTE_ADD              /WEB-INF/descr/ecu2-year.descr
[2014-11-25 13:28:38] REMOTE_ADD              /WEB-INF/descr/ln17.descr
[2014-11-25 13:28:38] REMOTE_ADD              /WEB-INF/descr/oln72.descr
[2014-11-25 13:28:38] REMOTE_ADD              /WEB-INF/descr/ln149.descr
[2014-11-25 13:28:38] REMOTE_ADD              /WEB-INF/descr/cru10.descr
[2014-11-25 13:28:38] REMOTE_UPDATE           /WEB-INF/descr/page17.descr
[2014-11-25 13:28:38] REMOTE_ADD              /WEB-INF/descr/miu15.descr
[2014-11-25 13:28:38] REMOTE_UPDATE           /WEB-INF/descr/ln91.descr
[2014-11-25 13:28:38] REMOTE_ADD              /WEB-INF/descr/oln29.descr
[2014-11-25 13:28:38] REMOTE_ADD              /WEB-INF/descr/oln47.descr
[2014-11-25 13:28:38] REMOTE_ADD              /WEB-INF/classes/com/webratio/webapp/Calendario.class
[2014-11-25 13:28:38] REMOTE_UPDATE           /WEB-INF/descr/_layout.descr
[2014-11-25 13:28:38] REMOTE_ADD              /WEB-INF/descr/lou1.descr
[2014-11-25 13:28:38] REMOTE_UPDATE           /WEB-INF/descr/ln38.descr
[2014-11-25 13:28:38] REMOTE_ADD              /WEB-INF/descr/rcnu1.descr
[2014-11-25 13:28:38] REMOTE_ADD              /WEB-INF/descr/ecu4-month-1.descr
[2014-11-25 13:28:38] REMOTE_ADD              /WEB-INF/descr/oln65.descr
[2014-11-25 13:28:38] REMOTE_ADD              /WEB-INF/descr/seu19.descr
[2014-11-25 13:28:38] REMOTE_UPDATE           /WEB-INF/descr/enu10.descr
[2014-11-25 13:28:38] REMOTE_ADD              /WEB-INF/descr/icu12.descr
[2014-11-25 13:28:38] REMOTE_ADD              /WEB-INF/descr/oln43.descr
[2014-11-25 13:28:38] REMOTE_ADD              /WEB-INF/classes/com/webratio/webapp/Comentario.java
[2014-11-25 13:28:38] REMOTE_ADD              /WEB-INF/descr/miu10.descr
[2014-11-25 13:28:38] REMOTE_ADD              /WEB-INF/descr/oln33.descr
[2014-11-25 13:28:38] REMOTE_ADD              /WEB-INF/classes/com/webratio/webapp/Cita.class
[2014-11-25 13:28:38] REMOTE_ADD              /WEB-INF/descr/mdu2.descr
[2014-11-25 13:28:38] REMOTE_ADD              /WEB-INF/descr/ecu2.descr
[2014-11-25 13:28:38] REMOTE_ADD              /WEB-INF/descr/mssu6.descr
[2014-11-25 13:28:38] REMOTE_ADD              /WEB-INF/descr/ln120.descr
[2014-11-25 13:28:38] REMOTE_ADD              /WEB-INF/descr/ln126.descr
[2014-11-25 13:28:38] REMOTE_ADD              /WEB-INF/descr/ecu4-month-2.descr
[2014-11-25 13:28:38] REMOTE_ADD              /WEB-INF/descr/ln137.descr
[2014-11-25 13:28:38] REMOTE_UPDATE           /WEB-INF/classes/com/webratio/webapp/Categoria.hbm.xml
[2014-11-25 13:28:38] REMOTE_UPDATE           /WEB-INF/descr/oln23.descr
[2014-11-25 13:28:38] REMOTE_UPDATE           /WEB-INF/descr/ln11.descr
[2014-11-25 13:28:38] REMOTE_UPDATE           /WEB-INF/descr/dlu1.descr
[2014-11-25 13:28:38] REMOTE_ADD              /WEB-INF/descr/ln143.descr
[2014-11-25 13:28:38] REMOTE_ADD              /WEB-INF/descr/oln81.descr
[2014-11-25 13:28:38] REMOTE_ADD              /WEB-INF/descr/ecu2-month-9.descr
[2014-11-25 13:28:38] REMOTE_ADD              /WEB-INF/classes/com/webratio/webapp/Cita.hbm.xml
[2014-11-25 13:28:38] REMOTE_ADD              /WEB-INF/classes/com/webratio/webapp/Modulo.class
[2014-11-25 13:28:38] REMOTE_UPDATE           /WEB-INF/descr/page4.descr
[2014-11-25 13:28:38] REMOTE_ADD              /WEB-INF/descr/oln62.descr
[2014-11-25 13:28:38] REMOTE_ADD              /WEB-INF/descr/oln41.descr
[2014-11-25 13:28:38] REMOTE_ADD              /WEB-INF/descr/seu23.descr
[2014-11-25 13:28:38] REMOTE_ADD              /WEB-INF/descr/oln84.descr
[2014-11-25 13:28:38] REMOTE_ADD              /WEB-INF/descr/icu3.descr
[2014-11-25 13:28:38] REMOTE_UPDATE           /WEB-INF/descr/enu8.descr
[2014-11-25 13:28:38] REMOTE_ADD              /WEB-INF/descr/inn4.descr
[2014-11-25 13:28:38] REMOTE_UPDATE           /WEB-INF/descr/miu1.descr
[2014-11-25 13:28:38] REMOTE_ADD              /WEB-INF/descr/oln78.descr
[2014-11-25 13:28:38] REMOTE_ADD              /WEB-INF/classes/com/webratio/webapp/Usuario.hbm.xml
[2014-11-25 13:28:38] REMOTE_ADD              /WEB-INF/descr/pwu4Block.descr
[2014-11-25 13:28:38] REMOTE_ADD              /wr-images/icons/unSelectAll.gif
[2014-11-25 13:28:38] REMOTE_ADD              /WEB-INF/descr/ecu4-month-3.descr
[2014-11-25 13:28:38] REMOTE_ADD              /WEB-INF/descr/ln129.descr
[2014-11-25 13:28:38] REMOTE_UPDATE           /WEB-INF/descr/oln25.descr
[2014-11-25 13:28:38] REMOTE_ADD              /WEB-INF/descr/oln9.descr
[2014-11-25 13:28:38] REMOTE_ADD              /WEB-INF/descr/gtu9.descr
[2014-11-25 13:28:38] REMOTE_ADD              /WEB-INF/descr/inn3.descr
[2014-11-25 13:28:38] REMOTE_ADD              /WEB-INF/descr/ln22.descr
[2014-11-25 13:28:38] REMOTE_UPDATE           /WEB-INF/descr/enu9.descr
[2014-11-25 13:28:38] REMOTE_ADD              /WEB-INF/descr/gtu3.descr
[2014-11-25 13:28:38] REMOTE_UPDATE           /page17.jsp
[2014-11-25 13:28:38] REMOTE_ADD              /WEB-INF/descr/gtu6.descr
[2014-11-25 13:28:38] REMOTE_ADD              /WEB-INF/descr/ln151.descr
[2014-11-25 13:28:38] REMOTE_ADD              /WEB-INF/descr/oln82.descr
[2014-11-25 13:28:38] REMOTE_ADD              /WEB-INF/descr/oln12.descr
[2014-11-25 13:28:38] REMOTE_ADD              /WEB-INF/descr/scu2.descr
[2014-11-25 13:28:38] REMOTE_ADD              /WRDefault_Default.login.jsp
[2014-11-25 13:28:38] REMOTE_ADD              /WEB-INF/descr/gtu5.descr
[2014-11-25 13:28:38] REMOTE_ADD              /WEB-INF/descr/ln136.descr
[2014-11-25 13:28:38] REMOTE_UPDATE           /WEB-INF/descr/page3.descr
[2014-11-25 13:28:38] REMOTE_ADD              /WEB-INF/descr/oln2g.descr
[2014-11-25 13:28:38] REMOTE_ADD              /WEB-INF/descr/seu15.descr
[2014-11-25 13:28:38] REMOTE_ADD              /WEB-INF/descr/oln32.descr
[2014-11-25 13:28:38] REMOTE_ADD              /WEB-INF/descr/ln42.descr
[2014-11-25 13:28:38] REMOTE_ADD              /WEB-INF/classes/com/webratio/webapp/Grupo.hbm.xml
[2014-11-25 13:28:38] REMOTE_ADD              /WEB-INF/classes/com/webratio/webapp/Hora.hbm.xml
[2014-11-25 13:28:38] REMOTE_ADD              /WEB-INF/descr/ln123.descr
[2014-11-25 13:28:38] REMOTE_ADD              /WEB-INF/descr/ecu4-year.descr
[2014-11-25 13:28:38] REMOTE_ADD              /WEB-INF/descr/switch4.descr
[2014-11-25 13:28:38] REMOTE_UPDATE           /WEB-INF/descr/dau5.descr
[2014-11-25 13:28:38] REMOTE_ADD              /WEB-INF/descr/seu17.descr
[2014-11-25 13:28:38] REMOTE_ADD              /WEB-INF/descr/opu1g.descr
[2014-11-25 13:28:38] REMOTE_ADD              /WEB-INF/descr/pwu4Previous.descr
[2014-11-25 13:28:38] REMOTE_ADD              /WEB-INF/descr/icu14.descr
[2014-11-25 13:28:38] REMOTE_ADD              /WEB-INF/descr/oln80.descr
[2014-11-25 13:28:38] REMOTE_ADD              /WEB-INF/descr/pwu3Previous.descr
[2014-11-25 13:28:38] REMOTE_ADD      RESTART /WEB-INF/classes/ApplicationResources_en.properties
[2014-11-25 13:28:38] REMOTE_ADD              /WEB-INF/descr/okcu8.descr
[2014-11-25 13:28:38] REMOTE_ADD              /WEB-INF/classes/com/webratio/webapp/Usuario.java
[2014-11-25 13:28:38] REMOTE_ADD              /WEB-INF/descr/scju2.descr
[2014-11-25 13:28:38] REMOTE_UPDATE   RESTART /WEB-INF/classes/datamodel.xml
[2014-11-25 13:28:38] REMOTE_ADD              /WEB-INF/descr/ln159.descr
[2014-11-25 13:28:38] REMOTE_UPDATE           /WEB-INF/descr/ln12.descr
[2014-11-25 13:28:38] REMOTE_UPDATE           /WEB-INF/descr/ln2.descr
[2014-11-25 13:28:38] REMOTE_ADD              /WEB-INF/descr/kln9.descr
[2014-11-25 13:28:38] REMOTE_ADD              /WEB-INF/descr/lpu2.descr
[2014-11-25 13:28:38] REMOTE_ADD              /WEB-INF/descr/oln79.descr
[2014-11-25 13:28:38] REMOTE_UPDATE           /WEB-INF/descr/oln1.descr
[2014-11-25 13:28:38] REMOTE_ADD              /wr-images/icons/dialog-min.png
[2014-11-25 13:28:38] REMOTE_ADD              /page4_miu4.jsp
[2014-11-25 13:28:38] REMOTE_ADD              /WEB-INF/descr/ln106.descr
[2014-11-25 13:28:38] REMOTE_UPDATE           /WEB-INF/classes/com/webratio/webapp/Categoria.class
[2014-11-25 13:28:38] REMOTE_ADD              /WEB-INF/descr/seu24.descr
[2014-11-25 13:28:38] REMOTE_ADD              /WEB-INF/descr/oln36.descr
[2014-11-25 13:28:38] REMOTE_ADD              /WEB-INF/descr/pwu1userName.descr
[2014-11-25 13:28:38] REMOTE_ADD              /WEB-INF/descr/oln100.descr
[2014-11-25 13:28:38] REMOTE_UPDATE           /WEB-INF/descr/_access.descr
[2014-11-25 13:28:38] REMOTE_UPDATE           /WEB-INF/descr/page19.descr
[2014-11-25 13:28:38] REMOTE_ADD              /WEB-INF/descr/oln27.descr
[2014-11-25 13:28:38] REMOTE_ADD              /WEB-INF/descr/ln103.descr
[2014-11-25 13:28:38] REMOTE_ADD              /WEB-INF/descr/pcu6.descr
[2014-11-25 13:28:38] REMOTE_ADD              /WEB-INF/descr/page11.descr
[2014-11-25 13:28:38] REMOTE_ADD              /WEB-INF/descr/ln146.descr
[2014-11-25 13:28:38] DELETE                  /WEB-INF/descr/ln79.descr
[2014-11-25 13:28:38] DELETE                  /upload/combo_1.jpg
[2014-11-25 13:28:38] DELETE                  /img/bg_head_top_logo.jpg
[2014-11-25 13:28:38] DELETE                  /WEB-INF/descr/dau6.descr
[2014-11-25 13:28:38] DELETE                  /img/bg_head_middle.jpg
[2014-11-25 13:28:38] DELETE                  /WEB-INF/descr/page12.link.descr
[2014-11-25 13:28:38] DELETE                  /css/webratio.css
[2014-11-25 13:28:38] DELETE                  /css/header3_setup.css
[2014-11-25 13:28:38] DELETE                  /img/bg_bullet_full_2.gif
[2014-11-25 13:28:38] DELETE                  /WEB-INF/classes/com/webratio/webapp/EspecificacionTecnica.hbm.xml
[2014-11-25 13:28:38] DELETE                  /css/layout1_text.css
[2014-11-25 13:28:38] DELETE                  /css/header6_setup.css
[2014-11-25 13:28:38] DELETE                  /WEB-INF/descr/dau14.descr
[2014-11-25 13:28:38] DELETE                  /WEB-INF/descr/pwu4att10.descr
[2014-11-25 13:28:38] DELETE                  /WEB-INF/descr/ln95.descr
[2014-11-25 13:28:38] DELETE                  /WEB-INF/descr/cnu1.descr
[2014-11-25 13:28:38] DELETE                  /upload/small_table_3.jpg
[2014-11-25 13:28:38] DELETE                  /WEB-INF/classes/com/webratio/webapp/Combinacion.hbm.xml
[2014-11-25 13:28:38] DELETE                  /page4.jsp
[2014-11-25 13:28:38] DELETE                  /upload/table_5.jpg
[2014-11-25 13:28:38] DELETE                  /WEB-INF/descr/pwu5att10.descr
[2014-11-25 13:28:38] DELETE                  /upload/lamp_1.jpg
[2014-11-25 13:28:38] DELETE                  /WEB-INF/descr/enu13.descr
[2014-11-25 13:28:38] DELETE                  /WEB-INF/descr/pwu9att19.descr
[2014-11-25 13:28:38] DELETE                  /WEB-INF/descr/kln29.descr
[2014-11-25 13:28:38] DELETE                  /WEB-INF/descr/hinu1.descr
[2014-11-25 13:28:38] DELETE                  /WEB-INF/descr/flu2.descr
[2014-11-25 13:28:38] DELETE                  /WEB-INF/descr/ln71.descr
[2014-11-25 13:28:38] DELETE                  /upload/small_lamp_1.jpg
[2014-11-25 13:28:38] DELETE                  /WEB-INF/descr/page6.descr
[2014-11-25 13:28:38] DELETE                  /img/bg_head_top.jpg
[2014-11-25 13:28:38] DELETE                  /WEB-INF/classes/com/webratio/webapp/Group.java
[2014-11-25 13:28:38] DELETE                  /Multiflex_Default.error.jsp
[2014-11-25 13:28:38] DELETE                  /WEB-INF/descr/dau16.descr
[2014-11-25 13:28:38] DELETE                  /page23.jsp
[2014-11-25 13:28:38] DELETE                  /WEB-INF/descr/pwu13Next.descr
[2014-11-25 13:28:38] DELETE                  /upload/chair_1.jpg
[2014-11-25 13:28:38] DELETE                  /WEB-INF/descr/scu1Last.descr
[2014-11-25 13:28:38] DELETE                  /WEB-INF/descr/page6.link.descr
[2014-11-25 13:28:38] DELETE                  /WEB-INF/descr/miu2.descr
[2014-11-25 13:28:38] DELETE                  /img/favicon.ico
[2014-11-25 13:28:38] DELETE                  /WEB-INF/descr/ln28.descr
[2014-11-25 13:28:38] DELETE                  /WEB-INF/descr/page23.descr
[2014-11-25 13:28:38] DELETE                  /upload/table_4.jpg
[2014-11-25 13:28:38] DELETE                  /WEB-INF/descr/pwu5.descr
[2014-11-25 13:28:38] DELETE                  /WEB-INF/descr/page21.descr
[2014-11-25 13:28:38] DELETE                  /WEB-INF/descr/dcu1.descr
[2014-11-25 13:28:38] DELETE                  /css/header2_setup.css
[2014-11-25 13:28:38] DELETE                  /WEB-INF/descr/scu1Block.descr
[2014-11-25 13:28:38] DELETE                  /upload/table_1.jpg
[2014-11-25 13:28:38] DELETE                  /img/bg_bullet_arrow.gif
[2014-11-25 13:28:38] DELETE                  /WEB-INF/classes/com/webratio/webapp/Tienda.java
[2014-11-25 13:28:38] DELETE                  /Multiflex_Default.login.jsp
[2014-11-25 13:28:38] DELETE                  /WEB-INF/classes/com/webratio/webapp/Module.class
[2014-11-25 13:28:38] DELETE                  /WEB-INF/descr/ln54.descr
[2014-11-25 13:28:38] DELETE                  /WEB-INF/descr/pwu2.descr
[2014-11-25 13:28:38] DELETE                  /WEB-INF/classes/com/webratio/webapp/Combinacion.java
[2014-11-25 13:28:38] DELETE                  /WEB-INF/descr/ln80.descr
[2014-11-25 13:28:38] DELETE                  /WEB-INF/descr/mfu5.descr
[2014-11-25 13:28:38] DELETE                  /WEB-INF/descr/ln64.descr
[2014-11-25 13:28:38] DELETE                  /WEB-INF/descr/ln68.descr
[2014-11-25 13:28:38] DELETE                  /WEB-INF/descr/page4.link.descr
[2014-11-25 13:28:38] DELETE                  /upload/chair_4.jpg
[2014-11-25 13:28:38] DELETE                  /WEB-INF/descr/ln83.descr
[2014-11-25 13:28:38] DELETE                  /WEB-INF/descr/kln25.descr
[2014-11-25 13:28:38] DELETE                  /WEB-INF/descr/pwu13Previous.descr
[2014-11-25 13:28:38] DELETE                  /upload/chair_2.jpg
[2014-11-25 13:28:38] DELETE                  /WEB-INF/descr/ln76.descr
[2014-11-25 13:28:38] DELETE                  /upload/lamp_3.jpg
[2014-11-25 13:28:38] DELETE                  /WEB-INF/descr/kln27.descr
[2014-11-25 13:28:38] DELETE                  /WEB-INF/classes/com/webratio/webapp/Combinacion.class
[2014-11-25 13:28:38] DELETE                  /upload/small_lamp_2.jpg
[2014-11-25 13:28:38] DELETE                  /WEB-INF/descr/dau15.descr
[2014-11-25 13:28:38] DELETE                  /page24.jsp
[2014-11-25 13:28:38] DELETE                  /WEB-INF/descr/enu11.descr
[2014-11-25 13:28:38] DELETE                  /WEB-INF/descr/page18.link.descr
[2014-11-25 13:28:38] DELETE                  /WEB-INF/descr/pwu12.descr
[2014-11-25 13:28:38] DELETE                  /WEB-INF/classes/com/webratio/webapp/Producto.class
[2014-11-25 13:28:38] DELETE                  /WEB-INF/descr/page18.descr
[2014-11-25 13:28:38] DELETE                  /WEB-INF/descr/kln28.descr
[2014-11-25 13:28:38] DELETE                  /img/bg_main_withnav_reverse.jpg
[2014-11-25 13:28:38] DELETE                  /WEB-INF/descr/pwu14.descr
[2014-11-25 13:28:38] DELETE                  /WEB-INF/descr/pwu11.descr
[2014-11-25 13:28:38] DELETE                  /WEB-INF/descr/kln23.descr
[2014-11-25 13:28:38] DELETE                  /WEB-INF/classes/com/webratio/webapp/Imagen.class
[2014-11-25 13:28:38] DELETE                  /WEB-INF/classes/com/webratio/webapp/Group.hbm.xml
[2014-11-25 13:28:38] DELETE                  /css/layout1_setup.css
[2014-11-25 13:28:38] DELETE                  /img/myphoto.jpg
[2014-11-25 13:28:38] DELETE                  /WEB-INF/classes/com/webratio/webapp/Imagen.hbm.xml
[2014-11-25 13:28:38] DELETE                  /WEB-INF/classes/com/webratio/webapp/Tienda.class
[2014-11-25 13:28:38] DELETE                  /WEB-INF/descr/scu1First.descr
[2014-11-25 13:28:38] DELETE                  /WEB-INF/descr/ln65.descr
[2014-11-25 13:28:38] DELETE                  /WEB-INF/descr/dlu12.descr
[2014-11-25 13:28:38] DELETE                  /WEB-INF/descr/ln63.descr
[2014-11-25 13:28:38] DELETE                  /WEB-INF/descr/ln51.descr
[2014-11-25 13:28:38] DELETE                  /img/bg_head_bottom_nav.jpg
[2014-11-25 13:28:38] DELETE                  /WEB-INF/descr/page16.link.descr
[2014-11-25 13:28:38] DELETE                  /WEB-INF/descr/dau2.descr
[2014-11-25 13:28:38] DELETE                  /WEB-INF/descr/flu1.descr
[2014-11-25 13:28:38] DELETE                  /img/bg_main_withnav.jpg
[2014-11-25 13:28:38] DELETE                  /css/layout2_setup.css
[2014-11-25 13:28:38] DELETE                  /upload/combo_5.jpg
[2014-11-25 13:28:38] DELETE                  /WEB-INF/descr/kln38.descr
[2014-11-25 13:28:38] DELETE                  /WEB-INF/classes/com/webratio/webapp/User.hbm.xml
[2014-11-25 13:28:38] DELETE                  /page13.jsp
[2014-11-25 13:28:38] DELETE                  /upload/small_chair_3.jpg
[2014-11-25 13:28:38] DELETE                  /WEB-INF/descr/scu1Previous.descr
[2014-11-25 13:28:38] DELETE                  /upload/small_table_5.jpg
[2014-11-25 13:28:38] DELETE                  /WEB-INF/descr/ln70.descr
[2014-11-25 13:28:38] DELETE                  /WEB-INF/descr/pwu6.descr
[2014-11-25 13:28:38] DELETE                  /WEB-INF/descr/pwu5att11.descr
[2014-11-25 13:28:38] DELETE                  /WEB-INF/descr/ln86.descr
[2014-11-25 13:28:38] DELETE                  /WEB-INF/descr/enu12.descr
[2014-11-25 13:28:38] DELETE                  /img/flag_germany.gif
[2014-11-25 13:28:38] DELETE                  /page6.jsp
[2014-11-25 13:28:38] DELETE                  /WEB-INF/classes/com/webratio/webapp/Module.java
[2014-11-25 13:28:38] DELETE                  /css/header7_setup.css
[2014-11-25 13:28:38] DELETE                  /WEB-INF/classes/com/webratio/webapp/Module.hbm.xml
[2014-11-25 13:28:38] DELETE                  /WEB-INF/descr/dlu11.descr
[2014-11-25 13:28:38] DELETE                  /WEB-INF/descr/dau7.descr
[2014-11-25 13:28:38] DELETE                  /upload/small_chair_4.jpg
[2014-11-25 13:28:38] DELETE                  /WEB-INF/descr/dau1.descr
[2014-11-25 13:28:38] DELETE                  /page21.jsp
[2014-11-25 13:28:38] DELETE                  /img/bg_head_bottom_nav_hover.gif
[2014-11-25 13:28:38] DELETE                  /upload/bigimage2.jpg
[2014-11-25 13:28:38] DELETE                  /css/layout4_text.css
[2014-11-25 13:28:38] DELETE                  /css/header1_setup.css
[2014-11-25 13:28:38] DELETE                  /upload/table_3.jpg
[2014-11-25 13:28:38] DELETE                  /upload/small_table_4.jpg
[2014-11-25 13:28:38] DELETE                  /img/bg_head_breadcrumbs.jpg
[2014-11-25 13:28:38] DELETE                  /WEB-INF/descr/ln48.descr
[2014-11-25 13:28:38] DELETE                  /WEB-INF/descr/ln73.descr
[2014-11-25 13:28:38] DELETE                  /WEB-INF/descr/dlu5.descr
[2014-11-25 13:28:38] DELETE                  /css/layout3_text.css
[2014-11-25 13:28:38] DELETE                  /css/layout5_setup.css
[2014-11-25 13:28:38] DELETE                  /WEB-INF/descr/kln18.descr
[2014-11-25 13:28:38] DELETE                  /WEB-INF/descr/ln55.descr
[2014-11-25 13:28:38] DELETE                  /page12.jsp
[2014-11-25 13:28:38] DELETE                  /WEB-INF/classes/com/webratio/webapp/Tienda.hbm.xml
[2014-11-25 13:28:38] DELETE                  /WEB-INF/descr/page25.descr
[2014-11-25 13:28:38] DELETE                  /WEB-INF/descr/dau12.descr
[2014-11-25 13:28:38] DELETE                  /WEB-INF/descr/dau11.descr
[2014-11-25 13:28:38] DELETE                  /upload/lamp_5_1.jpg
[2014-11-25 13:28:38] DELETE                  /WEB-INF/descr/page19.link.descr
[2014-11-25 13:28:38] DELETE                  /WEB-INF/descr/kln34.descr
[2014-11-25 13:28:38] DELETE                  /WEB-INF/descr/pwu7.descr
[2014-11-25 13:28:38] DELETE                  /WEB-INF/descr/ln62_1.descr
[2014-11-25 13:28:38] DELETE                  /upload/lamp_2.jpg
[2014-11-25 13:28:38] DELETE                  /WEB-INF/descr/pwu2att13.descr
[2014-11-25 13:28:38] DELETE                  /upload/small_lamp_5.jpg
[2014-11-25 13:28:38] DELETE                  /upload/location_1.jpg
[2014-11-25 13:28:38] DELETE                  /WEB-INF/descr/pwu8.descr
[2014-11-25 13:28:38] DELETE                  /img/image.jpg
[2014-11-25 13:28:38] DELETE                  /page16.jsp
[2014-11-25 13:28:38] DELETE                  /css/layout2_text.css
[2014-11-25 13:28:38] DELETE                  /WEB-INF/descr/kln20.descr
[2014-11-25 13:28:38] DELETE                  /upload/table_2.jpg
[2014-11-25 13:28:38] DELETE                  /WEB-INF/descr/pwu6att5.descr
[2014-11-25 13:28:38] DELETE                  /upload/small_table_1.jpg
[2014-11-25 13:28:38] DELETE                  /page25.jsp
[2014-11-25 13:28:38] DELETE                  /WEB-INF/descr/page25.link.descr
[2014-11-25 13:28:38] DELETE                  /img/bg_corner_topleft.gif
[2014-11-25 13:28:38] DELETE                  /WEB-INF/descr/scu1Next.descr
[2014-11-25 13:28:38] DELETE                  /WEB-INF/classes/com/webratio/webapp/Producto.java
[2014-11-25 13:28:38] DELETE                  /upload/lamp_5.jpg
[2014-11-25 13:28:38] DELETE                  /WEB-INF/descr/pwu8att5.descr
[2014-11-25 13:28:38] DELETE                  /WEB-INF/descr/ln89.descr
[2014-11-25 13:28:38] DELETE                  /img/bg_corner_topright.gif
[2014-11-25 13:28:38] DELETE                  /img/bg_bullet_half_1.gif
[2014-11-25 13:28:38] DELETE                  /WEB-INF/descr/dau13.descr
[2014-11-25 13:28:38] DELETE                  /WEB-INF/descr/scu1.descr
[2014-11-25 13:28:38] DELETE                  /img/flag_italy.gif
[2014-11-25 13:28:38] DELETE                  /upload/combo_2.jpg
[2014-11-25 13:28:38] DELETE                  /upload/small_chair_5.jpg
[2014-11-25 13:28:38] DELETE                  /WEB-INF/classes/com/webratio/webapp/Imagen.java
[2014-11-25 13:28:38] DELETE                  /WEB-INF/classes/com/webratio/webapp/User.class
[2014-11-25 13:28:38] DELETE                  /upload/chair_5.jpg
[2014-11-25 13:28:38] DELETE                  /WEB-INF/descr/dlu4.descr
[2014-11-25 13:28:38] DELETE                  /WEB-INF/descr/ln78_1.descr
[2014-11-25 13:28:38] DELETE                  /WEB-INF/descr/ln81.descr
[2014-11-25 13:28:38] DELETE                  /WEB-INF/descr/dau10.descr
[2014-11-25 13:28:38] DELETE                  /WEB-INF/descr/ln68_1.descr
[2014-11-25 13:28:38] DELETE                  /WEB-INF/classes/com/webratio/webapp/EspecificacionTecnica.java
[2014-11-25 13:28:38] DELETE                  /WEB-INF/descr/page26.descr
[2014-11-25 13:28:38] DELETE                  /css/header5_setup.css
[2014-11-25 13:28:38] DELETE                  /WEB-INF/descr/mfu6.descr
[2014-11-25 13:28:38] DELETE                  /WEB-INF/descr/page26.link.descr
[2014-11-25 13:28:38] DELETE          RESTART /WEB-INF/classes/ApplicationResources_en_US.properties
[2014-11-25 13:28:38] DELETE                  /WEB-INF/descr/ln74.descr
[2014-11-25 13:28:38] DELETE                  /WEB-INF/descr/pwu10.descr
[2014-11-25 13:28:38] DELETE                  /WEB-INF/descr/pwu13att10.descr
[2014-11-25 13:28:38] DELETE                  /WEB-INF/descr/pwu13Last.descr
[2014-11-25 13:28:38] DELETE                  /WEB-INF/descr/pwu13First.descr
[2014-11-25 13:28:38] DELETE                  /WEB-INF/descr/dlu13.descr
[2014-11-25 13:28:38] DELETE                  /WEB-INF/descr/cru3.descr
[2014-11-25 13:28:38] DELETE                  /WEB-INF/descr/page24.descr
[2014-11-25 13:28:38] DELETE                  /WEB-INF/descr/kln33.descr
[2014-11-25 13:28:38] DELETE                  /WEB-INF/descr/ln83_1.descr
[2014-11-25 13:28:38] DELETE                  /page18.jsp
[2014-11-25 13:28:38] DELETE                  /WEB-INF/descr/ln78.descr
[2014-11-25 13:28:38] DELETE                  /upload/chair_3.jpg
[2014-11-25 13:28:38] DELETE                  /WEB-INF/descr/ln92.descr
[2014-11-25 13:28:38] DELETE                  /upload/small_chair_1.jpg
[2014-11-25 13:28:38] DELETE                  /WEB-INF/descr/pwu13Block.descr
[2014-11-25 13:28:38] DELETE                  /WEB-INF/descr/ln3.descr
[2014-11-25 13:28:38] DELETE                  /WEB-INF/descr/pwu11att10.descr
[2014-11-25 13:28:38] DELETE                  /WEB-INF/descr/pwu14att10.descr
[2014-11-25 13:28:38] DELETE                  /img/bg_foot.jpg
[2014-11-25 13:28:38] DELETE                  /img/bg_main_withoutnav.jpg
[2014-11-25 13:28:38] DELETE                  /WEB-INF/descr/ln69.descr
[2014-11-25 13:28:38] DELETE                  /upload/colors.jpg
[2014-11-25 13:28:38] DELETE                  /WEB-INF/descr/pwu13.descr
[2014-11-25 13:28:38] DELETE                  /upload/small_lamp_3.jpg
[2014-11-25 13:28:38] DELETE                  /WEB-INF/descr/ln47.descr
[2014-11-25 13:28:38] DELETE                  /img/bg_bullet_half_2.gif
[2014-11-25 13:28:38] DELETE                  /css/layout5_text.css
[2014-11-25 13:28:38] DELETE                  /page2.jsp
[2014-11-25 13:28:38] DELETE                  /img/bg_bullet_full_1.gif
[2014-11-25 13:28:38] DELETE                  /css/header4_setup.css
[2014-11-25 13:28:38] DELETE                  /img/flag_sweden.gif
[2014-11-25 13:28:38] DELETE                  /WEB-INF/classes/com/webratio/webapp/Producto.hbm.xml
[2014-11-25 13:28:38] DELETE                  /upload/combo_4.jpg
[2014-11-25 13:28:38] DELETE                  /WEB-INF/descr/kln21.descr
[2014-11-25 13:28:38] DELETE                  /upload/small_table_2.jpg
[2014-11-25 13:28:38] DELETE                  /upload/small_lamp_4.jpg
[2014-11-25 13:28:38] DELETE                  /page8.jsp
[2014-11-25 13:28:38] DELETE                  /WEB-INF/descr/pwu3att5.descr
[2014-11-25 13:28:38] DELETE                  /WEB-INF/classes/com/webratio/webapp/EspecificacionTecnica.class
[2014-11-25 13:28:38] DELETE                  /WEB-INF/descr/page7.link.descr
[2014-11-25 13:28:38] DELETE                  /upload/combo_3.jpg
[2014-11-25 13:28:38] DELETE                  /css/layout4_setup.css
[2014-11-25 13:28:38] DELETE                  /WEB-INF/descr/pwu7att13.descr
[2014-11-25 13:28:38] DELETE                  /upload/map_1.jpg
[2014-11-25 13:28:38] DELETE                  /upload/small_chair_2.jpg
[2014-11-25 13:28:38] DELETE                  /WEB-INF/descr/kln36.descr
[2014-11-25 13:28:38] DELETE                  /WEB-INF/descr/dlu7.descr
[2014-11-25 13:28:38] DELETE                  /WEB-INF/descr/kln19.descr
[2014-11-25 13:28:38] DELETE                  /WEB-INF/descr/ln77.descr
[2014-11-25 13:28:38] DELETE                  /WEB-INF/classes/com/webratio/webapp/User.java
[2014-11-25 13:28:38] DELETE                  /WEB-INF/descr/dau8.descr
[2014-11-25 13:28:38] DELETE                  /upload/lamp_4.jpg
[2014-11-25 13:28:38] DELETE                  /page7.jsp
[2014-11-25 13:28:38] DELETE                  /WEB-INF/descr/dau9.descr
[2014-11-25 13:28:38] DELETE                  /WEB-INF/descr/pwu9.descr
[2014-11-25 13:28:38] DELETE                  /page26.jsp
[2014-11-25 13:28:38] DELETE                  /WEB-INF/descr/cnu6.descr
[2014-11-25 13:28:38] DELETE                  /WEB-INF/descr/page8.link.descr
[2014-11-25 13:28:38] DELETE                  /WEB-INF/descr/ln29.descr
[2014-11-25 13:28:38] DELETE                  /WEB-INF/descr/pwu12att19.descr
[2014-11-25 13:28:38] DELETE                  /css/layout3_setup.css
[2014-11-25 13:28:38] DELETE                  /WEB-INF/classes/com/webratio/webapp/Group.class
[2014-11-25 13:28:38] --------------------------------------------
[2014-11-25 13:28:38] Stopping application server
[2014-11-25 13:28:53] Uploading changes (0 bytes)
[2014-11-25 13:28:59] Starting application server
