[2014-11-25 11:36:15] Uploading application on server [54.229.13.249]
[2014-11-25 11:36:15] Computing changes...
[2014-11-25 11:36:18] Found 145 file(s) changed
[2014-11-25 11:36:18] --------------------------------------------
[2014-11-25 11:36:18] UPDATE                  /WEB-INF/descr/cru1.descr
[2014-11-25 11:36:18] ADD                     /WEB-INF/classes/com/webratio/webapp/Comentario.class
[2014-11-25 11:36:18] UPDATE                  /WEB-INF/descr/seu7.descr
[2014-11-25 11:36:18] UPDATE                  /WEB-INF/descr/seu26.descr
[2014-11-25 11:36:18] UPDATE                  /page1_ajax.jsp
[2014-11-25 11:36:18] UPDATE                  /WEB-INF/descr/inu1.descr
[2014-11-25 11:36:18] UPDATE                  /WEB-INF/descr/page1.descr
[2014-11-25 11:36:18] ADD                     /WEB-INF/classes/com/webratio/webapp/Hora.java
[2014-11-25 11:36:18] UPDATE                  /page11_miu5.jsp
[2014-11-25 11:36:18] ADD                     /WEB-INF/classes/com/webratio/webapp/Hora.class
[2014-11-25 11:36:18] ADD                     /WEB-INF/classes/com/webratio/webapp/Grupo.java
[2014-11-25 11:36:18] UPDATE                  /WEB-INF/descr/dlu3.descr
[2014-11-25 11:36:18] UPDATE                  /WEB-INF/descr/page16.descr
[2014-11-25 11:36:18] UPDATE                  /WEB-INF/descr/seu9.descr
[2014-11-25 11:36:18] UPDATE          RESTART /WEB-INF/classes/db1.hibernate.cfg.xml
[2014-11-25 11:36:18] UPDATE                  /WEB-INF/descr/seu18.descr
[2014-11-25 11:36:18] UPDATE                  /WEB-INF/descr/cnu2.descr
[2014-11-25 11:36:18] UPDATE                  /WEB-INF/descr/mfu1.descr
[2014-11-25 11:36:18] UPDATE                  /WEB-INF/descr/cnu3.descr
[2014-11-25 11:36:18] UPDATE                  /WEB-INF/descr/pwu3.descr
[2014-11-25 11:36:18] UPDATE                  /page14_miu5.jsp
[2014-11-25 11:36:18] UPDATE                  /WEB-INF/descr/mdu4.descr
[2014-11-25 11:36:18] UPDATE                  /page5.jsp
[2014-11-25 11:36:18] UPDATE                  /WEB-INF/descr/cnu4.descr
[2014-11-25 11:36:18] UPDATE                  /WEB-INF/descr/seu5.descr
[2014-11-25 11:36:18] ADD                     /WEB-INF/classes/com/webratio/webapp/Calendario.hbm.xml
[2014-11-25 11:36:18] UPDATE                  /WEB-INF/descr/dau1g.descr
[2014-11-25 11:36:18] UPDATE                  /WEB-INF/descr/cru5.descr
[2014-11-25 11:36:18] ADD                     /WEB-INF/classes/com/webratio/webapp/Comentario.hbm.xml
[2014-11-25 11:36:18] UPDATE                  /WEB-INF/descr/dau2g.descr
[2014-11-25 11:36:18] UPDATE                  /WEB-INF/descr/seu11.descr
[2014-11-25 11:36:18] UPDATE                  /WEB-INF/descr/enu4.descr
[2014-11-25 11:36:18] UPDATE                  /WEB-INF/descr/seu3.descr
[2014-11-25 11:36:18] ADD                     /WEB-INF/classes/com/webratio/webapp/Cita.java
[2014-11-25 11:36:18] UPDATE                  /WEB-INF/descr/cru9.descr
[2014-11-25 11:36:18] UPDATE                  /WEB-INF/descr/enu1.descr
[2014-11-25 11:36:18] UPDATE                  /WEB-INF/descr/mdu6.descr
[2014-11-25 11:36:18] ADD                     /WEB-INF/classes/com/webratio/webapp/Usuario.class
[2014-11-25 11:36:18] UPDATE                  /page5_ajax.jsp
[2014-11-25 11:36:18] UPDATE                  /WEB-INF/descr/okcu2.descr
[2014-11-25 11:36:18] UPDATE                  /WEB-INF/descr/miu9.descr
[2014-11-25 11:36:18] UPDATE                  /WEB-INF/descr/dau3.descr
[2014-11-25 11:36:18] UPDATE                  /WEB-INF/descr/seu21.descr
[2014-11-25 11:36:18] UPDATE                  /WEB-INF/descr/seu10.descr
[2014-11-25 11:36:18] UPDATE                  /page19.jsp
[2014-11-25 11:36:18] UPDATE                  /WEB-INF/descr/seu2.descr
[2014-11-25 11:36:18] UPDATE                  /WEB-INF/descr/cru2.descr
[2014-11-25 11:36:18] UPDATE                  /WEB-INF/descr/cnu5.descr
[2014-11-25 11:36:18] UPDATE                  /WEB-INF/descr/dau4.descr
[2014-11-25 11:36:18] ADD                     /WEB-INF/classes/com/webratio/webapp/Calendario.java
[2014-11-25 11:36:18] ADD                     /WEB-INF/classes/com/webratio/webapp/Categoria.java
[2014-11-25 11:36:18] UPDATE                  /WEB-INF/descr/seu12.descr
[2014-11-25 11:36:18] UPDATE                  /WEB-INF/descr/seu14.descr
[2014-11-25 11:36:18] UPDATE                  /WEB-INF/descr/ecu4.descr
[2014-11-25 11:36:18] UPDATE                  /WEB-INF/descr/cru8.descr
[2014-11-25 11:36:18] UPDATE                  /WEB-INF/descr/seu16.descr
[2014-11-25 11:36:18] UPDATE                  /WEB-INF/descr/miu11.descr
[2014-11-25 11:36:18] UPDATE                  /WEB-INF/descr/pwu4.descr
[2014-11-25 11:36:18] UPDATE                  /WEB-INF/descr/_model.descr
[2014-11-25 11:36:18] UPDATE                  /page2_miu3.jsp
[2014-11-25 11:36:18] ADD                     /WEB-INF/classes/com/webratio/webapp/Modulo.java
[2014-11-25 11:36:18] UPDATE                  /WEB-INF/descr/seu8.descr
[2014-11-25 11:36:18] UPDATE                  /WEB-INF/descr/seu13.descr
[2014-11-25 11:36:18] UPDATE                  /WEB-INF/descr/enu7.descr
[2014-11-25 11:36:18] UPDATE                  /WEB-INF/descr/seu1.descr
[2014-11-25 11:36:18] UPDATE                  /page12_miu6.jsp
[2014-11-25 11:36:18] ADD                     /WEB-INF/classes/com/webratio/webapp/Grupo.class
[2014-11-25 11:36:18] UPDATE                  /WEB-INF/descr/mfu4.descr
[2014-11-25 11:36:18] UPDATE                  /WEB-INF/descr/mciu1.descr
[2014-11-25 11:36:18] UPDATE                  /WEB-INF/descr/cru7.descr
[2014-11-25 11:36:18] UPDATE                  /WEB-INF/descr/mdu7.descr
[2014-11-25 11:36:18] UPDATE                  /WEB-INF/descr/_auth.descr
[2014-11-25 11:36:18] UPDATE                  /WEB-INF/descr/enu5.descr
[2014-11-25 11:36:18] UPDATE                  /page10_miu5.jsp
[2014-11-25 11:36:18] UPDATE                  /page11_miu5_ajax.jsp
[2014-11-25 11:36:18] UPDATE                  /page3.jsp
[2014-11-25 11:36:18] UPDATE                  /WEB-INF/descr/mciu2.descr
[2014-11-25 11:36:18] UPDATE                  /WEB-INF/descr/cru6.descr
[2014-11-25 11:36:18] UPDATE                  /page1.jsp
[2014-11-25 11:36:18] UPDATE                  /WEB-INF/descr/mfu2.descr
[2014-11-25 11:36:18] UPDATE                  /WEB-INF/descr/enu14.descr
[2014-11-25 11:36:18] UPDATE                  /WEB-INF/descr/seu22.descr
[2014-11-25 11:36:18] UPDATE                  /WEB-INF/descr/seu20.descr
[2014-11-25 11:36:18] UPDATE                  /WEB-INF/descr/pwu1.descr
[2014-11-25 11:36:18] ADD                     /WEB-INF/classes/com/webratio/webapp/Modulo.hbm.xml
[2014-11-25 11:36:18] UPDATE                  /WEB-INF/descr/seu4.descr
[2014-11-25 11:36:18] UPDATE                  /WEB-INF/descr/seu6.descr
[2014-11-25 11:36:18] UPDATE                  /WEB-INF/descr/inu2.descr
[2014-11-25 11:36:18] UPDATE                  /page16_miu11.jsp
[2014-11-25 11:36:18] UPDATE                  /WEB-INF/descr/mfu3.descr
[2014-11-25 11:36:18] UPDATE                  /WEB-INF/descr/rcnu2.descr
[2014-11-25 11:36:18] UPDATE                  /WEB-INF/descr/seu25.descr
[2014-11-25 11:36:18] UPDATE                  /WEB-INF/descr/cru10.descr
[2014-11-25 11:36:18] ADD                     /WEB-INF/classes/com/webratio/webapp/Calendario.class
[2014-11-25 11:36:18] UPDATE                  /WEB-INF/descr/rcnu1.descr
[2014-11-25 11:36:18] UPDATE                  /WEB-INF/descr/seu19.descr
[2014-11-25 11:36:18] UPDATE                  /WEB-INF/descr/enu10.descr
[2014-11-25 11:36:18] ADD                     /WEB-INF/classes/com/webratio/webapp/Comentario.java
[2014-11-25 11:36:18] ADD                     /WEB-INF/classes/com/webratio/webapp/Cita.class
[2014-11-25 11:36:18] UPDATE                  /WEB-INF/descr/mdu2.descr
[2014-11-25 11:36:18] ADD                     /WEB-INF/classes/com/webratio/webapp/Categoria.hbm.xml
[2014-11-25 11:36:18] ADD                     /WEB-INF/classes/com/webratio/webapp/Cita.hbm.xml
[2014-11-25 11:36:18] ADD                     /WEB-INF/classes/com/webratio/webapp/Modulo.class
[2014-11-25 11:36:18] UPDATE                  /WEB-INF/descr/seu23.descr
[2014-11-25 11:36:18] UPDATE                  /WEB-INF/descr/enu8.descr
[2014-11-25 11:36:18] UPDATE                  /WEB-INF/descr/miu1.descr
[2014-11-25 11:36:18] ADD                     /WEB-INF/classes/com/webratio/webapp/Usuario.hbm.xml
[2014-11-25 11:36:18] UPDATE                  /WEB-INF/descr/enu9.descr
[2014-11-25 11:36:18] UPDATE                  /WEB-INF/descr/page3.descr
[2014-11-25 11:36:18] UPDATE                  /WEB-INF/descr/seu15.descr
[2014-11-25 11:36:18] ADD                     /WEB-INF/classes/com/webratio/webapp/Grupo.hbm.xml
[2014-11-25 11:36:18] ADD                     /WEB-INF/classes/com/webratio/webapp/Hora.hbm.xml
[2014-11-25 11:36:18] UPDATE                  /WEB-INF/descr/dau5.descr
[2014-11-25 11:36:18] UPDATE                  /WEB-INF/descr/seu17.descr
[2014-11-25 11:36:18] ADD                     /WEB-INF/classes/com/webratio/webapp/Usuario.java
[2014-11-25 11:36:18] UPDATE          RESTART /WEB-INF/classes/datamodel.xml
[2014-11-25 11:36:18] UPDATE                  /page4_miu4.jsp
[2014-11-25 11:36:18] ADD                     /WEB-INF/classes/com/webratio/webapp/Categoria.class
[2014-11-25 11:36:18] UPDATE                  /WEB-INF/descr/seu24.descr
[2014-11-25 11:36:18] UPDATE                  /WEB-INF/descr/_access.descr
[2014-11-25 11:36:18] UPDATE                  /WEB-INF/descr/page19.descr
[2014-11-25 11:36:18] DELETE                  /WEB-INF/classes/com/webratio/webapp/Category.class
[2014-11-25 11:36:18] DELETE                  /WEB-INF/classes/com/webratio/webapp/Hour.java
[2014-11-25 11:36:18] DELETE                  /WEB-INF/classes/com/webratio/webapp/Group.java
[2014-11-25 11:36:18] DELETE                  /WEB-INF/classes/com/webratio/webapp/Calendar.hbm.xml
[2014-11-25 11:36:18] DELETE                  /WEB-INF/classes/com/webratio/webapp/Module.class
[2014-11-25 11:36:18] DELETE                  /WEB-INF/classes/com/webratio/webapp/Group.hbm.xml
[2014-11-25 11:36:18] DELETE                  /WEB-INF/classes/com/webratio/webapp/Hour.hbm.xml
[2014-11-25 11:36:18] DELETE                  /WEB-INF/classes/com/webratio/webapp/Calendar.class
[2014-11-25 11:36:18] DELETE                  /WEB-INF/classes/com/webratio/webapp/Calendar.java
[2014-11-25 11:36:18] DELETE                  /WEB-INF/classes/com/webratio/webapp/Category.hbm.xml
[2014-11-25 11:36:18] DELETE                  /WEB-INF/classes/com/webratio/webapp/User.hbm.xml
[2014-11-25 11:36:18] DELETE                  /WEB-INF/classes/com/webratio/webapp/Module.java
[2014-11-25 11:36:18] DELETE                  /WEB-INF/classes/com/webratio/webapp/Module.hbm.xml
[2014-11-25 11:36:18] DELETE                  /WEB-INF/classes/com/webratio/webapp/Hour.class
[2014-11-25 11:36:18] DELETE                  /WEB-INF/classes/com/webratio/webapp/Category.java
[2014-11-25 11:36:18] DELETE                  /WEB-INF/classes/com/webratio/webapp/Comment.java
[2014-11-25 11:36:18] DELETE                  /WEB-INF/classes/com/webratio/webapp/User.class
[2014-11-25 11:36:18] DELETE                  /WEB-INF/classes/com/webratio/webapp/Appointment.class
[2014-11-25 11:36:18] DELETE                  /WEB-INF/classes/com/webratio/webapp/Comment.hbm.xml
[2014-11-25 11:36:18] DELETE                  /WEB-INF/classes/com/webratio/webapp/Appointment.java
[2014-11-25 11:36:18] DELETE                  /WEB-INF/classes/com/webratio/webapp/User.java
[2014-11-25 11:36:18] DELETE                  /WEB-INF/classes/com/webratio/webapp/Comment.class
[2014-11-25 11:36:18] DELETE                  /WEB-INF/classes/com/webratio/webapp/Appointment.hbm.xml
[2014-11-25 11:36:18] DELETE                  /WEB-INF/classes/com/webratio/webapp/Group.class
[2014-11-25 11:36:18] --------------------------------------------
[2014-11-25 11:36:18] Stopping application server
[2014-11-25 11:36:30] Uploading changes (550.8 KB)
[2014-11-25 11:36:33] Starting application server
