[2014-11-25 08:35:30] Uploading application on server [54.229.13.249]
[2014-11-25 08:35:30] Computing changes...
[2014-11-25 08:35:37] Found 1058 file(s) changed
[2014-11-25 08:35:37] --------------------------------------------
[2014-11-25 08:35:37] UPDATE                  /WEB-INF/classes/com/webratio/webapp/Category.class
[2014-11-25 08:35:37] ADD                     /WEB-INF/descr/oln86.descr
[2014-11-25 08:35:37] ADD                     /WEB-INF/descr/ln94.descr
[2014-11-25 08:35:37] UPDATE                  /WEB-INF/descr/ln115.descr
[2014-11-25 08:35:37] ADD                     /WEB-INF/descr/cru1.descr
[2014-11-25 08:35:37] UPDATE                  /WEB-INF/descr/mssu4.descr
[2014-11-25 08:35:37] UPDATE                  /WEB-INF/descr/ln41.descr
[2014-11-25 08:35:37] ADD                     /WEB-INF/descr/ln152.descr
[2014-11-25 08:35:37] ADD                     /WEB-INF/descr/oln53.descr
[2014-11-25 08:35:37] UPDATE                  /WEB-INF/descr/seu7.descr
[2014-11-25 08:35:37] ADD                     /WEB-INF/descr/seu26.descr
[2014-11-25 08:35:37] UPDATE                  /page1_ajax.jsp
[2014-11-25 08:35:37] UPDATE                  /WEB-INF/descr/lgu3.descr
[2014-11-25 08:35:37] ADD                     /WEB-INF/descr/ln150.descr
[2014-11-25 08:35:37] ADD                     /WEB-INF/descr/pwu1Last.descr
[2014-11-25 08:35:37] UPDATE                  /WEB-INF/descr/inu1.descr
[2014-11-25 08:35:37] ADD                     /WEB-INF/descr/ln46.descr
[2014-11-25 08:35:37] UPDATE                  /WEB-INF/descr/lou2.descr
[2014-11-25 08:35:37] UPDATE                  /WEB-INF/descr/oln68.descr
[2014-11-25 08:35:37] UPDATE                  /WEB-INF/descr/page1.descr
[2014-11-25 08:35:37] ADD                     /WEB-INF/descr/ln16.descr
[2014-11-25 08:35:37] ADD                     /WEB-INF/descr/gtu7.descr
[2014-11-25 08:35:37] ADD                     /page11_miu5.jsp
[2014-11-25 08:35:37] UPDATE                  /WEB-INF/descr/ln10.descr
[2014-11-25 08:35:37] UPDATE                  /WEB-INF/descr/ln30.descr
[2014-11-25 08:35:37] ADD                     /WEB-INF/descr/mpage2.descr
[2014-11-25 08:35:37] UPDATE                  /WEB-INF/descr/dlu3.descr
[2014-11-25 08:35:37] UPDATE                  /WEB-INF/descr/page16.descr
[2014-11-25 08:35:37] REMOTE_UPDATE           /WEB-INF/descr/okcu4.descr
[2014-11-25 08:35:37] UPDATE                  /WEB-INF/descr/oln35.descr
[2014-11-25 08:35:37] UPDATE                  /WEB-INF/descr/seu9.descr
[2014-11-25 08:35:37] ADD                     /WEB-INF/descr/ecu2-month-7.descr
[2014-11-25 08:35:37] ADD                     /page7_miu4.jsp
[2014-11-25 08:35:37] ADD                     /WEB-INF/descr/ecu2-month-4.descr
[2014-11-25 08:35:37] UPDATE                  /WEB-INF/descr/oln66.descr
[2014-11-25 08:35:37] ADD                     /WEB-INF/descr/oln74.descr
[2014-11-25 08:35:37] ADD             RESTART /WEB-INF/classes/db1.hibernate.cfg.xml
[2014-11-25 08:35:37] UPDATE                  /WEB-INF/descr/scu6.descr
[2014-11-25 08:35:37] ADD                     /WEB-INF/descr/ln161.descr
[2014-11-25 08:35:37] ADD                     /WEB-INF/descr/oln38.descr
[2014-11-25 08:35:37] UPDATE                  /WEB-INF/descr/ln27.descr
[2014-11-25 08:35:37] ADD                     /WEB-INF/descr/seu18.descr
[2014-11-25 08:35:37] ADD                     /WEB-INF/descr/enu6.descr
[2014-11-25 08:35:37] ADD                     /WEB-INF/descr/ecu2-month-0.descr
[2014-11-25 08:35:37] UPDATE                  /WEB-INF/descr/pwu3First.descr
[2014-11-25 08:35:37] ADD                     /WEB-INF/descr/mlu2.descr
[2014-11-25 08:35:37] ADD                     /WEB-INF/descr/oln52.descr
[2014-11-25 08:35:37] UPDATE                  /WEB-INF/descr/kln15.descr
[2014-11-25 08:35:37] ADD                     /WEB-INF/descr/tmu8.descr
[2014-11-25 08:35:37] UPDATE                  /WEB-INF/descr/ln43.descr
[2014-11-25 08:35:37] ADD                     /WEB-INF/descr/cnu2.descr
[2014-11-25 08:35:37] ADD                     /WEB-INF/descr/mfu1.descr
[2014-11-25 08:35:37] ADD                     /WEB-INF/descr/cnu3.descr
[2014-11-25 08:35:37] UPDATE                  /WEB-INF/descr/page9.descr
[2014-11-25 08:35:37] UPDATE                  /WEB-INF/descr/ln128.descr
[2014-11-25 08:35:37] UPDATE                  /WEB-INF/descr/ln25.descr
[2014-11-25 08:35:37] ADD                     /WEB-INF/descr/ln1g.descr
[2014-11-25 08:35:37] UPDATE                  /WEB-INF/descr/pwu3.descr
[2014-11-25 08:35:37] ADD                     /WEB-INF/classes/com/webratio/webapp/Hour.java
[2014-11-25 08:35:37] ADD                     /page8_miu4_ajax.jsp
[2014-11-25 08:35:37] ADD                     /WEB-INF/descr/pwu4Next.descr
[2014-11-25 08:35:37] UPDATE                  /WEB-INF/descr/oln67.descr
[2014-11-25 08:35:37] ADD                     /WEB-INF/descr/oln1g.descr
[2014-11-25 08:35:37] UPDATE                  /WEB-INF/classes/com/webratio/webapp/Group.java
[2014-11-25 08:35:37] UPDATE                  /WEB-INF/descr/kln8.descr
[2014-11-25 08:35:37] ADD                     /WEB-INF/classes/com/webratio/webapp/Calendar.hbm.xml
[2014-11-25 08:35:37] ADD                     /WEB-INF/descr/pwu4Last.descr
[2014-11-25 08:35:37] ADD                     /WEB-INF/descr/ln155.descr
[2014-11-25 08:35:37] ADD                     /WEB-INF/descr/ln130.descr
[2014-11-25 08:35:37] ADD                     /WEB-INF/descr/ecu2-month-8.descr
[2014-11-25 08:35:37] UPDATE                  /WEB-INF/descr/kln7.descr
[2014-11-25 08:35:37] ADD                     /page14_miu5.jsp
[2014-11-25 08:35:37] UPDATE                  /WEB-INF/descr/_job.manager.descr
[2014-11-25 08:35:37] UPDATE                  /WEB-INF/descr/ln24.descr
[2014-11-25 08:35:37] ADD                     /WEB-INF/descr/iju2.descr
[2014-11-25 08:35:37] UPDATE                  /WEB-INF/descr/kln11.descr
[2014-11-25 08:35:37] ADD                     /WEB-INF/descr/ln142.descr
[2014-11-25 08:35:37] ADD                     /WEB-INF/descr/ln170.descr
[2014-11-25 08:35:37] UPDATE                  /WEB-INF/descr/ln104.descr
[2014-11-25 08:35:37] ADD                     /WEB-INF/descr/page12.descr
[2014-11-25 08:35:37] ADD                     /WEB-INF/descr/ln117.descr
[2014-11-25 08:35:37] UPDATE                  /WEB-INF/descr/mdu4.descr
[2014-11-25 08:35:37] ADD                     /WEB-INF/descr/ln156.descr
[2014-11-25 08:35:37] UPDATE                  /WEB-INF/descr/oln59.descr
[2014-11-25 08:35:37] UPDATE                  /WEB-INF/descr/ln58.descr
[2014-11-25 08:35:37] UPDATE                  /WEB-INF/descr/ln23.descr
[2014-11-25 08:35:37] UPDATE                  /WEB-INF/descr/ln18.descr
[2014-11-25 08:35:37] UPDATE                  /page5.jsp
[2014-11-25 08:35:37] ADD                     /WEB-INF/descr/ln134.descr
[2014-11-25 08:35:37] UPDATE                  /WEB-INF/descr/kln17.descr
[2014-11-25 08:35:37] ADD                     /WEB-INF/descr/ln148.descr
[2014-11-25 08:35:37] ADD                     /page20_ajax.jsp
[2014-11-25 08:35:37] ADD                     /WEB-INF/descr/icu10.descr
[2014-11-25 08:35:37] UPDATE                  /WEB-INF/descr/icu1.descr
[2014-11-25 08:35:37] UPDATE                  /WEB-INF/descr/ln57.descr
[2014-11-25 08:35:37] ADD                     /WEB-INF/descr/oln57.descr
[2014-11-25 08:35:37] ADD                     /WEB-INF/descr/ecu4-month-4.descr
[2014-11-25 08:35:37] ADD                     /WEB-INF/descr/ecu2-month-11.descr
[2014-11-25 08:35:37] ADD                     /WEB-INF/descr/pwu1Previous.descr
[2014-11-25 08:35:37] UPDATE                  /WEB-INF/descr/ln15.descr
[2014-11-25 08:35:37] ADD                     /WEB-INF/descr/ln32.descr
[2014-11-25 08:35:37] ADD                     /WEB-INF/descr/enu15.descr
[2014-11-25 08:35:37] ADD                     /WEB-INF/descr/ecu4-month-6.descr
[2014-11-25 08:35:37] UPDATE                  /WEB-INF/descr/oln11.descr
[2014-11-25 08:35:37] UPDATE                  /WEB-INF/descr/cnu4.descr
[2014-11-25 08:35:37] UPDATE                  /WEB-INF/descr/opu3.descr
[2014-11-25 08:35:37] UPDATE                  /WEB-INF/classes/com/webratio/webapp/Module.class
[2014-11-25 08:35:37] UPDATE                  /WEB-INF/descr/page2.descr
[2014-11-25 08:35:37] ADD                     /WEB-INF/descr/seu5.descr
[2014-11-25 08:35:37] UPDATE                  /WEB-INF/descr/oln4.descr
[2014-11-25 08:35:37] ADD                     /WEB-INF/descr/kln6.descr
[2014-11-25 08:35:37] ADD                     /WEB-INF/descr/dlu2.descr
[2014-11-25 08:35:37] ADD                     /WEB-INF/descr/page20.descr
[2014-11-25 08:35:37] UPDATE                  /WEB-INF/descr/page14.descr
[2014-11-25 08:35:37] ADD                     /WEB-INF/descr/dau1g.descr
[2014-11-25 08:35:37] UPDATE                  /WEB-INF/descr/ln124.descr
[2014-11-25 08:35:37] UPDATE                  /WEB-INF/descr/lgu2.descr
[2014-11-25 08:35:37] UPDATE                  /WEB-INF/descr/ln35.descr
[2014-11-25 08:35:37] UPDATE                  /WEB-INF/descr/ln1.descr
[2014-11-25 08:35:37] UPDATE                  /WEB-INF/descr/oln6.descr
[2014-11-25 08:35:37] ADD                     /WEB-INF/descr/ln175.descr
[2014-11-25 08:35:37] UPDATE                  /WEB-INF/descr/ln7.descr
[2014-11-25 08:35:37] ADD                     /WEB-INF/descr/groovy/reminderdate.groovy
[2014-11-25 08:35:37] ADD                     /WEB-INF/descr/switch3.descr
[2014-11-25 08:35:37] UPDATE                  /WEB-INF/descr/cru5.descr
[2014-11-25 08:35:37] ADD                     /WEB-INF/descr/dau2g.descr
[2014-11-25 08:35:37] UPDATE                  /WEB-INF/descr/seu11.descr
[2014-11-25 08:35:37] ADD                     /WEB-INF/descr/inn2.descr
[2014-11-25 08:35:37] UPDATE                  /WEB-INF/descr/oln16.descr
[2014-11-25 08:35:37] UPDATE                  /index.jsp
[2014-11-25 08:35:37] ADD                     /WEB-INF/descr/tmu1.descr
[2014-11-25 08:35:37] ADD                     /WEB-INF/descr/ln105.descr
[2014-11-25 08:35:37] UPDATE                  /WEB-INF/descr/ln88.descr
[2014-11-25 08:35:37] UPDATE                  /WEB-INF/descr/ln9.descr
[2014-11-25 08:35:37] ADD                     /WEB-INF/descr/oln39.descr
[2014-11-25 08:35:37] ADD                     /WEB-INF/descr/oln58.descr
[2014-11-25 08:35:37] UPDATE                  /WEB-INF/descr/enu4.descr
[2014-11-25 08:35:37] UPDATE                  /WEB-INF/descr/oln5.descr
[2014-11-25 08:35:37] UPDATE                  /WEB-INF/descr/seu3.descr
[2014-11-25 08:35:37] ADD                     /WEB-INF/descr/kln14.descr
[2014-11-25 08:35:37] ADD                     /WEB-INF/descr/oln55.descr
[2014-11-25 08:35:37] ADD                     /WEB-INF/descr/mssu2.descr
[2014-11-25 08:35:37] ADD                     /WEB-INF/descr/icu9.descr
[2014-11-25 08:35:37] ADD                     /WEB-INF/descr/ecu2-month-6.descr
[2014-11-25 08:35:37] ADD                     /WEB-INF/descr/ln166.descr
[2014-11-25 08:35:37] ADD                     /WEB-INF/descr/oln54.descr
[2014-11-25 08:35:37] ADD                     /WEB-INF/descr/ln171.descr
[2014-11-25 08:35:37] ADD                     /WEB-INF/descr/ln132.descr
[2014-11-25 08:35:37] UPDATE                  /WEB-INF/descr/cru9.descr
[2014-11-25 08:35:37] UPDATE                  /WEB-INF/descr/icu4.descr
[2014-11-25 08:35:37] UPDATE                  /WEB-INF/descr/enu1.descr
[2014-11-25 08:35:37] UPDATE                  /WEB-INF/descr/_i18n.descr
[2014-11-25 08:35:37] REMOTE_UPDATE           /WEB-INF/descr/oln17.descr
[2014-11-25 08:35:37] ADD                     /WEB-INF/descr/mdu6.descr
[2014-11-25 08:35:37] UPDATE                  /WEB-INF/descr/oln40.descr
[2014-11-25 08:35:37] UPDATE                  /WEB-INF/descr/mssu1.descr
[2014-11-25 08:35:37] ADD                     /WEB-INF/descr/ecu4-month-0.descr
[2014-11-25 08:35:37] UPDATE                  /WEB-INF/descr/oln24.descr
[2014-11-25 08:35:37] REMOTE_ADD              /WEB-INF/descr/gtu2g.descr
[2014-11-25 08:35:37] UPDATE                  /WEB-INF/descr/pwu3Last.descr
[2014-11-25 08:35:37] UPDATE                  /page5_ajax.jsp
[2014-11-25 08:35:37] UPDATE                  /WEB-INF/descr/okcu1.descr
[2014-11-25 08:35:37] UPDATE                  /WEB-INF/descr/icu2.descr
[2014-11-25 08:35:37] UPDATE                  /WEB-INF/descr/oln64.descr
[2014-11-25 08:35:37] ADD                     /WEB-INF/descr/ln140.descr
[2014-11-25 08:35:37] UPDATE                  /WEB-INF/descr/mssu5.descr
[2014-11-25 08:35:37] UPDATE                  /WEB-INF/descr/okcu2.descr
[2014-11-25 08:35:37] UPDATE                  /WEB-INF/classes/com/webratio/webapp/Group.hbm.xml
[2014-11-25 08:35:37] UPDATE                  /WEB-INF/descr/opm2.descr
[2014-11-25 08:35:37] UPDATE                  /WEB-INF/descr/ln131.descr
[2014-11-25 08:35:37] UPDATE                  /WEB-INF/descr/miu9.descr
[2014-11-25 08:35:37] UPDATE                  /WEB-INF/descr/dau3.descr
[2014-11-25 08:35:37] ADD                     /WEB-INF/descr/seu21.descr
[2014-11-25 08:35:37] ADD                     /WEB-INF/classes/com/webratio/webapp/Hour.hbm.xml
[2014-11-25 08:35:37] UPDATE                  /WEB-INF/descr/seu10.descr
[2014-11-25 08:35:37] ADD                     /WEB-INF/descr/ln157.descr
[2014-11-25 08:35:37] ADD                     /page19.jsp
[2014-11-25 08:35:37] ADD                     /WEB-INF/descr/ecu2-month-5.descr
[2014-11-25 08:35:37] ADD                     /WEB-INF/classes/com/webratio/webapp/Calendar.class
[2014-11-25 08:35:37] ADD                     /WEB-INF/classes/com/webratio/webapp/Calendar.java
[2014-11-25 08:35:37] UPDATE                  /WEB-INF/descr/oln28.descr
[2014-11-25 08:35:37] ADD                     /WEB-INF/descr/miu5.descr
[2014-11-25 08:35:37] UPDATE                  /WEB-INF/descr/ln87.descr
[2014-11-25 08:35:37] UPDATE                  /WEB-INF/descr/_job.scheduler.xml
[2014-11-25 08:35:37] ADD                     /WEB-INF/descr/pwu4att23.descr
[2014-11-25 08:35:37] UPDATE                  /WEB-INF/descr/seu2.descr
[2014-11-25 08:35:37] UPDATE                  /WEB-INF/descr/ln8.descr
[2014-11-25 08:35:37] ADD                     /WEB-INF/descr/cru2.descr
[2014-11-25 08:35:37] ADD                     /WEB-INF/descr/ecu4-month-7.descr
[2014-11-25 08:35:37] ADD                     /WEB-INF/descr/oln49.descr
[2014-11-25 08:35:37] UPDATE                  /WEB-INF/classes/com/webratio/webapp/Category.hbm.xml
[2014-11-25 08:35:37] UPDATE                  /WEB-INF/descr/scu3.descr
[2014-11-25 08:35:37] ADD                     /WEB-INF/descr/icu13.descr
[2014-11-25 08:35:37] ADD                     /WEB-INF/descr/kln3.descr
[2014-11-25 08:35:37] ADD                     /WEB-INF/descr/cnu5.descr
[2014-11-25 08:35:37] UPDATE                  /WEB-INF/descr/dau4.descr
[2014-11-25 08:35:37] ADD                     /WEB-INF/descr/ecu4-month-11.descr
[2014-11-25 08:35:37] ADD                     /WEB-INF/descr/ecu2-month-10.descr
[2014-11-25 08:35:37] ADD                     /WEB-INF/descr/icu11.descr
[2014-11-25 08:35:37] REMOTE_ADD              /WEB-INF/descr/gctu1.descr
[2014-11-25 08:35:37] ADD                     /WEB-INF/descr/pwu4First.descr
[2014-11-25 08:35:37] UPDATE                  /WEB-INF/descr/miu8.descr
[2014-11-25 08:35:37] UPDATE                  /WEB-INF/descr/pcu2.descr
[2014-11-25 08:35:37] UPDATE                  /WEB-INF/descr/oln10.descr
[2014-11-25 08:35:37] UPDATE                  /WEB-INF/descr/oln76.descr
[2014-11-25 08:35:37] UPDATE                  /WEB-INF/classes/com/webratio/webapp/User.hbm.xml
[2014-11-25 08:35:37] REMOTE_ADD              /WEB-INF/descr/gtu1g.descr
[2014-11-25 08:35:37] REMOTE_UPDATE           /WEB-INF/descr/kocu1.descr
[2014-11-25 08:35:37] ADD                     /WEB-INF/descr/pwu1Block.descr
[2014-11-25 08:35:37] ADD                     /WEB-INF/descr/pwu1First.descr
[2014-11-25 08:35:37] ADD                     /WEB-INF/descr/ln56.descr
[2014-11-25 08:35:37] UPDATE                  /WEB-INF/descr/pwu3Next.descr
[2014-11-25 08:35:37] UPDATE                  /WEB-INF/descr/ln141.descr
[2014-11-25 08:35:37] ADD                     /WEB-INF/descr/kln4.descr
[2014-11-25 08:35:37] UPDATE                  /WEB-INF/descr/tmu6.descr
[2014-11-25 08:35:37] UPDATE                  /WEB-INF/descr/oln83.descr
[2014-11-25 08:35:37] ADD                     /WEB-INF/descr/oln37.descr
[2014-11-25 08:35:37] ADD                     /WEB-INF/descr/ecu2-month-1.descr
[2014-11-25 08:35:37] UPDATE                  /WEB-INF/descr/miu12.descr
[2014-11-25 08:35:37] ADD                     /WEB-INF/descr/ecu4-month-12.descr
[2014-11-25 08:35:37] UPDATE                  /WEB-INF/descr/ln34.descr
[2014-11-25 08:35:37] ADD                     /WEB-INF/descr/ln61.descr
[2014-11-25 08:35:37] UPDATE                  /WEB-INF/classes/com/webratio/webapp/Module.java
[2014-11-25 08:35:37] REMOTE_UPDATE           /WEB-INF/descr/oln22.descr
[2014-11-25 08:35:37] ADD                     /WEB-INF/descr/seu12.descr
[2014-11-25 08:35:37] UPDATE                  /WEB-INF/classes/com/webratio/webapp/Module.hbm.xml
[2014-11-25 08:35:37] UPDATE                  /WEB-INF/descr/oln63.descr
[2014-11-25 08:35:37] ADD                     /WEB-INF/descr/ln5g.descr
[2014-11-25 08:35:37] UPDATE                  /WEB-INF/descr/okcu6.descr
[2014-11-25 08:35:37] UPDATE                  /WEB-INF/descr/seu14.descr
[2014-11-25 08:35:37] UPDATE                  /WEB-INF/descr/kocu3.descr
[2014-11-25 08:35:37] ADD                     /WEB-INF/descr/ecu4-month-8.descr
[2014-11-25 08:35:37] ADD                     /WEB-INF/descr/ecu4-month-5.descr
[2014-11-25 08:35:37] ADD                     /WEB-INF/descr/ecu4.descr
[2014-11-25 08:35:37] ADD                     /page13_miu10.jsp
[2014-11-25 08:35:37] REMOTE_ADD              /WEB-INF/descr/gtu4.descr
[2014-11-25 08:35:37] ADD                     /WEB-INF/descr/ln172.descr
[2014-11-25 08:35:37] ADD                     /WEB-INF/descr/oln44.descr
[2014-11-25 08:35:37] ADD                     /WEB-INF/descr/ln173.descr
[2014-11-25 08:35:37] UPDATE                  /WEB-INF/descr/cru8.descr
[2014-11-25 08:35:37] ADD                     /WEB-INF/descr/ln2g.descr
[2014-11-25 08:35:37] ADD                     /WEB-INF/descr/page8.descr
[2014-11-25 08:35:37] UPDATE                  /WEB-INF/descr/ln39.descr
[2014-11-25 08:35:37] UPDATE                  /WEB-INF/descr/oln75.descr
[2014-11-25 08:35:37] UPDATE                  /WEB-INF/descr/ln113.descr
[2014-11-25 08:35:37] UPDATE                  /WEB-INF/descr/oln15.descr
[2014-11-25 08:35:37] UPDATE                  /WEB-INF/descr/oln2.descr
[2014-11-25 08:35:37] ADD                     /WEB-INF/descr/ln138.descr
[2014-11-25 08:35:37] ADD                     /WEB-INF/descr/seu16.descr
[2014-11-25 08:35:37] ADD                     /WEB-INF/descr/opu2.descr
[2014-11-25 08:35:37] UPDATE                  /WEB-INF/descr/ln125.descr
[2014-11-25 08:35:37] UPDATE                  /WEB-INF/descr/miu11.descr
[2014-11-25 08:35:37] UPDATE                  /WEB-INF/descr/oln8.descr
[2014-11-25 08:35:37] UPDATE                  /WEB-INF/descr/ln62.descr
[2014-11-25 08:35:37] UPDATE                  /WEB-INF/descr/enu3.descr
[2014-11-25 08:35:37] UPDATE                  /WEB-INF/descr/pwu3Block.descr
[2014-11-25 08:35:37] UPDATE                  /WEB-INF/descr/pwu4.descr
[2014-11-25 08:35:37] UPDATE                  /WEB-INF/descr/iju1.descr
[2014-11-25 08:35:37] ADD                     /WEB-INF/descr/oln51.descr
[2014-11-25 08:35:37] ADD                     /WEB-INF/descr/okcu12.descr
[2014-11-25 08:35:37] UPDATE                  /WEB-INF/descr/oln26.descr
[2014-11-25 08:35:37] ADD                     /WEB-INF/descr/ln19.descr
[2014-11-25 08:35:37] UPDATE          RESTART /WEB-INF/conf/struts-config.xml
[2014-11-25 08:35:37] UPDATE                  /WEB-INF/descr/tmu3.descr
[2014-11-25 08:35:37] UPDATE                  /WEB-INF/descr/ln66.descr
[2014-11-25 08:35:37] UPDATE                  /WEB-INF/descr/_model.descr
[2014-11-25 08:35:37] UPDATE                  /WEB-INF/descr/miu4.descr
[2014-11-25 08:35:37] UPDATE                  /WEB-INF/descr/oln14.descr
[2014-11-25 08:35:37] ADD                     /page2_miu3.jsp
[2014-11-25 08:35:37] ADD                     /WEB-INF/descr/ecu4-month-9.descr
[2014-11-25 08:35:37] ADD                     /WEB-INF/descr/seu8.descr
[2014-11-25 08:35:37] UPDATE                  /WEB-INF/descr/page5.descr
[2014-11-25 08:35:37] UPDATE                  /WEB-INF/descr/seu13.descr
[2014-11-25 08:35:37] ADD                     /WEB-INF/descr/oln42.descr
[2014-11-25 08:35:37] UPDATE                  /WEB-INF/descr/enu7.descr
[2014-11-25 08:35:37] UPDATE                  /WEB-INF/descr/ln5.descr
[2014-11-25 08:35:37] ADD                     /WEB-INF/descr/seu1.descr
[2014-11-25 08:35:37] ADD                     /page12_miu6.jsp
[2014-11-25 08:35:37] ADD                     /WEB-INF/descr/okcu9.descr
[2014-11-25 08:35:37] ADD                     /WEB-INF/descr/oln50.descr
[2014-11-25 08:35:37] ADD                     /WEB-INF/descr/ln21.descr
[2014-11-25 08:35:37] ADD                     /WEB-INF/descr/ln31.descr
[2014-11-25 08:35:37] UPDATE                  /WEB-INF/descr/ln40.descr
[2014-11-25 08:35:37] UPDATE                  /WEB-INF/descr/mfu4.descr
[2014-11-25 08:35:37] UPDATE                  /WEB-INF/descr/ln44.descr
[2014-11-25 08:35:37] UPDATE                  /WEB-INF/descr/ln53.descr
[2014-11-25 08:35:37] REMOTE_UPDATE           /WEB-INF/descr/kocu4.descr
[2014-11-25 08:35:37] ADD                     /WEB-INF/descr/ecu2-month-3.descr
[2014-11-25 08:35:37] UPDATE                  /WEB-INF/descr/ln20.descr
[2014-11-25 08:35:37] UPDATE                  /WEB-INF/descr/sql/data.sql
[2014-11-25 08:35:37] UPDATE                  /WEB-INF/descr/oln7.descr
[2014-11-25 08:35:37] ADD                     /WEB-INF/descr/mciu1.descr
[2014-11-25 08:35:37] ADD                     /WEB-INF/descr/gtu8.descr
[2014-11-25 08:35:37] UPDATE                  /WEB-INF/descr/kln1.descr
[2014-11-25 08:35:37] ADD                     /WEB-INF/descr/ln169.descr
[2014-11-25 08:35:37] ADD                     /WEB-INF/descr/ecu2-month-2.descr
[2014-11-25 08:35:37] UPDATE                  /WEB-INF/descr/oln101.descr
[2014-11-25 08:35:37] ADD                     /WEB-INF/descr/tmu7.descr
[2014-11-25 08:35:37] UPDATE                  /WEB-INF/descr/ln4.descr
[2014-11-25 08:35:37] UPDATE                  /WEB-INF/descr/cru7.descr
[2014-11-25 08:35:37] UPDATE                  /WEB-INF/descr/oln21.descr
[2014-11-25 08:35:37] ADD                     /WEB-INF/descr/pwu3groupName.descr
[2014-11-25 08:35:37] UPDATE                  /WEB-INF/descr/oln60.descr
[2014-11-25 08:35:37] UPDATE                  /WEB-INF/descr/ln122.descr
[2014-11-25 08:35:37] UPDATE                  /WEB-INF/descr/oln3.descr
[2014-11-25 08:35:37] ADD                     /WEB-INF/descr/ecu2-month-12.descr
[2014-11-25 08:35:37] ADD                     /WEB-INF/descr/ln45.descr
[2014-11-25 08:35:37] ADD                     /page8_miu4.jsp
[2014-11-25 08:35:37] ADD                     /WEB-INF/descr/ln158.descr
[2014-11-25 08:35:37] UPDATE                  /WEB-INF/descr/oln85.descr
[2014-11-25 08:35:37] UPDATE                  /WEB-INF/descr/mdu7.descr
[2014-11-25 08:35:37] UPDATE                  /WEB-INF/descr/kln16.descr
[2014-11-25 08:35:37] UPDATE                  /WEB-INF/descr/_auth.descr
[2014-11-25 08:35:37] ADD                     /WEB-INF/descr/enu5.descr
[2014-11-25 08:35:37] UPDATE                  /WEB-INF/descr/ln52.descr
[2014-11-25 08:35:37] ADD                     /WEB-INF/descr/ln144.descr
[2014-11-25 08:35:37] UPDATE                  /WEB-INF/descr/ln36.descr
[2014-11-25 08:35:37] ADD                     /page10_miu5.jsp
[2014-11-25 08:35:37] ADD                     /WEB-INF/descr/inn1.descr
[2014-11-25 08:35:37] ADD                     /WEB-INF/descr/ln147.descr
[2014-11-25 08:35:37] ADD                     /page11_miu5_ajax.jsp
[2014-11-25 08:35:37] UPDATE                  /WEB-INF/descr/mpage1.descr
[2014-11-25 08:35:37] UPDATE                  /WEB-INF/descr/kln10.descr
[2014-11-25 08:35:37] ADD                     /WEB-INF/descr/page7.descr
[2014-11-25 08:35:37] ADD                     /WEB-INF/descr/ln37.descr
[2014-11-25 08:35:37] UPDATE                  /WEB-INF/descr/ln160.descr
[2014-11-25 08:35:37] ADD                     /WEB-INF/classes/com/webratio/webapp/Hour.class
[2014-11-25 08:35:37] ADD                     /WEB-INF/descr/page13.descr
[2014-11-25 08:35:37] UPDATE                  /page3.jsp
[2014-11-25 08:35:37] UPDATE                  /WEB-INF/classes/com/webratio/webapp/Category.java
[2014-11-25 08:35:37] UPDATE                  /WEB-INF/descr/ln14.descr
[2014-11-25 08:35:37] REMOTE_UPDATE   RESTART /WEB-INF/classes/session_vdb.prepare.sql
[2014-11-25 08:35:37] UPDATE                  /WEB-INF/descr/opm3.descr
[2014-11-25 08:35:37] ADD                     /WEB-INF/descr/ecu4-month-10.descr
[2014-11-25 08:35:37] UPDATE                  /WEB-INF/descr/okcu3.descr
[2014-11-25 08:35:37] UPDATE                  /WEB-INF/descr/ln59.descr
[2014-11-25 08:35:37] ADD                     /WEB-INF/descr/ln174.descr
[2014-11-25 08:35:37] UPDATE                  /WEB-INF/classes/com/webratio/webapp/Comment.java
[2014-11-25 08:35:37] ADD                     /WEB-INF/descr/oln46.descr
[2014-11-25 08:35:37] ADD                     /WEB-INF/descr/oln56.descr
[2014-11-25 08:35:37] ADD                     /page20.jsp
[2014-11-25 08:35:37] UPDATE                  /WEB-INF/descr/oln73.descr
[2014-11-25 08:35:37] UPDATE                  /WEB-INF/descr/kln13.descr
[2014-11-25 08:35:37] ADD                     /WEB-INF/descr/mciu2.descr
[2014-11-25 08:35:37] UPDATE                  /WEB-INF/descr/ln49.descr
[2014-11-25 08:35:37] ADD                     /WEB-INF/descr/gtu10.descr
[2014-11-25 08:35:37] UPDATE                  /WEB-INF/descr/cru6.descr
[2014-11-25 08:35:37] UPDATE                  /WEB-INF/descr/okcu10.descr
[2014-11-25 08:35:37] ADD                     /page9_miu5_miu12.jsp
[2014-11-25 08:35:37] ADD                     /WEB-INF/descr/ln60.descr
[2014-11-25 08:35:37] UPDATE                  /WEB-INF/descr/okcu5.descr
[2014-11-25 08:35:37] UPDATE                  /WEB-INF/descr/scu5.descr
[2014-11-25 08:35:37] ADD                     /WEB-INF/descr/oln45.descr
[2014-11-25 08:35:37] UPDATE                  /page1.jsp
[2014-11-25 08:35:37] ADD                     /WEB-INF/descr/mfu2.descr
[2014-11-25 08:35:37] UPDATE                  /WEB-INF/descr/kocu2.descr
[2014-11-25 08:35:37] UPDATE                  /WEB-INF/descr/kln2.descr
[2014-11-25 08:35:37] ADD                     /WEB-INF/descr/oln61.descr
[2014-11-25 08:35:37] ADD                     /WEB-INF/descr/page20.link.descr
[2014-11-25 08:35:37] ADD                     /WEB-INF/descr/ln154.descr
[2014-11-25 08:35:37] ADD                     /WEB-INF/descr/enu14.descr
[2014-11-25 08:35:37] UPDATE                  /WEB-INF/descr/oln20.descr
[2014-11-25 08:35:37] ADD                     /WEB-INF/descr/oln48.descr
[2014-11-25 08:35:37] UPDATE                  /WEB-INF/descr/seu22.descr
[2014-11-25 08:35:37] UPDATE                  /WEB-INF/descr/tmu4.descr
[2014-11-25 08:35:37] UPDATE                  /WEB-INF/descr/sql/structure.sql
[2014-11-25 08:35:37] UPDATE                  /WEB-INF/descr/seu20.descr
[2014-11-25 08:35:37] UPDATE                  /WEB-INF/descr/gtu1.descr
[2014-11-25 08:35:37] ADD                     /WEB-INF/descr/ln33.descr
[2014-11-25 08:35:37] UPDATE                  /WEB-INF/descr/ln50.descr
[2014-11-25 08:35:37] ADD                     /WEB-INF/descr/ln133.descr
[2014-11-25 08:35:37] UPDATE                  /WEB-INF/descr/oln30.descr
[2014-11-25 08:35:37] UPDATE                  /WEB-INF/descr/oln19.descr
[2014-11-25 08:35:37] UPDATE                  /WEB-INF/descr/kln5.descr
[2014-11-25 08:35:37] ADD                     /WEB-INF/descr/pwu1Next.descr
[2014-11-25 08:35:37] UPDATE                  /WEB-INF/classes/com/webratio/webapp/User.class
[2014-11-25 08:35:37] UPDATE                  /WEB-INF/descr/okcu11.descr
[2014-11-25 08:35:37] ADD                     /WEB-INF/descr/pwu1.descr
[2014-11-25 08:35:37] ADD                     /WEB-INF/descr/ln153.descr
[2014-11-25 08:35:37] REMOTE_ADD              /WEB-INF/descr/okcu7.descr
[2014-11-25 08:35:37] UPDATE                  /WEB-INF/descr/ln6.descr
[2014-11-25 08:35:37] ADD                     /WEB-INF/descr/seu4.descr
[2014-11-25 08:35:37] ADD                     /WEB-INF/descr/seu6.descr
[2014-11-25 08:35:37] ADD                     /WEB-INF/descr/ln139.descr
[2014-11-25 08:35:37] ADD                     /WEB-INF/classes/com/webratio/webapp/Appointment.class
[2014-11-25 08:35:37] ADD                     /WEB-INF/descr/page10.descr
[2014-11-25 08:35:37] UPDATE                  /WEB-INF/descr/oln18.descr
[2014-11-25 08:35:37] UPDATE                  /WEB-INF/descr/opm1.descr
[2014-11-25 08:35:37] UPDATE                  /WEB-INF/descr/inu2.descr
[2014-11-25 08:35:37] ADD                     /WEB-INF/descr/ln135.descr
[2014-11-25 08:35:37] UPDATE                  /WEB-INF/descr/icu5.descr
[2014-11-25 08:35:37] UPDATE                  /WEB-INF/descr/switch1.descr
[2014-11-25 08:35:37] UPDATE                  /WEB-INF/descr/kln12.descr
[2014-11-25 08:35:37] ADD                     /WEB-INF/descr/ln3g.descr
[2014-11-25 08:35:37] UPDATE                  /WEB-INF/descr/ln13.descr
[2014-11-25 08:35:37] UPDATE                  /WEB-INF/descr/miu6.descr
[2014-11-25 08:35:37] ADD                     /WEB-INF/descr/ln26.descr
[2014-11-25 08:35:37] ADD                     /page16_miu11.jsp
[2014-11-25 08:35:37] UPDATE                  /WEB-INF/descr/miu3.descr
[2014-11-25 08:35:37] UPDATE                  /WEB-INF/descr/miu13.descr
[2014-11-25 08:35:37] ADD                     /WEB-INF/descr/pwu1att23.descr
[2014-11-25 08:35:37] ADD                     /WEB-INF/descr/pwu4userName.descr
[2014-11-25 08:35:37] UPDATE                  /WEB-INF/descr/mfu3.descr
[2014-11-25 08:35:37] ADD                     /WRDefault_Default.error.jsp
[2014-11-25 08:35:37] ADD                     /WEB-INF/descr/groovy/message text.groovy
[2014-11-25 08:35:37] ADD                     /WEB-INF/descr/ln145.descr
[2014-11-25 08:35:37] UPDATE                  /WEB-INF/descr/oln13.descr
[2014-11-25 08:35:37] ADD                     /WEB-INF/descr/ln176.descr
[2014-11-25 08:35:37] ADD                     /WEB-INF/descr/rcnu2.descr
[2014-11-25 08:35:37] ADD                     /WEB-INF/descr/seu25.descr
[2014-11-25 08:35:37] ADD                     /WEB-INF/descr/ecu2-year.descr
[2014-11-25 08:35:37] UPDATE                  /WEB-INF/descr/ln17.descr
[2014-11-25 08:35:37] UPDATE                  /WEB-INF/descr/oln72.descr
[2014-11-25 08:35:37] ADD                     /WEB-INF/descr/ln149.descr
[2014-11-25 08:35:37] ADD                     /WEB-INF/descr/cru10.descr
[2014-11-25 08:35:37] ADD                     /WEB-INF/descr/page17.descr
[2014-11-25 08:35:37] UPDATE                  /WEB-INF/descr/miu15.descr
[2014-11-25 08:35:37] ADD                     /WEB-INF/descr/ln91.descr
[2014-11-25 08:35:37] UPDATE                  /WEB-INF/descr/oln29.descr
[2014-11-25 08:35:37] ADD                     /WEB-INF/descr/oln47.descr
[2014-11-25 08:35:37] ADD                     /WEB-INF/descr/lou1.descr
[2014-11-25 08:35:37] UPDATE                  /WEB-INF/descr/ln38.descr
[2014-11-25 08:35:37] ADD                     /WEB-INF/descr/rcnu1.descr
[2014-11-25 08:35:37] ADD                     /WEB-INF/descr/ecu4-month-1.descr
[2014-11-25 08:35:37] UPDATE                  /WEB-INF/descr/oln65.descr
[2014-11-25 08:35:37] UPDATE                  /WEB-INF/descr/seu19.descr
[2014-11-25 08:35:37] ADD                     /WEB-INF/descr/enu10.descr
[2014-11-25 08:35:37] UPDATE                  /WEB-INF/classes/com/webratio/webapp/Comment.hbm.xml
[2014-11-25 08:35:37] ADD                     /WEB-INF/descr/icu12.descr
[2014-11-25 08:35:37] UPDATE                  /WEB-INF/descr/oln43.descr
[2014-11-25 08:35:37] UPDATE                  /WEB-INF/descr/miu10.descr
[2014-11-25 08:35:37] UPDATE                  /WEB-INF/descr/oln33.descr
[2014-11-25 08:35:37] ADD                     /WEB-INF/descr/mdu2.descr
[2014-11-25 08:35:37] ADD                     /WEB-INF/descr/ecu2.descr
[2014-11-25 08:35:37] UPDATE                  /WEB-INF/descr/mssu6.descr
[2014-11-25 08:35:37] UPDATE                  /WEB-INF/descr/ln120.descr
[2014-11-25 08:35:37] UPDATE                  /WEB-INF/descr/ln126.descr
[2014-11-25 08:35:37] ADD                     /WEB-INF/descr/ecu4-month-2.descr
[2014-11-25 08:35:37] ADD                     /WEB-INF/descr/ln137.descr
[2014-11-25 08:35:37] REMOTE_ADD              /WEB-INF/descr/oln23.descr
[2014-11-25 08:35:37] UPDATE                  /WEB-INF/descr/ln11.descr
[2014-11-25 08:35:37] UPDATE                  /WEB-INF/descr/dlu1.descr
[2014-11-25 08:35:37] ADD                     /WEB-INF/descr/ln143.descr
[2014-11-25 08:35:37] ADD                     /WEB-INF/classes/com/webratio/webapp/Appointment.java
[2014-11-25 08:35:37] UPDATE                  /WEB-INF/descr/oln81.descr
[2014-11-25 08:35:37] ADD                     /WEB-INF/descr/ecu2-month-9.descr
[2014-11-25 08:35:37] UPDATE                  /WEB-INF/descr/page4.descr
[2014-11-25 08:35:37] UPDATE                  /WEB-INF/descr/oln62.descr
[2014-11-25 08:35:37] ADD                     /WEB-INF/descr/oln41.descr
[2014-11-25 08:35:37] ADD                     /WEB-INF/descr/seu23.descr
[2014-11-25 08:35:37] UPDATE                  /WEB-INF/descr/oln84.descr
[2014-11-25 08:35:37] UPDATE                  /WEB-INF/descr/icu3.descr
[2014-11-25 08:35:37] ADD                     /WEB-INF/descr/enu8.descr
[2014-11-25 08:35:37] UPDATE                  /WEB-INF/descr/inn4.descr
[2014-11-25 08:35:37] UPDATE                  /WEB-INF/descr/miu1.descr
[2014-11-25 08:35:37] UPDATE                  /WEB-INF/descr/oln78.descr
[2014-11-25 08:35:37] ADD                     /WEB-INF/descr/pwu4Block.descr
[2014-11-25 08:35:37] ADD                     /WEB-INF/descr/ecu4-month-3.descr
[2014-11-25 08:35:37] ADD                     /WEB-INF/descr/ln129.descr
[2014-11-25 08:35:37] UPDATE                  /WEB-INF/descr/oln25.descr
[2014-11-25 08:35:37] UPDATE                  /WEB-INF/descr/oln9.descr
[2014-11-25 08:35:37] ADD                     /WEB-INF/descr/gtu9.descr
[2014-11-25 08:35:37] ADD                     /WEB-INF/descr/inn3.descr
[2014-11-25 08:35:37] UPDATE                  /WEB-INF/descr/ln22.descr
[2014-11-25 08:35:37] ADD                     /WEB-INF/descr/enu9.descr
[2014-11-25 08:35:37] REMOTE_ADD              /WEB-INF/descr/gtu3.descr
[2014-11-25 08:35:37] ADD                     /page17.jsp
[2014-11-25 08:35:37] REMOTE_ADD              /WEB-INF/descr/gtu6.descr
[2014-11-25 08:35:37] ADD                     /WEB-INF/descr/ln151.descr
[2014-11-25 08:35:37] UPDATE                  /WEB-INF/descr/oln82.descr
[2014-11-25 08:35:37] UPDATE                  /WEB-INF/descr/oln12.descr
[2014-11-25 08:35:37] UPDATE                  /WEB-INF/descr/scu2.descr
[2014-11-25 08:35:37] ADD                     /WRDefault_Default.login.jsp
[2014-11-25 08:35:37] ADD                     /WEB-INF/descr/gtu5.descr
[2014-11-25 08:35:37] ADD                     /WEB-INF/descr/ln136.descr
[2014-11-25 08:35:37] UPDATE                  /WEB-INF/descr/page3.descr
[2014-11-25 08:35:37] ADD                     /WEB-INF/descr/oln2g.descr
[2014-11-25 08:35:37] UPDATE                  /WEB-INF/descr/seu15.descr
[2014-11-25 08:35:37] UPDATE                  /WEB-INF/descr/oln32.descr
[2014-11-25 08:35:37] ADD                     /WEB-INF/descr/ln42.descr
[2014-11-25 08:35:37] UPDATE                  /WEB-INF/descr/ln123.descr
[2014-11-25 08:35:37] ADD                     /WEB-INF/descr/ecu4-year.descr
[2014-11-25 08:35:37] ADD                     /WEB-INF/descr/switch4.descr
[2014-11-25 08:35:37] UPDATE                  /WEB-INF/descr/dau5.descr
[2014-11-25 08:35:37] UPDATE                  /WEB-INF/descr/seu17.descr
[2014-11-25 08:35:37] ADD                     /WEB-INF/descr/opu1g.descr
[2014-11-25 08:35:37] ADD                     /WEB-INF/descr/pwu4Previous.descr
[2014-11-25 08:35:37] ADD                     /WEB-INF/descr/icu14.descr
[2014-11-25 08:35:37] UPDATE                  /WEB-INF/descr/oln80.descr
[2014-11-25 08:35:37] UPDATE                  /WEB-INF/descr/pwu3Previous.descr
[2014-11-25 08:35:37] ADD             RESTART /WEB-INF/classes/ApplicationResources_en.properties
[2014-11-25 08:35:37] ADD                     /WEB-INF/descr/okcu8.descr
[2014-11-25 08:35:37] ADD                     /WEB-INF/descr/scju2.descr
[2014-11-25 08:35:37] UPDATE          RESTART /WEB-INF/classes/datamodel.xml
[2014-11-25 08:35:37] ADD                     /WEB-INF/descr/ln159.descr
[2014-11-25 08:35:37] UPDATE                  /WEB-INF/descr/ln12.descr
[2014-11-25 08:35:37] UPDATE                  /WEB-INF/classes/com/webratio/webapp/User.java
[2014-11-25 08:35:37] UPDATE                  /WEB-INF/descr/ln2.descr
[2014-11-25 08:35:37] REMOTE_UPDATE   RESTART /WEB-INF/classes/session_vdb.hibernate.cfg.xml
[2014-11-25 08:35:37] UPDATE                  /WEB-INF/descr/kln9.descr
[2014-11-25 08:35:37] ADD                     /WEB-INF/descr/lpu2.descr
[2014-11-25 08:35:37] UPDATE                  /WEB-INF/descr/oln79.descr
[2014-11-25 08:35:37] UPDATE                  /WEB-INF/classes/com/webratio/webapp/Comment.class
[2014-11-25 08:35:37] UPDATE                  /WEB-INF/descr/oln1.descr
[2014-11-25 08:35:37] ADD                     /page4_miu4.jsp
[2014-11-25 08:35:37] ADD                     /WEB-INF/descr/ln106.descr
[2014-11-25 08:35:37] ADD                     /WEB-INF/descr/seu24.descr
[2014-11-25 08:35:37] UPDATE                  /WEB-INF/descr/oln36.descr
[2014-11-25 08:35:37] ADD                     /WEB-INF/descr/pwu1userName.descr
[2014-11-25 08:35:37] ADD                     /WEB-INF/classes/com/webratio/webapp/Appointment.hbm.xml
[2014-11-25 08:35:37] ADD                     /WEB-INF/descr/oln100.descr
[2014-11-25 08:35:37] UPDATE                  /WEB-INF/descr/_access.descr
[2014-11-25 08:35:37] ADD                     /WEB-INF/descr/page19.descr
[2014-11-25 08:35:37] REMOTE_UPDATE           /WEB-INF/descr/oln27.descr
[2014-11-25 08:35:37] UPDATE                  /WEB-INF/descr/ln103.descr
[2014-11-25 08:35:37] ADD                     /WEB-INF/descr/pcu6.descr
[2014-11-25 08:35:37] ADD                     /WEB-INF/descr/page11.descr
[2014-11-25 08:35:37] ADD                     /WEB-INF/descr/ln146.descr
[2014-11-25 08:35:37] UPDATE                  /WEB-INF/classes/com/webratio/webapp/Group.class
[2014-11-25 08:35:37] DELETE                  /WEB-INF/descr/oln205.descr
[2014-11-25 08:35:37] DELETE                  /WEB-INF/descr/okcu53.descr
[2014-11-25 08:35:37] DELETE                  /WEB-INF/descr/groovy/addORremovefromcart.groovy
[2014-11-25 08:35:37] DELETE                  /upload/ent1/1/0789313707.01._AA240_SCLZZZZZZZ_.jpg
[2014-11-25 08:35:37] DELETE                  /upload/ent1/1/0821258109.01._SS500_SCLZZZZZZZ_V1134601165_.jpg
[2014-11-25 08:35:37] DELETE                  /WEB-INF/classes/com/webratio/webapp/Order_FullNameBean.java
[2014-11-25 08:35:37] DELETE                  /WEB-INF/descr/hinu1Previous.descr
[2014-11-25 08:35:37] DELETE                  /WEB-INF/descr/icu56.descr
[2014-11-25 08:35:37] DELETE                  /WEB-INF/classes/com/webratio/webapp/Order.class
[2014-11-25 08:35:37] DELETE                  /upload/ent1/1/1402712294.01._SS500_SCLZZZZZZZ_V1111570199_.jpg
[2014-11-25 08:35:37] DELETE                  /page21_ajax.jsp
[2014-11-25 08:35:37] DELETE                  /upload/ent1/1/1400043875.01._AA240_SCLZZZZZZZ_V51817555_.jpg
[2014-11-25 08:35:37] DELETE                  /WEB-INF/descr/ln196.descr
[2014-11-25 08:35:37] DELETE                  /upload/ent1/1/1590596145.01._AA240_SCLZZZZZZZ_.jpg
[2014-11-25 08:35:37] DELETE                  /WEB-INF/descr/pwu15att8.descr
[2014-11-25 08:35:37] DELETE                  /WEB-INF/descr/ln182.descr
[2014-11-25 08:35:37] DELETE                  /WEB-INF/descr/lou4.descr
[2014-11-25 08:35:37] DELETE                  /WEB-INF/descr/pwu7att10.descr
[2014-11-25 08:35:37] DELETE                  /WEB-INF/descr/pwu6First.descr
[2014-11-25 08:35:37] DELETE                  /WEB-INF/descr/miu19.descr
[2014-11-25 08:35:37] DELETE                  /WEB-INF/descr/ln71.descr
[2014-11-25 08:35:37] DELETE                  /WEB-INF/descr/enu2.descr
[2014-11-25 08:35:37] DELETE                  /WEB-INF/descr/mathu2.descr
[2014-11-25 08:35:37] DELETE                  /WEB-INF/descr/pwu14att38.descr
[2014-11-25 08:35:37] DELETE                  /page9.jsp
[2014-11-25 08:35:37] DELETE                  /WEB-INF/descr/ln108.descr
[2014-11-25 08:35:37] DELETE                  /WEB-INF/descr/ln28.descr
[2014-11-25 08:35:37] DELETE                  /upload/ent1/1/0812969707.01._SS500_SCLZZZZZZZ_V54155536_.jpg
[2014-11-25 08:35:37] DELETE                  /WEB-INF/descr/hinu3.descr
[2014-11-25 08:35:37] DELETE                  /WEB-INF/classes/com/webratio/webapp/EditorialReview.hbm.xml
[2014-11-25 08:35:37] DELETE                  /upload/ent1/1/1592531938.01._AA240_SCLZZZZZZZ_.jpg
[2014-11-25 08:35:37] DELETE                  /WEB-INF/descr/ln251.descr
[2014-11-25 08:35:37] DELETE                  /page72_miu6.jsp
[2014-11-25 08:35:37] DELETE                  /WEB-INF/descr/gtu2a.descr
[2014-11-25 08:35:37] DELETE                  /WEB-INF/descr/pwu5.descr
[2014-11-25 08:35:37] DELETE                  /WEB-INF/descr/page21.descr
[2014-11-25 08:35:37] DELETE                  /upload/ent1/1/0792238737.01._AA240_SCLZZZZZZZ_.jpg
[2014-11-25 08:35:37] DELETE                  /WEB-INF/descr/ln197.descr
[2014-11-25 08:35:37] DELETE                  /WEB-INF/descr/oln230.descr
[2014-11-25 08:35:37] DELETE                  /WEB-INF/descr/pwu16.descr
[2014-11-25 08:35:37] DELETE                  /WEB-INF/descr/ln80.descr
[2014-11-25 08:35:37] DELETE                  /WEB-INF/descr/ln249.descr
[2014-11-25 08:35:37] DELETE                  /WEB-INF/descr/oln114.descr
[2014-11-25 08:35:37] DELETE                  /WEB-INF/classes/com/webratio/webapp/EditorialReview.java
[2014-11-25 08:35:37] DELETE                  /WEB-INF/descr/Cart.jrxml
[2014-11-25 08:35:37] DELETE                  /page58_miu3.jsp
[2014-11-25 08:35:37] DELETE                  /WEB-INF/descr/page14.link.descr
[2014-11-25 08:35:37] DELETE                  /WEB-INF/descr/pwu10att32.descr
[2014-11-25 08:35:37] DELETE                  /WEB-INF/descr/ln4a.descr
[2014-11-25 08:35:37] DELETE                  /WEB-INF/descr/mssu48.descr
[2014-11-25 08:35:37] DELETE                  /WEB-INF/descr/pwu14att12.descr
[2014-11-25 08:35:37] DELETE                  /WEB-INF/classes/com/webratio/webapp/Book_RewiewsBean.class
[2014-11-25 08:35:37] DELETE                  /WEB-INF/descr/hinu1Last.descr
[2014-11-25 08:35:37] DELETE                  /WEB-INF/descr/pwu4att19.descr
[2014-11-25 08:35:37] DELETE                  /upload/ent1/1/0596007124.01._SS500_SCLZZZZZZZ_V1128783544_.jpg
[2014-11-25 08:35:37] DELETE                  /WEB-INF/descr/ln250.descr
[2014-11-25 08:35:37] DELETE                  /WEB-INF/descr/miu31.descr
[2014-11-25 08:35:37] DELETE                  /WEB-INF/descr/ln114.descr
[2014-11-25 08:35:37] DELETE                  /WEB-INF/descr/opm4.descr
[2014-11-25 08:35:37] DELETE                  /WEB-INF/descr/oln280.descr
[2014-11-25 08:35:37] DELETE                  /upload/ent1/1/0399153721.01._AA240_SCLZZZZZZZ_V54821955_.jpg
[2014-11-25 08:35:37] DELETE                  /upload/ent1/1/0072262788.01._AA240_SCLZZZZZZZ_.jpg
[2014-11-25 08:35:37] DELETE                  /page14_ajax.jsp
[2014-11-25 08:35:37] DELETE                  /WEB-INF/descr/pwu15att17.descr
[2014-11-25 08:35:37] DELETE                  /WEB-INF/descr/ln72.descr
[2014-11-25 08:35:37] DELETE                  /WEB-INF/classes/com/webratio/webapp/Order.hbm.xml
[2014-11-25 08:35:37] DELETE                  /upload/ent1/1/0316159778.01._AA240_SCLZZZZZZZ_.jpg
[2014-11-25 08:35:37] DELETE                  /WEB-INF/classes/com/webratio/webapp/cart/Cart.class
[2014-11-25 08:35:37] DELETE                  /WEB-INF/descr/oln117.descr
[2014-11-25 08:35:37] DELETE                  /WEB-INF/descr/pwu14.descr
[2014-11-25 08:35:37] DELETE                  /WEB-INF/classes/com/webratio/webapp/Category_HasParentBean.class
[2014-11-25 08:35:37] DELETE                  /upload/ent1/1/0131858580.01._AA240_SCLZZZZZZZ_V64076217_.jpg
[2014-11-25 08:35:37] DELETE                  /WEB-INF/descr/icu54.descr
[2014-11-25 08:35:37] DELETE                  /WEB-INF/descr/oln103.descr
[2014-11-25 08:35:37] DELETE                  /WEB-INF/classes/com/webratio/webapp/Book.java
[2014-11-25 08:35:37] DELETE                  /WEB-INF/descr/Cart.jasper
[2014-11-25 08:35:37] DELETE                  /WEB-INF/descr/ln112.descr
[2014-11-25 08:35:37] DELETE                  /WEB-INF/classes/com/webratio/webapp/Book.class
[2014-11-25 08:35:37] DELETE                  /WEB-INF/descr/mfu18.descr
[2014-11-25 08:35:37] DELETE                  /upload/ent1/1/0932102115.01._SS500_SCLZZZZZZZ_V1068097516_.jpg
[2014-11-25 08:35:37] DELETE                  /WEB-INF/descr/oln31.descr
[2014-11-25 08:35:37] DELETE                  /WEB-INF/descr/page42.descr
[2014-11-25 08:35:37] DELETE                  /page69_miu14_ajax.jsp
[2014-11-25 08:35:37] DELETE                  /upload/ent1/1/1563890976.01._SS500_SCLZZZZZZZ_V1056518357_.jpg
[2014-11-25 08:35:37] DELETE                  /WEB-INF/descr/ln181.descr
[2014-11-25 08:35:37] DELETE                  /WEB-INF/descr/cru13.descr
[2014-11-25 08:35:37] DELETE                  /WEB-INF/descr/pwu15Previous.descr
[2014-11-25 08:35:37] DELETE                  /upload/ent1/1/0321346939.01._SS500_SCLZZZZZZZ_V1121469626_.jpg
[2014-11-25 08:35:37] DELETE                  /WEB-INF/classes/com/webratio/webapp/Book_RewiewsBean.java
[2014-11-25 08:35:37] DELETE                  /page69_miu15.jsp
[2014-11-25 08:35:37] DELETE                  /upload/ent1/1/1400043875.01._SS500_SCLZZZZZZZ_V51817555_.jpg
[2014-11-25 08:35:37] DELETE                  /WEB-INF/descr/ln230.descr
[2014-11-25 08:35:37] DELETE                  /WEB-INF/descr/mssu46.descr
[2014-11-25 08:35:37] DELETE                  /WEB-INF/descr/pwu16First.descr
[2014-11-25 08:35:37] DELETE                  /WEB-INF/descr/okcu48.descr
[2014-11-25 08:35:37] DELETE                  /page66_miu8.jsp
[2014-11-25 08:35:37] DELETE                  /upload/ent1/1/1584794704.01._SS500_SCLZZZZZZZ_V1117038663_.jpg
[2014-11-25 08:35:37] DELETE                  /WEB-INF/descr/ln248.descr
[2014-11-25 08:35:37] DELETE                  /WEB-INF/descr/pwu5Next.descr
[2014-11-25 08:35:37] DELETE                  /upload/ent1/1/0740757695.01._AA240_SCLZZZZZZZ_.jpg
[2014-11-25 08:35:37] DELETE                  /WEB-INF/descr/pwu13att6.descr
[2014-11-25 08:35:37] DELETE                  /WEB-INF/descr/ln247.descr
[2014-11-25 08:35:37] DELETE                  /WEB-INF/descr/enu12.descr
[2014-11-25 08:35:37] DELETE                  /WEB-INF/descr/oln115.descr
[2014-11-25 08:35:37] DELETE                  /upload/ent1/1/0471241091.01._BO2,204,203,200_20_SCLZZZZZZZ_V50852900_.jpg
[2014-11-25 08:35:37] DELETE                  /WEB-INF/descr/pwu15att10.descr
[2014-11-25 08:35:37] DELETE                  /WEB-INF/descr/cru16.descr
[2014-11-25 08:35:37] DELETE                  /upload/ent1/1/067003486X.01._SS500_SCLZZZZZZZ_V1139884204_.jpg
[2014-11-25 08:35:37] DELETE                  /WEB-INF/descr/oln105.descr
[2014-11-25 08:35:37] DELETE                  /WEB-INF/descr/oln206.descr
[2014-11-25 08:35:37] DELETE                  /WEB-INF/descr/inn10.descr
[2014-11-25 08:35:37] DELETE                  /upload/ent1/1/1401307922.01._SS500_SCLZZZZZZZ_V1126114283_.jpg
[2014-11-25 08:35:37] DELETE                  /WEB-INF/descr/inn5.descr
[2014-11-25 08:35:37] DELETE                  /upload/ent1/1/0821258109.01._AA240_SCLZZZZZZZ_.jpg
[2014-11-25 08:35:37] DELETE                  /WEB-INF/classes/com/webratio/webapp/OrderItem_PartialAmountBean.java
[2014-11-25 08:35:37] DELETE                  /WEB-INF/descr/enu22.descr
[2014-11-25 08:35:37] DELETE                  /WEB-INF/descr/page68.descr
[2014-11-25 08:35:37] DELETE                  /WEB-INF/descr/ln111.descr
[2014-11-25 08:35:37] DELETE                  /WEB-INF/descr/dau1.descr
[2014-11-25 08:35:37] DELETE                  /WEB-INF/descr/oln98.descr
[2014-11-25 08:35:37] DELETE                  /WEB-INF/descr/okcu57.descr
[2014-11-25 08:35:37] DELETE                  /WEB-INF/descr/oln212.descr
[2014-11-25 08:35:37] DELETE                  /WEB-INF/descr/cru15.descr
[2014-11-25 08:35:37] DELETE                  /upload/ent1/1/0972766189.01._AA240_SCLZZZZZZZ_V65600104_.jpg
[2014-11-25 08:35:37] DELETE                  /WEB-INF/descr/pwu15att38.descr
[2014-11-25 08:35:37] DELETE                  /upload/ent1/1/1401307922.01._AA240_SCLZZZZZZZ_.jpg
[2014-11-25 08:35:37] DELETE                  /WEB-INF/administration/LocalizationSection.jsp
[2014-11-25 08:35:37] DELETE                  /WEB-INF/descr/hinu1Block.descr
[2014-11-25 08:35:37] DELETE                  /WEB-INF/descr/oln93.descr
[2014-11-25 08:35:37] DELETE                  /WEB-INF/descr/ln228.descr
[2014-11-25 08:35:37] DELETE                  /upload/ent1/1/0375508015.01._SS500_SCLZZZZZZZ_V1114133369_.jpg
[2014-11-25 08:35:37] DELETE                  /WEB-INF/descr/miu22.descr
[2014-11-25 08:35:37] DELETE                  /WEB-INF/descr/oln246.descr
[2014-11-25 08:35:37] DELETE                  /WEB-INF/descr/kln22.descr
[2014-11-25 08:35:37] DELETE                  /WEB-INF/descr/Cart_MyCart_SubReport.jasper
[2014-11-25 08:35:37] DELETE                  /WEB-INF/descr/enu26.descr
[2014-11-25 08:35:37] DELETE                  /WEB-INF/classes/com/webratio/webapp/Category_BooksBean.java
[2014-11-25 08:35:37] DELETE                  /WEB-INF/descr/mfu7.descr
[2014-11-25 08:35:37] DELETE                  /upload/ent1/1/0385514727.01._AA240_SCLZZZZZZZ_.jpg
[2014-11-25 08:35:37] DELETE                  /WEB-INF/descr/dcnu1.descr
[2014-11-25 08:35:37] DELETE                  /upload/ent1/1/1578151139.01._AA240_SCLZZZZZZZ_.jpg
[2014-11-25 08:35:37] DELETE                  /page69_miu15_ajax.jsp
[2014-11-25 08:35:37] DELETE                  /WEB-INF/descr/pwu10att56.descr
[2014-11-25 08:35:37] DELETE                  /WEB-INF/classes/com/webratio/webapp/Order_FullNameBean.class
[2014-11-25 08:35:37] DELETE                  /WEB-INF/descr/ln48.descr
[2014-11-25 08:35:37] DELETE                  /WEB-INF/descr/pwu5Last.descr
[2014-11-25 08:35:37] DELETE                  /WEB-INF/descr/pwu10att20.descr
[2014-11-25 08:35:37] DELETE                  /WEB-INF/descr/groovy/Over18user.groovy
[2014-11-25 08:35:37] DELETE                  /WEB-INF/descr/okcu62.descr
[2014-11-25 08:35:37] DELETE                  /WEB-INF/descr/enu16.descr
[2014-11-25 08:35:37] DELETE                  /WEB-INF/descr/kln18.descr
[2014-11-25 08:35:37] DELETE                  /WEB-INF/descr/icu71.descr
[2014-11-25 08:35:37] DELETE                  /upload/ent1/1/0060531258.01._AA240_SCLZZZZZZZ_V65721911_.jpg
[2014-11-25 08:35:37] DELETE                  /WEB-INF/descr/okcu58.descr
[2014-11-25 08:35:37] DELETE                  /WEB-INF/descr/groovy/computeover18.groovy
[2014-11-25 08:35:37] DELETE                  /WEB-INF/descr/pwu14att37.descr
[2014-11-25 08:35:37] DELETE                  /WEB-INF/descr/groovy/setratings.groovy
[2014-11-25 08:35:37] DELETE                  /upload/ent1/1/0446606529.01._SS500_SCLZZZZZZZ_V56322771_.jpg
[2014-11-25 08:35:37] DELETE                  /WEB-INF/descr/pwu7.descr
[2014-11-25 08:35:37] DELETE                  /WEB-INF/descr/pwu8Block.descr
[2014-11-25 08:35:37] DELETE                  /WEB-INF/descr/ln99.descr
[2014-11-25 08:35:37] DELETE                  /WEB-INF/administration/PropertiesSection.jsp
[2014-11-25 08:35:37] DELETE                  /WEB-INF/classes/com/webratio/webapp/cart/Cart_TotalAmountBean.class
[2014-11-25 08:35:37] DELETE                  /WEB-INF/descr/pwu5att50.descr
[2014-11-25 08:35:37] DELETE                  /WEB-INF/classes/com/webratio/webapp/Author.java
[2014-11-25 08:35:37] DELETE                  /WEB-INF/descr/pwu16Last.descr
[2014-11-25 08:35:37] DELETE                  /page60_miu16_ajax.jsp
[2014-11-25 08:35:37] DELETE                  /page16.jsp
[2014-11-25 08:35:37] DELETE                  /upload/ent1/1/0060763884.01._SS500_SCLZZZZZZZ_V65720685_.jpg
[2014-11-25 08:35:37] DELETE                  /WEB-INF/descr/ln1a.descr
[2014-11-25 08:35:37] DELETE                  /WEB-INF/descr/kln20.descr
[2014-11-25 08:35:37] DELETE                  /page16_ajax.jsp
[2014-11-25 08:35:37] DELETE                  /WEB-INF/descr/miu16.descr
[2014-11-25 08:35:37] DELETE                  /WEB-INF/descr/ln260.descr
[2014-11-25 08:35:37] DELETE                  /page42_ajax.jsp
[2014-11-25 08:35:37] DELETE                  /WEB-INF/descr/page58.descr
[2014-11-25 08:35:37] DELETE                  /WEB-INF/descr/pwu6Next.descr
[2014-11-25 08:35:37] DELETE                  /WEB-INF/descr/inn6.descr
[2014-11-25 08:35:37] DELETE                  /WEB-INF/descr/oln94.descr
[2014-11-25 08:35:37] DELETE                  /upload/ent1/1/0977326403.01._AA240_SCLZZZZZZZ_.jpg
[2014-11-25 08:35:37] DELETE                  /WEB-INF/descr/kocu6.descr
[2014-11-25 08:35:37] DELETE                  /WEB-INF/descr/Cart_Quantity_SubReport.jasper
[2014-11-25 08:35:37] DELETE                  /WEB-INF/descr/pwu13att47.descr
[2014-11-25 08:35:37] DELETE                  /WEB-INF/descr/opm14.descr
[2014-11-25 08:35:37] DELETE                  /WEB-INF/descr/ln232.descr
[2014-11-25 08:35:37] DELETE                  /upload/ent1/1/1893115518.01._AA240_SCLZZZZZZZ_.jpg
[2014-11-25 08:35:37] DELETE                  /WEB-INF/descr/page43.descr
[2014-11-25 08:35:37] DELETE                  /WEB-INF/descr/oln110.descr
[2014-11-25 08:35:37] DELETE                  /WEB-INF/classes/com/webratio/webapp/OrderItem.class
[2014-11-25 08:35:37] DELETE                  /WEB-INF/descr/kocu5.descr
[2014-11-25 08:35:37] DELETE                  /WEB-INF/descr/oln89.descr
[2014-11-25 08:35:37] DELETE                  /WEB-INF/classes/com/webratio/webapp/Category_BooksBean.class
[2014-11-25 08:35:37] DELETE                  /upload/ent1/1/1561586153.01._AA240_SCLZZZZZZZ_.jpg
[2014-11-25 08:35:37] DELETE                  /WEB-INF/descr/dlu6.descr
[2014-11-25 08:35:37] DELETE                  /WEB-INF/descr/dlu4.descr
[2014-11-25 08:35:37] DELETE                  /WEB-INF/administration/LogsSection.jsp
[2014-11-25 08:35:37] DELETE                  /upload/ent1/1/0375721088.01._AA240_SCLZZZZZZZ_.jpg
[2014-11-25 08:35:37] DELETE                  /upload/ent1/1/0471241091.01._BO2,204,203,200_PIsitb-dp-500-arrow,TopRight,45,-64_AA240_SH20_SCLZZZZZZZ_V50852900_.jpg
[2014-11-25 08:35:37] DELETE                  /WEB-INF/descr/lpu4.descr
[2014-11-25 08:35:37] DELETE                  /WEB-INF/descr/pwu15Next.descr
[2014-11-25 08:35:37] DELETE                  /WEB-INF/descr/ln116.descr
[2014-11-25 08:35:37] DELETE                  /WEB-INF/classes/com/webratio/webapp/Book.hbm.xml
[2014-11-25 08:35:37] DELETE                  /upload/ent1/1/1593358210.01._AA240_SCLZZZZZZZ_V54614146_.jpg
[2014-11-25 08:35:37] DELETE                  /upload/ent1/1/0743273567.01._AA240_SCLZZZZZZZ_.jpg
[2014-11-25 08:35:37] DELETE                  /WEB-INF/descr/mfu6.descr
[2014-11-25 08:35:37] DELETE                  /WEB-INF/descr/ln74.descr
[2014-11-25 08:35:37] DELETE                  /WEB-INF/descr/okcu65.descr
[2014-11-25 08:35:37] DELETE                  /WEB-INF/descr/scu9.descr
[2014-11-25 08:35:37] DELETE                  /WEB-INF/classes/com/webratio/webapp/cart/CartItem.class
[2014-11-25 08:35:37] DELETE                  /upload/ent1/1/0739303406.01._SS500_SCLZZZZZZZ_V1085755222_.jpg
[2014-11-25 08:35:37] DELETE                  /WEB-INF/descr/oln97.descr
[2014-11-25 08:35:37] DELETE                  /upload/ent1/1/1893115518.01._SS500_SCLZZZZZZZ_V1111659500_.jpg
[2014-11-25 08:35:37] DELETE                  /WEB-INF/descr/hinu2.descr
[2014-11-25 08:35:37] DELETE                  /WEB-INF/descr/ln233.descr
[2014-11-25 08:35:37] DELETE                  /WEB-INF/descr/ln78.descr
[2014-11-25 08:35:37] DELETE                  /WEB-INF/descr/ln261.descr
[2014-11-25 08:35:37] DELETE                  /WEB-INF/descr/pwu3att10.descr
[2014-11-25 08:35:37] DELETE                  /upload/ent1/1/0375714669.01._AA240_SCLZZZZZZZ_.jpg
[2014-11-25 08:35:37] DELETE                  /WEB-INF/descr/ln67.descr
[2014-11-25 08:35:37] DELETE                  /WEB-INF/descr/ln3.descr
[2014-11-25 08:35:37] DELETE                  /upload/ent1/1/1563890976.01._AA240_SCLZZZZZZZ_.jpg
[2014-11-25 08:35:37] DELETE                  /WEB-INF/descr/hinu1Next.descr
[2014-11-25 08:35:37] DELETE                  /WEB-INF/descr/hinu1att19.descr
[2014-11-25 08:35:37] DELETE                  /WEB-INF/classes/com/webratio/webapp/cart/CartItem.java
[2014-11-25 08:35:37] DELETE                  /WEB-INF/descr/ln47.descr
[2014-11-25 08:35:37] DELETE                  /WEB-INF/descr/oln116.descr
[2014-11-25 08:35:37] DELETE                  /upload/ent1/1/1933308036.01._AA240_SCLZZZZZZZ_V54363018_.jpg
[2014-11-25 08:35:37] DELETE                  /upload/ent1/1/0743271092.01._SS500_SCLZZZZZZZ_V64058754_.jpg
[2014-11-25 08:35:37] DELETE                  /WEB-INF/descr/oln71.descr
[2014-11-25 08:35:37] DELETE                  /page70_miu9.jsp
[2014-11-25 08:35:37] DELETE                  /WEB-INF/descr/miu21.descr
[2014-11-25 08:35:37] DELETE                  /WEB-INF/classes/com/webratio/webapp/OrderItem.java
[2014-11-25 08:35:37] DELETE                  /WEB-INF/administration/GeneralSection.jsp
[2014-11-25 08:35:37] DELETE                  /WEB-INF/descr/ln231.descr
[2014-11-25 08:35:37] DELETE                  /upload/ent1/1/0060763884.01._AA240_SCLZZZZZZZ_V65720685_.jpg
[2014-11-25 08:35:37] DELETE                  /WEB-INF/descr/kln26.descr
[2014-11-25 08:35:37] DELETE                  /WEB-INF/descr/pwu5First.descr
[2014-11-25 08:35:37] DELETE                  /WEB-INF/descr/pcu1.descr
[2014-11-25 08:35:37] DELETE                  /WEB-INF/descr/miu18.descr
[2014-11-25 08:35:37] DELETE                  /WEB-INF/descr/icu64.descr
[2014-11-25 08:35:37] DELETE                  /upload/ent1/1/0670037605.01._AA240_SCLZZZZZZZ_V56832245_.jpg
[2014-11-25 08:35:37] DELETE                  /page70_miu9_ajax.jsp
[2014-11-25 08:35:37] DELETE                  /WEB-INF/classes/com/webratio/webapp/Author.class
[2014-11-25 08:35:37] DELETE                  /WEB-INF/descr/pwu16att49.descr
[2014-11-25 08:35:37] DELETE                  /WEB-INF/descr/icu67.descr
[2014-11-25 08:35:37] DELETE                  /upload/ent1/1/0399153721.01._SS500_SCLZZZZZZZ_V54821955_.jpg
[2014-11-25 08:35:37] DELETE                  /upload/ent1/1/0812969707.01._AA240_SCLZZZZZZZ_V54155536_.jpg
[2014-11-25 08:35:37] DELETE                  /WEB-INF/descr/kln19.descr
[2014-11-25 08:35:37] DELETE                  /WEB-INF/descr/oln255.descr
[2014-11-25 08:35:37] DELETE                  /upload/ent1/1/0735605351.01._SS500_SCLZZZZZZZ_V56899447_.jpg
[2014-11-25 08:35:37] DELETE                  /upload/ent1/1/0060892579.01._AA240_SCLZZZZZZZ_V54588806_.jpg
[2014-11-25 08:35:37] DELETE                  /page68_miu15.jsp
[2014-11-25 08:35:37] DELETE                  /upload/ent1/1/0345486501.01._AA240_SCLZZZZZZZ_.jpg
[2014-11-25 08:35:37] DELETE                  /upload/ent1/1/0060829818.01._AA240_SCLZZZZZZZ_V53894980_.jpg
[2014-11-25 08:35:37] DELETE                  /WEB-INF/descr/pwu15Block.descr
[2014-11-25 08:35:37] DELETE                  /WEB-INF/descr/oln208.descr
[2014-11-25 08:35:37] DELETE                  /WEB-INF/descr/ln109.descr
[2014-11-25 08:35:37] DELETE                  /WEB-INF/descr/mathu1.descr
[2014-11-25 08:35:37] DELETE                  /WEB-INF/classes/com/webratio/webapp/Author.hbm.xml
[2014-11-25 08:35:37] DELETE                  /WEB-INF/descr/pwu5Block.descr
[2014-11-25 08:35:37] DELETE                  /WEB-INF/descr/ln79.descr
[2014-11-25 08:35:37] DELETE                  /WEB-INF/descr/pwu3att17.descr
[2014-11-25 08:35:37] DELETE                  /WEB-INF/descr/oln121.descr
[2014-11-25 08:35:37] DELETE                  /WEB-INF/descr/page69.descr
[2014-11-25 08:35:37] DELETE                  /page2_miu13.jsp
[2014-11-25 08:35:37] DELETE                  /upload/ent1/1/0740757695.01._SS500_SCLZZZZZZZ_V1133287177_.jpg
[2014-11-25 08:35:37] DELETE                  /WEB-INF/descr/dau6.descr
[2014-11-25 08:35:37] DELETE                  /WEB-INF/descr/opm13.descr
[2014-11-25 08:35:37] DELETE                  /WEB-INF/descr/Cart_CartItems_SubReport.jasper
[2014-11-25 08:35:37] DELETE                  /WEB-INF/descr/pwu15.descr
[2014-11-25 08:35:37] DELETE                  /page43_ajax.jsp
[2014-11-25 08:35:37] DELETE                  /WEB-INF/descr/oln242.descr
[2014-11-25 08:35:37] DELETE                  /WEB-INF/descr/oln198.descr
[2014-11-25 08:35:37] DELETE                  /WEB-INF/descr/page42.link.descr
[2014-11-25 08:35:37] DELETE                  /upload/ent1/1/0385336691.01._SS500_SCLZZZZZZZ_V1131594004_.jpg
[2014-11-25 08:35:37] DELETE                  /WEB-INF/descr/gtu1a.descr
[2014-11-25 08:35:37] DELETE                  /page4.jsp
[2014-11-25 08:35:37] DELETE          RESTART /WEB-INF/classes/db5.hibernate.cfg.xml
[2014-11-25 08:35:37] DELETE                  /upload/ent1/1/1400061695.01._SS500_SCLZZZZZZZ_V1136584775_.jpg
[2014-11-25 08:35:37] DELETE                  /page68_miu15_ajax.jsp
[2014-11-25 08:35:37] DELETE                  /WEB-INF/descr/oln107.descr
[2014-11-25 08:35:37] DELETE                  /upload/ent1/1/097669400X.01._AA240_SCLZZZZZZZ_.jpg
[2014-11-25 08:35:37] DELETE                  /WEB-INF/descr/pwu13att7.descr
[2014-11-25 08:35:37] DELETE                  /WEB-INF/descr/page66.descr
[2014-11-25 08:35:37] DELETE                  /WEB-INF/descr/kocu8.descr
[2014-11-25 08:35:37] DELETE                  /upload/ent1/1/1581808453.01._SS500_SCLZZZZZZZ_V65618989_.jpg
[2014-11-25 08:35:37] DELETE                  /upload/ent1/1/097669400X.01._SS500_SCLZZZZZZZ_V1114817027_.jpg
[2014-11-25 08:35:37] DELETE                  /WEB-INF/descr/hinu1.descr
[2014-11-25 08:35:37] DELETE                  /WEB-INF/descr/okcu18.descr
[2014-11-25 08:35:37] DELETE                  /WEB-INF/descr/page6.descr
[2014-11-25 08:35:37] DELETE                  /WEB-INF/classes/com/webratio/webapp/Book_PriceBean.class
[2014-11-25 08:35:37] DELETE                  /WEB-INF/classes/com/webratio/webapp/Category_HasParentBean.java
[2014-11-25 08:35:37] DELETE                  /WEB-INF/descr/groovy/generateauthors.groovy
[2014-11-25 08:35:37] DELETE                  /upload/ent1/1/0375721088.01._SS500_SCLZZZZZZZ_V1123271944_.jpg
[2014-11-25 08:35:37] DELETE                  /upload/ent1/1/1933596538.01._SS500_SCLZZZZZZZ_V54635932_.jpg
[2014-11-25 08:35:37] DELETE                  /upload/ent1/1/0385336691.01._AA240_SCLZZZZZZZ_.jpg
[2014-11-25 08:35:37] DELETE                  /upload/ent1/1/0743273567.01._SS500_SCLZZZZZZZ_V1096432938_.jpg
[2014-11-25 08:35:37] DELETE                  /page2_miu13_ajax.jsp
[2014-11-25 08:35:37] DELETE                  /WEB-INF/descr/mpage3.descr
[2014-11-25 08:35:37] DELETE                  /WEB-INF/descr/oln104.descr
[2014-11-25 08:35:37] DELETE                  /upload/ent1/1/0739303406.01._AA240_SCLZZZZZZZ_.jpg
[2014-11-25 08:35:37] DELETE                  /upload/ent1/1/1401302378.01._SS500_SCLZZZZZZZ_V63383464_.jpg
[2014-11-25 08:35:37] DELETE                  /WEB-INF/descr/oln87.descr
[2014-11-25 08:35:37] DELETE                  /WEB-INF/descr/enu20.descr
[2014-11-25 08:35:37] DELETE                  /upload/ent1/1/0553804790.01._SS500_SCLZZZZZZZ_V1134068361_.jpg
[2014-11-25 08:35:37] DELETE                  /WEB-INF/descr/scu10.descr
[2014-11-25 08:35:37] DELETE                  /page43.jsp
[2014-11-25 08:35:37] DELETE                  /upload/ent1/1/0609809644.01._SS500_SCLZZZZZZZ_V1106958194_.jpg
[2014-11-25 08:35:37] DELETE                  /WEB-INF/descr/ln54.descr
[2014-11-25 08:35:37] DELETE                  /WEB-INF/descr/mfu9.descr
[2014-11-25 08:35:37] DELETE                  /WEB-INF/descr/ln64.descr
[2014-11-25 08:35:37] DELETE                  /WEB-INF/descr/ln68.descr
[2014-11-25 08:35:37] DELETE                  /WEB-INF/descr/miu17.descr
[2014-11-25 08:35:37] DELETE                  /WEB-INF/descr/dlu14.descr
[2014-11-25 08:35:37] DELETE                  /WEB-INF/descr/enu17.descr
[2014-11-25 08:35:37] DELETE                  /WEB-INF/descr/inn12.descr
[2014-11-25 08:35:37] DELETE                  /WEB-INF/descr/opm5.descr
[2014-11-25 08:35:37] DELETE                  /WEB-INF/descr/ln83.descr
[2014-11-25 08:35:37] DELETE                  /WEB-INF/descr/kln25.descr
[2014-11-25 08:35:37] DELETE                  /WEB-INF/descr/icu65.descr
[2014-11-25 08:35:37] DELETE                  /WEB-INF/descr/pwu6Last.descr
[2014-11-25 08:35:37] DELETE                  /WEB-INF/descr/inn11.descr
[2014-11-25 08:35:37] DELETE                  /WEB-INF/descr/dau1a.descr
[2014-11-25 08:35:37] DELETE                  /WEB-INF/descr/opm11.descr
[2014-11-25 08:35:37] DELETE                  /upload/ent1/1/1561587346.01._SS400_SCLZZZZZZZ_V65622956_.jpg
[2014-11-25 08:35:37] DELETE                  /page69_miu14.jsp
[2014-11-25 08:35:37] DELETE                  /WEB-INF/descr/miu24.descr
[2014-11-25 08:35:37] DELETE                  /WEB-INF/descr/ln76.descr
[2014-11-25 08:35:37] DELETE                  /WEB-INF/descr/pwu3att38.descr
[2014-11-25 08:35:37] DELETE                  /upload/ent1/1/1840118520.01._SS500_SCLZZZZZZZ_V1120888781_.jpg
[2014-11-25 08:35:37] DELETE                  /WEB-INF/descr/mdu5.descr
[2014-11-25 08:35:37] DELETE                  /WEB-INF/descr/oln118.descr
[2014-11-25 08:35:37] DELETE                  /upload/ent1/1/0385338694.01._SS500_SCLZZZZZZZ_V1131593455_.jpg
[2014-11-25 08:35:37] DELETE                  /WEB-INF/classes/com/webratio/webapp/cart/CartItem_PartialAmountBean.class
[2014-11-25 08:35:37] DELETE                  /WEB-INF/descr/oln88.descr
[2014-11-25 08:35:37] DELETE                  /WEB-INF/classes/com/webratio/webapp/Book_PriceBean.java
[2014-11-25 08:35:37] DELETE                  /upload/ent1/1/1578151139.01._SS500_SCLZZZZZZZ_V1056522833_.jpg
[2014-11-25 08:35:37] DELETE                  /WEB-INF/classes/com/webratio/webapp/Order_TotalAmountBean.class
[2014-11-25 08:35:37] DELETE                  /WEB-INF/descr/pwu11.descr
[2014-11-25 08:35:37] DELETE                  /WEB-INF/descr/enu19.descr
[2014-11-25 08:35:37] DELETE                  /WEB-INF/descr/kln23.descr
[2014-11-25 08:35:37] DELETE                  /upload/ent1/1/0972766189.01._SS500_SCLZZZZZZZ_V65600104_.jpg
[2014-11-25 08:35:37] DELETE                  /upload/ent1/1/1402712294.01._AA240_SCLZZZZZZZ_.jpg
[2014-11-25 08:35:37] DELETE                  /page65_miu7.jsp
[2014-11-25 08:35:37] DELETE                  /WEB-INF/classes/com/webratio/webapp/EditorialReview.class
[2014-11-25 08:35:37] DELETE                  /WEB-INF/descr/icu60.descr
[2014-11-25 08:35:37] DELETE                  /upload/ent1/1/0974514055.01._SS500_SCLZZZZZZZ_V1128790749_.jpg
[2014-11-25 08:35:37] DELETE                  /WEB-INF/classes/com/webratio/webapp/OrderItem.hbm.xml
[2014-11-25 08:35:37] DELETE                  /WEB-INF/descr/oln286.descr
[2014-11-25 08:35:37] DELETE                  /WEB-INF/descr/oln241.descr
[2014-11-25 08:35:37] DELETE                  /WEB-INF/descr/ln82.descr
[2014-11-25 08:35:37] DELETE                  /upload/ent1/1/0977326403.01._SS500_SCLZZZZZZZ_V1133434277_.jpg
[2014-11-25 08:35:37] DELETE                  /WEB-INF/administration/ProtectionSection.jsp
[2014-11-25 08:35:37] DELETE                  /WEB-INF/descr/mdu1.descr
[2014-11-25 08:35:37] DELETE                  /WEB-INF/descr/pwu15Last.descr
[2014-11-25 08:35:37] DELETE                  /upload/ent1/1/1581808453.01._AA240_SCLZZZZZZZ_V65618989_.jpg
[2014-11-25 08:35:37] DELETE                  /upload/ent1/1/0345486501.01._SS500_SCLZZZZZZZ_V1136577545_.jpg
[2014-11-25 08:35:37] DELETE                  /WEB-INF/descr/ln65.descr
[2014-11-25 08:35:37] DELETE                  /upload/ent1/1/0375714669.01._SS500_SCLZZZZZZZ_V1114130214_.jpg
[2014-11-25 08:35:37] DELETE                  /WEB-INF/descr/pwu16Block.descr
[2014-11-25 08:35:37] DELETE                  /WEB-INF/descr/page65.descr
[2014-11-25 08:35:37] DELETE                  /WEB-INF/descr/ln51.descr
[2014-11-25 08:35:37] DELETE                  /WEB-INF/descr/ln63.descr
[2014-11-25 08:35:37] DELETE                  /WEB-INF/descr/dlu17.descr
[2014-11-25 08:35:37] DELETE                  /upload/ent1/1/1590596145.01._SS500_SCLZZZZZZZ_V1137805159_.jpg
[2014-11-25 08:35:37] DELETE                  /WEB-INF/descr/mssu45.descr
[2014-11-25 08:35:37] DELETE                  /WEB-INF/descr/mfu25.descr
[2014-11-25 08:35:37] DELETE                  /WEB-INF/descr/pwu16Next.descr
[2014-11-25 08:35:37] DELETE                  /WEB-INF/descr/icu61.descr
[2014-11-25 08:35:37] DELETE                  /WEB-INF/classes/com/webratio/webapp/Book_SavingBean.java
[2014-11-25 08:35:37] DELETE                  /WEB-INF/descr/groovy/concatenateauthors.groovy
[2014-11-25 08:35:37] DELETE                  /WEB-INF/descr/dau2.descr
[2014-11-25 08:35:37] DELETE                  /WEB-INF/classes/com/webratio/webapp/Book_SavingBean.class
[2014-11-25 08:35:37] DELETE                  /upload/ent1/1/1401300030.01._AA240_SCLZZZZZZZ_.jpg
[2014-11-25 08:35:37] DELETE                  /upload/ent1/1/0609809644.01._AA240_SCLZZZZZZZ_.jpg
[2014-11-25 08:35:37] DELETE                  /WEB-INF/classes/com/webratio/webapp/cart/Cart_TotalAmountBean.java
[2014-11-25 08:35:37] DELETE                  /upload/ent1/1/0676974244.01._AA240_SCLZZZZZZZ_V67078169_.jpg
[2014-11-25 08:35:37] DELETE                  /WEB-INF/descr/opu5.descr
[2014-11-25 08:35:37] DELETE                  /upload/ent1/1/0321346939.01._AA240_SCLZZZZZZZ_.jpg
[2014-11-25 08:35:37] DELETE                  /WEB-INF/descr/pwu8att10.descr
[2014-11-25 08:35:37] DELETE                  /WEB-INF/descr/page72.descr
[2014-11-25 08:35:37] DELETE                  /WEB-INF/descr/pwu8Next.descr
[2014-11-25 08:35:37] DELETE                  /WEB-INF/descr/okcu50.descr
[2014-11-25 08:35:37] DELETE                  /WEB-INF/descr/ln70.descr
[2014-11-25 08:35:37] DELETE                  /WEB-INF/descr/pwu6.descr
[2014-11-25 08:35:37] DELETE                  /WEB-INF/descr/oln70.descr
[2014-11-25 08:35:37] DELETE                  /upload/ent1/1/0060892579.01._SS500_SCLZZZZZZZ_V54588806_.jpg
[2014-11-25 08:35:37] DELETE                  /WEB-INF/descr/page60.descr
[2014-11-25 08:35:37] DELETE                  /page6.jsp
[2014-11-25 08:35:37] DELETE                  /WEB-INF/descr/Cart_Quantity_SubReport.jrxml
[2014-11-25 08:35:37] DELETE                  /WEB-INF/descr/page59.descr
[2014-11-25 08:35:37] DELETE                  /page66_miu8_ajax.jsp
[2014-11-25 08:35:37] DELETE                  /WEB-INF/descr/Cart.jrxml.sample.xml
[2014-11-25 08:35:37] DELETE                  /WEB-INF/descr/oln229.descr
[2014-11-25 08:35:37] DELETE                  /upload/ent1/1/1592531938.01._SS500_SCLZZZZZZZ_V1112884195_.jpg
[2014-11-25 08:35:37] DELETE                  /upload/ent1/1/0974514055.01._AA240_SCLZZZZZZZ_.jpg
[2014-11-25 08:35:37] DELETE                  /WEB-INF/descr/gctu7.descr
[2014-11-25 08:35:37] DELETE                  /WEB-INF/descr/opu1.descr
[2014-11-25 08:35:37] DELETE                  /WEB-INF/descr/pwu8First.descr
[2014-11-25 08:35:37] DELETE                  /upload/ent1/1/1561586153.01._SS500_SCLZZZZZZZ_V1118433617_.jpg
[2014-11-25 08:35:37] DELETE                  /WEB-INF/descr/okcu60.descr
[2014-11-25 08:35:37] DELETE                  /WEB-INF/descr/dau2a.descr
[2014-11-25 08:35:37] DELETE                  /upload/ent1/1/0670037605.01._SS500_SCLZZZZZZZ_V56832245_.jpg
[2014-11-25 08:35:37] DELETE                  /upload/ent1/1/1594031444.01._SS500_SCLZZZZZZZ_V1137041942_.jpg
[2014-11-25 08:35:37] DELETE                  /page21.jsp
[2014-11-25 08:35:37] DELETE                  /WEB-INF/descr/ln165.descr
[2014-11-25 08:35:37] DELETE                  /upload/ent1/1/0847827534.01._AA240_SCLZZZZZZZ_V55576200_.jpg
[2014-11-25 08:35:37] DELETE                  /upload/ent1/1/1593358210.01._SS500_SCLZZZZZZZ_V54614146_.jpg
[2014-11-25 08:35:37] DELETE                  /WEB-INF/descr/icu66.descr
[2014-11-25 08:35:37] DELETE                  /upload/ent1/1/1594031444.01._AA240_SCLZZZZZZZ_.jpg
[2014-11-25 08:35:37] DELETE                  /WEB-INF/classes/com/webratio/webapp/OrderItem_PartialAmountBean.class
[2014-11-25 08:35:37] DELETE                  /WEB-INF/descr/pwu8Previous.descr
[2014-11-25 08:35:37] DELETE                  /WEB-INF/descr/inn7.descr
[2014-11-25 08:35:37] DELETE                  /WEB-INF/descr/oln69.descr
[2014-11-25 08:35:37] DELETE                  /WEB-INF/descr/tmu2.descr
[2014-11-25 08:35:37] DELETE                  /WEB-INF/descr/pwu6Block.descr
[2014-11-25 08:35:37] DELETE                  /WEB-INF/classes/com/webratio/webapp/cart/CartItem.hbm.xml
[2014-11-25 08:35:37] DELETE                  /WEB-INF/descr/ln73.descr
[2014-11-25 08:35:37] DELETE                  /WEB-INF/descr/pwu16Previous.descr
[2014-11-25 08:35:37] DELETE                  /page68_miu14_ajax.jsp
[2014-11-25 08:35:37] DELETE                  /WEB-INF/descr/dlu5.descr
[2014-11-25 08:35:37] DELETE                  /WEB-INF/descr/ln55.descr
[2014-11-25 08:35:37] DELETE                  /WEB-INF/descr/icu68.descr
[2014-11-25 08:35:37] DELETE                  /upload/ent1/1/0385338694.01._AA240_SCLZZZZZZZ_.jpg
[2014-11-25 08:35:37] DELETE                  /WEB-INF/descr/oln106.descr
[2014-11-25 08:35:37] DELETE                  /WEB-INF/descr/pwu8.descr
[2014-11-25 08:35:37] DELETE                  /WEB-INF/descr/logo_big.jpg
[2014-11-25 08:35:37] DELETE                  /WEB-INF/descr/oln111.descr
[2014-11-25 08:35:37] DELETE                  /upload/ent1/1/0446606529.01._AA240_SCLZZZZZZZ_V56322771_.jpg
[2014-11-25 08:35:37] DELETE                  /upload/ent1/1/0743271092.01._AA240_SCLZZZZZZZ_V64058754_.jpg
[2014-11-25 08:35:37] DELETE                  /WEB-INF/descr/ln97.descr
[2014-11-25 08:35:37] DELETE                  /upload/ent1/1/0792238737.01._SS500_SCLZZZZZZZ_V1122457254_.jpg
[2014-11-25 08:35:37] DELETE                  /WEB-INF/descr/okcu17.descr
[2014-11-25 08:35:37] DELETE                  /upload/ent1/1/0676974244.01._SS500_SCLZZZZZZZ_V67078169_.jpg
[2014-11-25 08:35:37] DELETE                  /WEB-INF/descr/oln102.descr
[2014-11-25 08:35:37] DELETE                  /WEB-INF/descr/mfu8.descr
[2014-11-25 08:35:37] DELETE                  /WEB-INF/descr/page70.descr
[2014-11-25 08:35:37] DELETE                  /WEB-INF/descr/enu18.descr
[2014-11-25 08:35:37] DELETE                  /WEB-INF/descr/ln3a.descr
[2014-11-25 08:35:37] DELETE                  /WEB-INF/descr/hinu1First.descr
[2014-11-25 08:35:37] DELETE                  /upload/ent1/1/1853264857.01._SS500_SCLZZZZZZZ_V1122447560_.jpg
[2014-11-25 08:35:37] DELETE                  /WEB-INF/descr/miu14.descr
[2014-11-25 08:35:37] DELETE                  /upload/ent1/1/067003486X.01._AA240_SCLZZZZZZZ_.jpg
[2014-11-25 08:35:37] DELETE                  /WEB-INF/descr/pwu6att24.descr
[2014-11-25 08:35:37] DELETE                  /WEB-INF/descr/mdu8.descr
[2014-11-25 08:35:37] DELETE                  /WEB-INF/descr/groovy/manageauthors.groovy
[2014-11-25 08:35:37] DELETE                  /upload/ent1/1/0375508015.01._AA240_SCLZZZZZZZ_.jpg
[2014-11-25 08:35:37] DELETE                  /upload/ent1/1/1561587346.01._AA240_SCLZZZZZZZ_V65622956_.jpg
[2014-11-25 08:35:37] DELETE                  /page4_ajax.jsp
[2014-11-25 08:35:37] DELETE                  /upload/ent1/1/0060531258.01._SS500_SCLZZZZZZZ_V65721911_.jpg
[2014-11-25 08:35:37] DELETE                  /page72_miu11.jsp
[2014-11-25 08:35:37] DELETE                  /WEB-INF/descr/page43.link.descr
[2014-11-25 08:35:37] DELETE                  /page42.jsp
[2014-11-25 08:35:37] DELETE                  /WEB-INF/descr/pwu15First.descr
[2014-11-25 08:35:37] DELETE                  /WEB-INF/descr/pwu3att8.descr
[2014-11-25 08:35:37] DELETE                  /WEB-INF/descr/oln122.descr
[2014-11-25 08:35:37] DELETE                  /WEB-INF/descr/page74.descr
[2014-11-25 08:35:37] DELETE                  /WEB-INF/descr/ln81.descr
[2014-11-25 08:35:37] DELETE                  /WEB-INF/descr/pwu14att39.descr
[2014-11-25 08:35:37] DELETE                  /WEB-INF/classes/com/webratio/webapp/Order.java
[2014-11-25 08:35:37] DELETE                  /WEB-INF/descr/tmu5.descr
[2014-11-25 08:35:37] DELETE                  /WEB-INF/descr/switch6.descr
[2014-11-25 08:35:37] DELETE                  /upload/ent1/1/0596007124.01._AA240_SCLZZZZZZZ_.jpg
[2014-11-25 08:35:37] DELETE          RESTART /WEB-INF/classes/ApplicationResources_en_US.properties
[2014-11-25 08:35:37] DELETE                  /upload/ent1/1/0060829818.01._SS500_SCLZZZZZZZ_V53894980_.jpg
[2014-11-25 08:35:37] DELETE                  /page68_miu14.jsp
[2014-11-25 08:35:37] DELETE                  /WEB-INF/descr/pwu10.descr
[2014-11-25 08:35:37] DELETE                  /upload/ent1/1/1933308036.01._SS500_SCLZZZZZZZ_V54363018_.jpg
[2014-11-25 08:35:37] DELETE                  /upload/ent1/1/1401300030.01._SS500_SCLZZZZZZZ_V1108482186_.jpg
[2014-11-25 08:35:37] DELETE                  /WEB-INF/descr/Cart_CartItems_SubReport.jrxml
[2014-11-25 08:35:37] DELETE                  /WEB-INF/descr/cru3.descr
[2014-11-25 08:35:37] DELETE                  /page60_miu16.jsp
[2014-11-25 08:35:37] DELETE                  /WEB-INF/descr/oln95.descr
[2014-11-25 08:35:37] DELETE                  /WEB-INF/descr/pwu5Previous.descr
[2014-11-25 08:35:37] DELETE                  /upload/ent1/1/0735605351.01._AA240_SCLZZZZZZZ_V56899447_.jpg
[2014-11-25 08:35:37] DELETE                  /WEB-INF/classes/com/webratio/webapp/cart/CartItem_PartialAmountBean.java
[2014-11-25 08:35:37] DELETE                  /WEB-INF/descr/seu57.descr
[2014-11-25 08:35:37] DELETE                  /WEB-INF/descr/ln127.descr
[2014-11-25 08:35:37] DELETE                  /page14.jsp
[2014-11-25 08:35:37] DELETE                  /WEB-INF/descr/oln207.descr
[2014-11-25 08:35:37] DELETE                  /upload/ent1/1/1400061695.01._AA240_SCLZZZZZZZ_.jpg
[2014-11-25 08:35:37] DELETE                  /upload/ent1/1/0847827534.01._SS500_SCLZZZZZZZ_V55576200_.jpg
[2014-11-25 08:35:37] DELETE                  /WEB-INF/descr/pwu8Last.descr
[2014-11-25 08:35:37] DELETE                  /WEB-INF/descr/icu51.descr
[2014-11-25 08:35:37] DELETE                  /upload/ent1/1/0932102115.01._AA240_SCLZZZZZZZ_.jpg
[2014-11-25 08:35:37] DELETE                  /WEB-INF/descr/pwu11att10.descr
[2014-11-25 08:35:37] DELETE                  /WEB-INF/descr/pwu14att10.descr
[2014-11-25 08:35:37] DELETE                  /WEB-INF/descr/ln229.descr
[2014-11-25 08:35:37] DELETE                  /WEB-INF/descr/gctu3.descr
[2014-11-25 08:35:37] DELETE                  /WEB-INF/descr/oln108.descr
[2014-11-25 08:35:37] DELETE                  /WEB-INF/descr/ln75.descr
[2014-11-25 08:35:37] DELETE                  /WEB-INF/descr/ln69.descr
[2014-11-25 08:35:37] DELETE                  /WEB-INF/descr/pwu13.descr
[2014-11-25 08:35:37] DELETE                  /upload/ent1/1/1853264857.01._AA240_SCLZZZZZZZ_.jpg
[2014-11-25 08:35:37] DELETE                  /WEB-INF/descr/icu53.descr
[2014-11-25 08:35:37] DELETE                  /WEB-INF/descr/oln96.descr
[2014-11-25 08:35:37] DELETE                  /WEB-INF/classes/com/webratio/webapp/Book_CommentsBean.java
[2014-11-25 08:35:37] DELETE                  /WEB-INF/descr/ln2a.descr
[2014-11-25 08:35:37] DELETE                  /upload/ent1/1/0553804790.01._AA240_SCLZZZZZZZ_.jpg
[2014-11-25 08:35:37] DELETE                  /upload/ent1/1/1840118520.01._AA240_SCLZZZZZZZ_.jpg
[2014-11-25 08:35:37] DELETE                  /WEB-INF/descr/ln118.descr
[2014-11-25 08:35:37] DELETE                  /WEB-INF/descr/pwu10att46.descr
[2014-11-25 08:35:37] DELETE                  /upload/ent1/1/0072262788.01._SS500_SCLZZZZZZZ_V1129747535_.jpg
[2014-11-25 08:35:37] DELETE                  /WEB-INF/descr/Cart_MyCart_SubReport.jrxml
[2014-11-25 08:35:37] DELETE                  /WEB-INF/descr/oln109.descr
[2014-11-25 08:35:37] DELETE                  /WEB-INF/descr/kocu7.descr
[2014-11-25 08:35:37] DELETE                  /upload/ent1/1/1401302378.01._AA240_SCLZZZZZZZ_V63383464_.jpg
[2014-11-25 08:35:37] DELETE                  /WEB-INF/descr/kln21.descr
[2014-11-25 08:35:37] DELETE                  /upload/ent1/1/0385514727.01._SS500_SCLZZZZZZZ_V1136588348_.jpg
[2014-11-25 08:35:37] DELETE                  /page74_miu10.jsp
[2014-11-25 08:35:37] DELETE                  /WEB-INF/descr/pwu6Previous.descr
[2014-11-25 08:35:37] DELETE                  /WEB-INF/descr/oln209.descr
[2014-11-25 08:35:37] DELETE                  /upload/ent1/1/0316159778.01._SS500_SCLZZZZZZZ_V1131548358_.jpg
[2014-11-25 08:35:37] DELETE                  /WEB-INF/administration/WRAdminLogin.jsp
[2014-11-25 08:35:37] DELETE                  /WEB-INF/descr/gctu2.descr
[2014-11-25 08:35:37] DELETE                  /upload/ent1/1/1933596538.01._AA240_SCLZZZZZZZ_V54635932_.jpg
[2014-11-25 08:35:37] DELETE                  /WEB-INF/descr/cru4.descr
[2014-11-25 08:35:37] DELETE                  /upload/ent1/1/0131858580.01._SS500_SCLZZZZZZZ_V64076217_.jpg
[2014-11-25 08:35:37] DELETE                  /WEB-INF/descr/oln99.descr
[2014-11-25 08:35:37] DELETE                  /WEB-INF/classes/com/webratio/webapp/cart/Cart.java
[2014-11-25 08:35:37] DELETE                  /WEB-INF/descr/icu70.descr
[2014-11-25 08:35:37] DELETE                  /WEB-INF/descr/ln121.descr
[2014-11-25 08:35:37] DELETE                  /page59_miu1.jsp
[2014-11-25 08:35:37] DELETE                  /WEB-INF/classes/com/webratio/webapp/Book_CommentsBean.class
[2014-11-25 08:35:37] DELETE                  /upload/ent1/1/1584794704.01._AA240_SCLZZZZZZZ_.jpg
[2014-11-25 08:35:37] DELETE                  /WEB-INF/descr/ln77.descr
[2014-11-25 08:35:37] DELETE                  /WEB-INF/classes/com/webratio/webapp/cart/Cart.hbm.xml
[2014-11-25 08:35:37] DELETE                  /WEB-INF/descr/miu20.descr
[2014-11-25 08:35:37] DELETE                  /WEB-INF/descr/icu6.descr
[2014-11-25 08:35:37] DELETE                  /WEB-INF/descr/oln77.descr
[2014-11-25 08:35:37] DELETE                  /upload/ent1/1/0789313707.01._SS500_SCLZZZZZZZ_V1129952483_.jpg
[2014-11-25 08:35:37] DELETE                  /WEB-INF/descr/pwu13att72.descr
[2014-11-25 08:35:37] DELETE                  /page58_miu4.jsp
[2014-11-25 08:35:37] DELETE                  /page74_miu10_ajax.jsp
[2014-11-25 08:35:37] DELETE                  /WEB-INF/descr/ln29.descr
[2014-11-25 08:35:37] DELETE                  /WEB-INF/descr/enu21.descr
[2014-11-25 08:35:37] DELETE                  /WEB-INF/administration/WRAdmin.jsp
[2014-11-25 08:35:37] DELETE                  /WEB-INF/classes/com/webratio/webapp/Order_TotalAmountBean.java
[2014-11-25 08:35:37] DELETE                  /WEB-INF/descr/miu7.descr
[2014-11-25 08:35:37] --------------------------------------------
[2014-11-25 08:35:37] Stopping application server
[2014-11-25 08:35:55] Uploading changes (1.0 MB)
[2014-11-25 08:36:02] Starting application server
