[2014-11-25 11:40:07] Uploading application on server [54.229.13.249]
[2014-11-25 11:40:07] Computing changes...
[2014-11-25 11:40:10] Found 17 file(s) changed
[2014-11-25 11:40:10] --------------------------------------------
[2014-11-25 11:40:10] UPDATE                  /WEB-INF/descr/cru1.descr
[2014-11-25 11:40:10] UPDATE                  /page1_ajax.jsp
[2014-11-25 11:40:10] UPDATE                  /WEB-INF/descr/page1.descr
[2014-11-25 11:40:10] UPDATE                  /page5.jsp
[2014-11-25 11:40:10] UPDATE                  /WEB-INF/descr/dau1g.descr
[2014-11-25 11:40:10] UPDATE                  /WEB-INF/descr/dau2g.descr
[2014-11-25 11:40:10] UPDATE                  /WEB-INF/descr/cru9.descr
[2014-11-25 11:40:10] UPDATE                  /WEB-INF/classes/com/webratio/webapp/Usuario.class
[2014-11-25 11:40:10] UPDATE                  /page5_ajax.jsp
[2014-11-25 11:40:10] UPDATE                  /WEB-INF/descr/pwu4.descr
[2014-11-25 11:40:10] UPDATE                  /WEB-INF/descr/_auth.descr
[2014-11-25 11:40:10] UPDATE                  /page1.jsp
[2014-11-25 11:40:10] UPDATE                  /WEB-INF/descr/pwu1.descr
[2014-11-25 11:40:10] UPDATE                  /page16_miu11.jsp
[2014-11-25 11:40:10] UPDATE                  /WEB-INF/classes/com/webratio/webapp/Usuario.hbm.xml
[2014-11-25 11:40:10] UPDATE                  /WEB-INF/classes/com/webratio/webapp/Usuario.java
[2014-11-25 11:40:10] UPDATE          RESTART /WEB-INF/classes/datamodel.xml
[2014-11-25 11:40:10] --------------------------------------------
[2014-11-25 11:40:10] Stopping application server
[2014-11-25 11:40:22] Uploading changes (250.4 KB)
[2014-11-25 11:40:24] Starting application server
